\BOOKMARK [0][-]{section*.1}{List of Tables}{}% 1
\BOOKMARK [0][-]{section*.2}{List of Figures}{}% 2
\BOOKMARK [0][-]{chapter.1}{Constellation Deployment}{}% 3
\BOOKMARK [1][-]{section.1.1}{Launching System}{chapter.1}% 4
\BOOKMARK [1][-]{section.1.2}{First Placement}{chapter.1}% 5
\BOOKMARK [2][-]{subsection.1.2.1}{First Placement logistics}{section.1.2}% 6
\BOOKMARK [2][-]{subsection.1.2.2}{1st Placement In-Orbit Injection Maneuver}{section.1.2}% 7
\BOOKMARK [2][-]{subsection.1.2.3}{Orbit Parameters Calculation}{section.1.2}% 8
\BOOKMARK [3][-]{subsubsection.1.2.3.1}{Plane Order}{subsection.1.2.3}% 9
\BOOKMARK [1][-]{section.1.3}{Replacement Strategy}{chapter.1}% 10
\BOOKMARK [1][-]{section.1.4}{Spare Strategy}{chapter.1}% 11
\BOOKMARK [2][-]{subsection.1.4.1}{Spare Strategy Alternatives}{section.1.4}% 12
\BOOKMARK [2][-]{subsection.1.4.2}{Major failure deffinition}{section.1.4}% 13
\BOOKMARK [2][-]{subsection.1.4.3}{Major failure}{section.1.4}% 14
\BOOKMARK [3][-]{subsubsection.1.4.3.1}{Satellite in range failure}{subsection.1.4.3}% 15
\BOOKMARK [3][-]{subsubsection.1.4.3.2}{Ground station failure}{subsection.1.4.3}% 16
\BOOKMARK [3][-]{subsubsection.1.4.3.3}{Transmitting time failure}{subsection.1.4.3}% 17
\BOOKMARK [2][-]{subsection.1.4.4}{Space Debris}{section.1.4}% 18
\BOOKMARK [2][-]{subsection.1.4.5}{End-of-Life Types and Analysis}{section.1.4}% 19
\BOOKMARK [0][-]{chapter.2}{Bibliography}{}% 20
