\BOOKMARK [0][-]{section*.1}{List of Tables}{}% 1
\BOOKMARK [0][-]{section*.2}{List of Figures}{}% 2
\BOOKMARK [0][-]{chapter.1}{Space Segment Protocol Stack}{}% 3
\BOOKMARK [1][-]{section.1.1}{Layer 2: Data Link}{chapter.1}% 4
\BOOKMARK [2][-]{subsection.1.1.1}{Functions of the DLL}{section.1.1}% 5
\BOOKMARK [2][-]{subsection.1.1.2}{Working procedure}{section.1.1}% 6
\BOOKMARK [3][-]{subsubsection.1.1.2.1}{Simplest Protocol}{subsection.1.1.2}% 7
\BOOKMARK [3][-]{subsubsection.1.1.2.2}{Stop-and-Wait Protocol}{subsection.1.1.2}% 8
\BOOKMARK [3][-]{subsubsection.1.1.2.3}{Stop-and-Wait Automatic Repeat Request}{subsection.1.1.2}% 9
\BOOKMARK [3][-]{subsubsection.1.1.2.4}{Go-Back-N Automatic Repeat Request}{subsection.1.1.2}% 10
\BOOKMARK [3][-]{subsubsection.1.1.2.5}{Selective Repeat Automatic Repeat Request}{subsection.1.1.2}% 11
\BOOKMARK [3][-]{subsubsection.1.1.2.6}{Bidirecional links: Piggybacking}{subsection.1.1.2}% 12
\BOOKMARK [3][-]{subsubsection.1.1.2.7}{Working procedure ranking}{subsection.1.1.2}% 13
\BOOKMARK [2][-]{subsection.1.1.3}{Protocols}{section.1.1}% 14
\BOOKMARK [2][-]{subsection.1.1.4}{TC Space Data Link Protocol}{section.1.1}% 15
\BOOKMARK [2][-]{subsection.1.1.5}{TC Sync and Channel Coding}{section.1.1}% 16
\BOOKMARK [1][-]{section.1.2}{Layer 3: The Network}{chapter.1}% 17
\BOOKMARK [2][-]{subsection.1.2.1}{Functions of the Network Layer}{section.1.2}% 18
\BOOKMARK [2][-]{subsection.1.2.2}{Protocols}{section.1.2}% 19
\BOOKMARK [3][-]{subsubsection.1.2.2.1}{Main protocols}{subsection.1.2.2}% 20
\BOOKMARK [3][-]{subsubsection.1.2.2.2}{Auxiliary protocols}{subsection.1.2.2}% 21
\BOOKMARK [3][-]{subsubsection.1.2.2.3}{Routing protocols}{subsection.1.2.2}% 22
\BOOKMARK [2][-]{subsection.1.2.3}{Protocol Selection}{section.1.2}% 23
\BOOKMARK [3][-]{subsubsection.1.2.3.1}{Choice of the main protocol}{subsection.1.2.3}% 24
\BOOKMARK [3][-]{subsubsection.1.2.3.2}{Choice of routing protocol}{subsection.1.2.3}% 25
\BOOKMARK [3][-]{subsubsection.1.2.3.3}{Choice of complementary protocols}{subsection.1.2.3}% 26
\BOOKMARK [3][-]{subsubsection.1.2.3.4}{Conclusion}{subsection.1.2.3}% 27
\BOOKMARK [2][-]{subsection.1.2.4}{Final structure}{section.1.2}% 28
\BOOKMARK [1][-]{section.1.3}{Layer 4: Transport and Session}{chapter.1}% 29
\BOOKMARK [2][-]{subsection.1.3.1}{User Datagram Protocol \(UDP\)}{section.1.3}% 30
\BOOKMARK [2][-]{subsection.1.3.2}{Stream Control Transmission Protocol \(SCTP\)}{section.1.3}% 31
\BOOKMARK [2][-]{subsection.1.3.3}{ Transmission Control Protocol \(TCP\)}{section.1.3}% 32
\BOOKMARK [3][-]{subsubsection.1.3.3.1}{TCP Services}{subsection.1.3.3}% 33
\BOOKMARK [3][-]{subsubsection.1.3.3.2}{TCP features}{subsection.1.3.3}% 34
\BOOKMARK [2][-]{subsection.1.3.4}{Choice of protocol for the transport layer}{section.1.3}% 35
\BOOKMARK [1][-]{section.1.4}{Global Overview}{chapter.1}% 36
\BOOKMARK [0][-]{chapter.2}{Ground Segment Protocols}{}% 37
\BOOKMARK [1][-]{section.2.1}{Introduction}{chapter.2}% 38
\BOOKMARK [1][-]{section.2.2}{Ground Segment protocols}{chapter.2}% 39
\BOOKMARK [2][-]{subsection.2.2.1}{File Transfer Protocol \(FTP\)}{section.2.2}% 40
\BOOKMARK [2][-]{subsection.2.2.2}{Secure Shell \(SSH\)}{section.2.2}% 41
\BOOKMARK [2][-]{subsection.2.2.3}{Simple Mail Transfer Protocol \(SMTP\)}{section.2.2}% 42
\BOOKMARK [2][-]{subsection.2.2.4}{Hypertext Transfer Protocol \(HTTP\)}{section.2.2}% 43
\BOOKMARK [2][-]{subsection.2.2.5}{Transport Layer Security \(TLS\)}{section.2.2}% 44
\BOOKMARK [2][-]{subsection.2.2.6}{Hypertext Transfer Protocol Secure \(HTTPS\)}{section.2.2}% 45
\BOOKMARK [1][-]{section.2.3}{Conclusions}{chapter.2}% 46
\BOOKMARK [0][-]{chapter.3}{Design of the Ground Segment}{}% 47
\BOOKMARK [1][-]{section.3.1}{Study of localization of Ground Stations}{chapter.3}% 48
\BOOKMARK [2][-]{subsection.3.1.1}{Latitude analysis}{section.3.1}% 49
\BOOKMARK [2][-]{subsection.3.1.2}{Longitude analysis}{section.3.1}% 50
\BOOKMARK [1][-]{section.3.2}{Study of annual costs}{chapter.3}% 51
\BOOKMARK [2][-]{subsection.3.2.1}{Energy and Maintenance}{section.3.2}% 52
\BOOKMARK [3][-]{subsubsection.3.2.1.1}{Mission Control Center}{subsection.3.2.1}% 53
\BOOKMARK [3][-]{subsubsection.3.2.1.2}{Ground Stations}{subsection.3.2.1}% 54
\BOOKMARK [2][-]{subsection.3.2.2}{Salaries}{section.3.2}% 55
\BOOKMARK [1][-]{section.3.3}{Study of initial investment}{chapter.3}% 56
\BOOKMARK [1][-]{section.3.4}{List of existing Ground Stations}{chapter.3}% 57
\BOOKMARK [2][-]{subsection.3.4.1}{ESA Ground Stations}{section.3.4}% 58
\BOOKMARK [2][-]{subsection.3.4.2}{KSAT Ground Stations}{section.3.4}% 59
\BOOKMARK [2][-]{subsection.3.4.3}{NASA Ground Stations}{section.3.4}% 60
\BOOKMARK [2][-]{subsection.3.4.4}{SSC Ground Stations}{section.3.4}% 61
\BOOKMARK [2][-]{subsection.3.4.5}{Other Ground Stations}{section.3.4}% 62
\BOOKMARK [1][-]{section.3.5}{Decision taking}{chapter.3}% 63
\BOOKMARK [2][-]{subsection.3.5.1}{Availability}{section.3.5}% 64
\BOOKMARK [3][-]{subsubsection.3.5.1.1}{Building a ground station}{subsection.3.5.1}% 65
\BOOKMARK [3][-]{subsubsection.3.5.1.2}{Renting a ground station}{subsection.3.5.1}% 66
\BOOKMARK [2][-]{subsection.3.5.2}{Cost}{section.3.5}% 67
\BOOKMARK [3][-]{subsubsection.3.5.2.1}{Building a ground station}{subsection.3.5.2}% 68
\BOOKMARK [3][-]{subsubsection.3.5.2.2}{Renting a ground station}{subsection.3.5.2}% 69
\BOOKMARK [2][-]{subsection.3.5.3}{Position}{section.3.5}% 70
\BOOKMARK [3][-]{subsubsection.3.5.3.1}{Building a ground station}{subsection.3.5.3}% 71
\BOOKMARK [3][-]{subsubsection.3.5.3.2}{Renting a ground station}{subsection.3.5.3}% 72
\BOOKMARK [2][-]{subsection.3.5.4}{Ease to improve}{section.3.5}% 73
\BOOKMARK [3][-]{subsubsection.3.5.4.1}{Building a ground station}{subsection.3.5.4}% 74
\BOOKMARK [3][-]{subsubsection.3.5.4.2}{Renting a ground station}{subsection.3.5.4}% 75
\BOOKMARK [2][-]{subsection.3.5.5}{Decision}{section.3.5}% 76
\BOOKMARK [0][-]{chapter.4}{Bibliography}{}% 77
