    0.0 1.257E-03
    0.5 1.188E-03
    1.0 1.125E-03
    1.5 1.067E-03
    2.0 1.013E-03
    2.5 9.624E-04
    3.0 9.147E-04
    3.5 8.695E-04
    4.0 8.264E-04
    4.5 7.852E-04
    5.0 7.456E-04
    5.5 7.075E-04
    6.0 6.707E-04
    6.5 6.351E-04
    7.0 6.006E-04
    7.5 5.671E-04
    8.0 5.348E-04
    8.5 5.035E-04
    9.0 4.732E-04
    9.5 4.440E-04
   10.0 4.158E-04
   10.5 3.888E-04
   11.0 3.629E-04
   11.5 3.382E-04
   12.0 3.148E-04
   12.5 2.927E-04
   13.0 2.719E-04
   13.5 2.524E-04
   14.0 2.341E-04
   14.5 2.170E-04
   15.0 2.010E-04
   15.5 1.862E-04
   16.0 1.724E-04
   16.5 1.596E-04
   17.0 1.477E-04
   17.5 1.366E-04
   18.0 1.264E-04
   18.5 1.169E-04
   19.0 1.082E-04
   19.5 1.001E-04
   20.0 9.256E-05
   20.5 8.563E-05
   21.0 7.922E-05
   21.5 7.330E-05
   22.0 6.782E-05
   22.5 6.276E-05
   23.0 5.808E-05
   23.5 5.375E-05
   24.0 4.974E-05
   24.5 4.604E-05
   25.0 4.261E-05
   25.5 3.945E-05
   26.0 3.651E-05
   26.5 3.380E-05
   27.0 3.130E-05
   27.5 2.898E-05
   28.0 2.683E-05
   28.5 2.485E-05
   29.0 2.301E-05
   29.5 2.131E-05
   30.0 1.974E-05
   30.5 1.829E-05
   31.0 1.694E-05
   31.5 1.570E-05
   32.0 1.454E-05
   32.5 1.348E-05
   33.0 1.250E-05
   33.5 1.159E-05
   34.0 1.076E-05
   34.5 9.990E-06
   35.0 9.282E-06
   35.5 8.630E-06
   36.0 8.028E-06
   36.5 7.472E-06
   37.0 6.959E-06
   37.5 6.484E-06
   38.0 6.046E-06
   38.5 5.640E-06
   39.0 5.264E-06
   39.5 4.916E-06
   40.0 4.593E-06
   40.5 4.294E-06
   41.0 4.016E-06
   41.5 3.759E-06
   42.0 3.519E-06
   42.5 3.297E-06
   43.0 3.090E-06
   43.5 2.897E-06
   44.0 2.718E-06
   44.5 2.551E-06
   45.0 2.395E-06
   45.5 2.250E-06
   46.0 2.115E-06
   46.5 1.988E-06
   47.0 1.870E-06
   47.5 1.759E-06
   48.0 1.656E-06
   48.5 1.559E-06
   49.0 1.468E-06
   49.5 1.383E-06
   50.0 1.303E-06
   50.5 1.228E-06
   51.0 1.157E-06
   51.5 1.091E-06
   52.0 1.029E-06
   52.5 9.702E-07
   53.0 9.149E-07
   53.5 8.629E-07
   54.0 8.139E-07
   54.5 7.677E-07
   55.0 7.241E-07
   55.5 6.830E-07
   56.0 6.441E-07
   56.5 6.075E-07
   57.0 5.729E-07
   57.5 5.401E-07
   58.0 5.092E-07
   58.5 4.800E-07
   59.0 4.523E-07
   59.5 4.262E-07
   60.0 4.014E-07
   60.5 3.780E-07
   61.0 3.559E-07
   61.5 3.350E-07
   62.0 3.151E-07
   62.5 2.964E-07
   63.0 2.787E-07
   63.5 2.619E-07
   64.0 2.460E-07
   64.5 2.310E-07
   65.0 2.169E-07
   65.5 2.034E-07
   66.0 1.908E-07
   66.5 1.788E-07
   67.0 1.675E-07
   67.5 1.568E-07
   68.0 1.468E-07
   68.5 1.373E-07
   69.0 1.283E-07
   69.5 1.199E-07
   70.0 1.119E-07
   70.5 1.044E-07
   71.0 9.737E-08
   71.5 9.073E-08
   72.0 8.450E-08
   72.5 7.864E-08
   73.0 7.332E-08
   73.5 6.827E-08
   74.0 6.357E-08
   74.5 5.920E-08
   75.0 5.512E-08
   75.5 5.129E-08
   76.0 4.770E-08
   76.5 4.432E-08
   77.0 4.114E-08
   77.5 3.815E-08
   78.0 3.532E-08
   78.5 3.267E-08
   79.0 3.016E-08
   79.5 2.781E-08
   80.0 2.560E-08
   80.5 2.352E-08
   81.0 2.157E-08
   81.5 1.975E-08
   82.0 1.805E-08
   82.5 1.646E-08
   83.0 1.499E-08
   83.5 1.362E-08
   84.0 1.236E-08
   84.5 1.119E-08
   85.0 1.012E-08
   85.5 9.130E-09
   86.0 8.226E-09
   86.5 7.399E-09
   87.0 6.645E-09
   87.5 5.960E-09
   88.0 5.337E-09
   88.5 4.774E-09
   89.0 4.264E-09
   89.5 3.805E-09
   90.0 3.392E-09
   90.5 3.020E-09
   91.0 2.687E-09
   91.5 2.390E-09
   92.0 2.125E-09
   92.5 1.890E-09
   93.0 1.681E-09
   93.5 1.496E-09
   94.0 1.331E-09
   94.5 1.186E-09
   95.0 1.058E-09
   95.5 9.441E-10
   96.0 8.438E-10
   96.5 7.551E-10
   97.0 6.767E-10
   97.5 6.075E-10
   98.0 5.462E-10
   98.5 4.921E-10
   99.0 4.442E-10
   99.5 4.019E-10
  100.0 3.644E-10
  100.5 3.311E-10
  101.0 3.016E-10
  101.5 2.753E-10
  102.0 2.517E-10
  102.5 2.306E-10
  103.0 2.117E-10
  103.5 1.945E-10
  104.0 1.790E-10
  104.5 1.650E-10
  105.0 1.522E-10
  105.5 1.405E-10
  106.0 1.299E-10
  106.5 1.201E-10
  107.0 1.112E-10
  107.5 1.030E-10
  108.0 9.539E-11
  108.5 8.839E-11
  109.0 8.192E-11
  109.5 7.594E-11
  110.0 7.039E-11
  110.5 6.524E-11
  111.0 6.047E-11
  111.5 5.605E-11
  112.0 5.196E-11
  112.5 4.818E-11
  113.0 4.469E-11
  113.5 4.147E-11
  114.0 3.849E-11
  114.5 3.575E-11
  115.0 3.322E-11
  115.5 3.089E-11
  116.0 2.874E-11
  116.5 2.677E-11
  117.0 2.495E-11
  117.5 2.327E-11
  118.0 2.173E-11
  118.5 2.031E-11
  119.0 1.901E-11
  119.5 1.781E-11
  120.0 1.671E-11
  120.5 1.570E-11
  121.0 1.478E-11
  121.5 1.393E-11
  122.0 1.315E-11
  122.5 1.244E-11
  123.0 1.180E-11
  123.5 1.120E-11
  124.0 1.064E-11
  124.5 1.012E-11
  125.0 9.630E-12
  125.5 9.173E-12
  126.0 8.744E-12
  126.5 8.342E-12
  127.0 7.965E-12
  127.5 7.610E-12
  128.0 7.276E-12
  128.5 6.962E-12
  129.0 6.665E-12
  129.5 6.385E-12
  130.0 6.121E-12
  130.5 5.871E-12
  131.0 5.634E-12
  131.5 5.410E-12
  132.0 5.198E-12
  132.5 4.996E-12
  133.0 4.805E-12
  133.5 4.623E-12
  134.0 4.450E-12
  134.5 4.286E-12
  135.0 4.130E-12
  135.5 3.981E-12
  136.0 3.839E-12
  136.5 3.703E-12
  137.0 3.574E-12
  137.5 3.451E-12
  138.0 3.333E-12
  138.5 3.220E-12
  139.0 3.112E-12
  139.5 3.009E-12
  140.0 2.910E-12
  140.5 2.815E-12
  141.0 2.725E-12
  141.5 2.638E-12
  142.0 2.554E-12
  142.5 2.474E-12
  143.0 2.398E-12
  143.5 2.324E-12
  144.0 2.253E-12
  144.5 2.185E-12
  145.0 2.119E-12
  145.5 2.056E-12
  146.0 1.995E-12
  146.5 1.937E-12
  147.0 1.880E-12
  147.5 1.826E-12
  148.0 1.774E-12
  148.5 1.724E-12
  149.0 1.675E-12
  149.5 1.628E-12
  150.0 1.583E-12
  150.5 1.539E-12
  151.0 1.497E-12
  151.5 1.456E-12
  152.0 1.417E-12
  152.5 1.379E-12
  153.0 1.342E-12
  153.5 1.307E-12
  154.0 1.272E-12
  154.5 1.239E-12
  155.0 1.207E-12
  155.5 1.176E-12
  156.0 1.145E-12
  156.5 1.116E-12
  157.0 1.088E-12
  157.5 1.060E-12
  158.0 1.034E-12
  158.5 1.008E-12
  159.0 9.831E-13
  159.5 9.588E-13
  160.0 9.353E-13
  160.5 9.125E-13
  161.0 8.904E-13
  161.5 8.689E-13
  162.0 8.481E-13
  162.5 8.278E-13
  163.0 8.082E-13
  163.5 7.891E-13
  164.0 7.705E-13
  164.5 7.525E-13
  165.0 7.350E-13
  165.5 7.180E-13
  166.0 7.014E-13
  166.5 6.853E-13
  167.0 6.697E-13
  167.5 6.545E-13
  168.0 6.397E-13
  168.5 6.253E-13
  169.0 6.112E-13
  169.5 5.976E-13
  170.0 5.843E-13
  170.5 5.714E-13
  171.0 5.588E-13
  171.5 5.465E-13
  172.0 5.346E-13
  172.5 5.230E-13
  173.0 5.116E-13
  173.5 5.006E-13
  174.0 4.898E-13
  174.5 4.793E-13
  175.0 4.691E-13
  175.5 4.591E-13
  176.0 4.494E-13
  176.5 4.399E-13
  177.0 4.307E-13
  177.5 4.217E-13
  178.0 4.129E-13
  178.5 4.043E-13
  179.0 3.960E-13
  179.5 3.878E-13
  180.0 3.798E-13
  180.5 3.720E-13
  181.0 3.645E-13
  181.5 3.570E-13
  182.0 3.498E-13
  182.5 3.427E-13
  183.0 3.358E-13
  183.5 3.291E-13
  184.0 3.225E-13
  184.5 3.161E-13
  185.0 3.098E-13
  185.5 3.037E-13
  186.0 2.977E-13
  186.5 2.918E-13
  187.0 2.861E-13
  187.5 2.805E-13
  188.0 2.750E-13
  188.5 2.697E-13
  189.0 2.645E-13
  189.5 2.594E-13
  190.0 2.544E-13
  190.5 2.495E-13
  191.0 2.447E-13
  191.5 2.400E-13
  192.0 2.355E-13
  192.5 2.310E-13
  193.0 2.266E-13
  193.5 2.223E-13
  194.0 2.182E-13
  194.5 2.141E-13
  195.0 2.100E-13
  195.5 2.061E-13
  196.0 2.023E-13
  196.5 1.985E-13
  197.0 1.949E-13
  197.5 1.913E-13
  198.0 1.877E-13
  198.5 1.843E-13
  199.0 1.809E-13
  199.5 1.776E-13
  200.0 1.744E-13
  200.5 1.712E-13
  201.0 1.681E-13
  201.5 1.650E-13
  202.0 1.621E-13
  202.5 1.591E-13
  203.0 1.563E-13
  203.5 1.535E-13
  204.0 1.507E-13
  204.5 1.480E-13
  205.0 1.454E-13
  205.5 1.428E-13
  206.0 1.403E-13
  206.5 1.378E-13
  207.0 1.354E-13
  207.5 1.330E-13
  208.0 1.307E-13
  208.5 1.284E-13
  209.0 1.261E-13
  209.5 1.239E-13
  210.0 1.218E-13
  210.5 1.197E-13
  211.0 1.176E-13
  211.5 1.156E-13
  212.0 1.136E-13
  212.5 1.116E-13
  213.0 1.097E-13
  213.5 1.078E-13
  214.0 1.060E-13
  214.5 1.042E-13
  215.0 1.024E-13
  215.5 1.007E-13
  216.0 9.894E-14
  216.5 9.727E-14
  217.0 9.563E-14
  217.5 9.402E-14
  218.0 9.244E-14
  218.5 9.088E-14
  219.0 8.936E-14
  219.5 8.787E-14
  220.0 8.640E-14
  220.5 8.497E-14
  221.0 8.355E-14
  221.5 8.217E-14
  222.0 8.081E-14
  222.5 7.947E-14
  223.0 7.816E-14
  223.5 7.688E-14
  224.0 7.562E-14
  224.5 7.438E-14
  225.0 7.316E-14
  225.5 7.197E-14
  226.0 7.079E-14
  226.5 6.964E-14
  227.0 6.851E-14
  227.5 6.740E-14
  228.0 6.631E-14
  228.5 6.524E-14
  229.0 6.419E-14
  229.5 6.316E-14
  230.0 6.214E-14
  230.5 6.115E-14
  231.0 6.017E-14
  231.5 5.921E-14
  232.0 5.827E-14
  232.5 5.734E-14
  233.0 5.643E-14
  233.5 5.553E-14
  234.0 5.466E-14
  234.5 5.379E-14
  235.0 5.294E-14
  235.5 5.211E-14
  236.0 5.129E-14
  236.5 5.049E-14
  237.0 4.970E-14
  237.5 4.892E-14
  238.0 4.816E-14
  238.5 4.741E-14
  239.0 4.667E-14
  239.5 4.595E-14
  240.0 4.524E-14
  240.5 4.454E-14
  241.0 4.385E-14
  241.5 4.317E-14
  242.0 4.251E-14
  242.5 4.186E-14
  243.0 4.121E-14
  243.5 4.058E-14
  244.0 3.996E-14
  244.5 3.935E-14
  245.0 3.875E-14
  245.5 3.817E-14
  246.0 3.759E-14
  246.5 3.702E-14
  247.0 3.646E-14
  247.5 3.591E-14
  248.0 3.536E-14
  248.5 3.483E-14
  249.0 3.431E-14
  249.5 3.379E-14
  250.0 3.329E-14
  250.5 3.279E-14
  251.0 3.230E-14
  251.5 3.182E-14
  252.0 3.135E-14
  252.5 3.088E-14
  253.0 3.042E-14
  253.5 2.997E-14
  254.0 2.953E-14
  254.5 2.909E-14
  255.0 2.866E-14
  255.5 2.824E-14
  256.0 2.783E-14
  256.5 2.742E-14
  257.0 2.702E-14
  257.5 2.662E-14
  258.0 2.623E-14
  258.5 2.585E-14
  259.0 2.548E-14
  259.5 2.511E-14
  260.0 2.474E-14
  260.5 2.438E-14
  261.0 2.403E-14
  261.5 2.368E-14
  262.0 2.334E-14
  262.5 2.301E-14
  263.0 2.268E-14
  263.5 2.235E-14
  264.0 2.203E-14
  264.5 2.172E-14
  265.0 2.141E-14
  265.5 2.110E-14
  266.0 2.080E-14
  266.5 2.050E-14
  267.0 2.021E-14
  267.5 1.993E-14
  268.0 1.964E-14
  268.5 1.937E-14
  269.0 1.909E-14
  269.5 1.883E-14
  270.0 1.856E-14
  270.5 1.830E-14
  271.0 1.804E-14
  271.5 1.779E-14
  272.0 1.754E-14
  272.5 1.730E-14
  273.0 1.706E-14
  273.5 1.682E-14
  274.0 1.658E-14
  274.5 1.635E-14
  275.0 1.613E-14
  275.5 1.591E-14
  276.0 1.569E-14
  276.5 1.547E-14
  277.0 1.526E-14
  277.5 1.505E-14
  278.0 1.484E-14
  278.5 1.464E-14
  279.0 1.444E-14
  279.5 1.424E-14
  280.0 1.404E-14
  280.5 1.385E-14
  281.0 1.366E-14
  281.5 1.348E-14
  282.0 1.330E-14
  282.5 1.312E-14
  283.0 1.294E-14
  283.5 1.276E-14
  284.0 1.259E-14
  284.5 1.242E-14
  285.0 1.225E-14
  285.5 1.209E-14
  286.0 1.193E-14
  286.5 1.177E-14
  287.0 1.161E-14
  287.5 1.146E-14
  288.0 1.130E-14
  288.5 1.115E-14
  289.0 1.100E-14
  289.5 1.086E-14
  290.0 1.071E-14
  290.5 1.057E-14
  291.0 1.043E-14
  291.5 1.029E-14
  292.0 1.016E-14
  292.5 1.002E-14
  293.0 9.893E-15
  293.5 9.763E-15
  294.0 9.635E-15
  294.5 9.509E-15
  295.0 9.385E-15
  295.5 9.262E-15
  296.0 9.141E-15
  296.5 9.022E-15
  297.0 8.905E-15
  297.5 8.789E-15
  298.0 8.675E-15
  298.5 8.563E-15
  299.0 8.452E-15
  299.5 8.343E-15
  300.0 8.240E-15
  300.5 8.134E-15
  301.0 8.029E-15
  301.5 7.926E-15
  302.0 7.825E-15
  302.5 7.724E-15
  303.0 7.625E-15
  303.5 7.528E-15
  304.0 7.432E-15
  304.5 7.337E-15
  305.0 7.244E-15
  305.5 7.152E-15
  306.0 7.061E-15
  306.5 6.971E-15
  307.0 6.883E-15
  307.5 6.796E-15
  308.0 6.710E-15
  308.5 6.626E-15
  309.0 6.542E-15
  309.5 6.460E-15
  310.0 6.379E-15
  310.5 6.299E-15
  311.0 6.220E-15
  311.5 6.142E-15
  312.0 6.065E-15
  312.5 5.990E-15
  313.0 5.915E-15
  313.5 5.841E-15
  314.0 5.769E-15
  314.5 5.697E-15
  315.0 5.626E-15
  315.5 5.557E-15
  316.0 5.488E-15
  316.5 5.420E-15
  317.0 5.353E-15
  317.5 5.287E-15
  318.0 5.222E-15
  318.5 5.158E-15
  319.0 5.095E-15
  319.5 5.032E-15
  320.0 4.971E-15
  320.5 4.910E-15
  321.0 4.850E-15
  321.5 4.791E-15
  322.0 4.732E-15
  322.5 4.675E-15
  323.0 4.618E-15
  323.5 4.562E-15
  324.0 4.507E-15
  324.5 4.452E-15
  325.0 4.398E-15
  325.5 4.345E-15
  326.0 4.293E-15
  326.5 4.241E-15
  327.0 4.190E-15
  327.5 4.140E-15
  328.0 4.090E-15
  328.5 4.041E-15
  329.0 3.992E-15
  329.5 3.945E-15
  330.0 3.897E-15
  330.5 3.851E-15
  331.0 3.805E-15
  331.5 3.760E-15
  332.0 3.715E-15
  332.5 3.671E-15
  333.0 3.627E-15
  333.5 3.584E-15
  334.0 3.542E-15
  334.5 3.500E-15
  335.0 3.459E-15
  335.5 3.418E-15
  336.0 3.378E-15
  336.5 3.338E-15
  337.0 3.299E-15
  337.5 3.260E-15
  338.0 3.222E-15
  338.5 3.184E-15
  339.0 3.147E-15
  339.5 3.110E-15
  340.0 3.073E-15
  340.5 3.038E-15
  341.0 3.002E-15
  341.5 2.967E-15
  342.0 2.933E-15
  342.5 2.899E-15
  343.0 2.865E-15
  343.5 2.832E-15
  344.0 2.799E-15
  344.5 2.767E-15
  345.0 2.735E-15
  345.5 2.703E-15
  346.0 2.672E-15
  346.5 2.641E-15
  347.0 2.611E-15
  347.5 2.581E-15
  348.0 2.551E-15
  348.5 2.522E-15
  349.0 2.493E-15
  349.5 2.465E-15
  350.0 2.436E-15
  350.5 2.409E-15
  351.0 2.381E-15
  351.5 2.354E-15
  352.0 2.327E-15
  352.5 2.301E-15
  353.0 2.275E-15
  353.5 2.249E-15
  354.0 2.223E-15
  354.5 2.198E-15
  355.0 2.173E-15
  355.5 2.149E-15
  356.0 2.124E-15
  356.5 2.100E-15
  357.0 2.077E-15
  357.5 2.053E-15
  358.0 2.030E-15
  358.5 2.008E-15
  359.0 1.985E-15
  359.5 1.963E-15
  360.0 1.941E-15
  360.5 1.919E-15
  361.0 1.898E-15
  361.5 1.876E-15
  362.0 1.856E-15
  362.5 1.835E-15
  363.0 1.814E-15
  363.5 1.794E-15
  364.0 1.774E-15
  364.5 1.755E-15
  365.0 1.735E-15
  365.5 1.716E-15
  366.0 1.697E-15
  366.5 1.678E-15
  367.0 1.660E-15
  367.5 1.641E-15
  368.0 1.623E-15
  368.5 1.605E-15
  369.0 1.588E-15
  369.5 1.570E-15
  370.0 1.553E-15
  370.5 1.536E-15
  371.0 1.519E-15
  371.5 1.502E-15
  372.0 1.486E-15
  372.5 1.470E-15
  373.0 1.454E-15
  373.5 1.438E-15
  374.0 1.422E-15
  374.5 1.406E-15
  375.0 1.391E-15
  375.5 1.376E-15
  376.0 1.361E-15
  376.5 1.346E-15
  377.0 1.332E-15
  377.5 1.317E-15
  378.0 1.303E-15
  378.5 1.289E-15
  379.0 1.275E-15
  379.5 1.261E-15
  380.0 1.247E-15
  380.5 1.234E-15
  381.0 1.221E-15
  381.5 1.208E-15
  382.0 1.195E-15
  382.5 1.182E-15
  383.0 1.169E-15
  383.5 1.156E-15
  384.0 1.144E-15
  384.5 1.132E-15
  385.0 1.120E-15
  385.5 1.108E-15
  386.0 1.096E-15
  386.5 1.084E-15
  387.0 1.073E-15
  387.5 1.061E-15
  388.0 1.050E-15
  388.5 1.039E-15
  389.0 1.028E-15
  389.5 1.017E-15
  390.0 1.006E-15
  390.5 9.952E-16
  391.0 9.847E-16
  391.5 9.742E-16
  392.0 9.639E-16
  392.5 9.537E-16
  393.0 9.436E-16
  393.5 9.336E-16
  394.0 9.238E-16
  394.5 9.140E-16
  395.0 9.044E-16
  395.5 8.949E-16
  396.0 8.855E-16
  396.5 8.761E-16
  397.0 8.669E-16
  397.5 8.578E-16
  398.0 8.488E-16
  398.5 8.399E-16
  399.0 8.311E-16
  399.5 8.224E-16
  400.0 8.138E-16
  400.5 8.028E-16
  401.0 7.944E-16
  401.5 7.862E-16
  402.0 7.780E-16
  402.5 7.699E-16
  403.0 7.619E-16
  403.5 7.540E-16
  404.0 7.461E-16
  404.5 7.384E-16
  405.0 7.307E-16
  405.5 7.232E-16
  406.0 7.157E-16
  406.5 7.083E-16
  407.0 7.010E-16
  407.5 6.937E-16
  408.0 6.866E-16
  408.5 6.795E-16
  409.0 6.725E-16
  409.5 6.655E-16
  410.0 6.587E-16
  410.5 6.519E-16
  411.0 6.452E-16
  411.5 6.386E-16
  412.0 6.320E-16
  412.5 6.255E-16
  413.0 6.191E-16
  413.5 6.128E-16
  414.0 6.065E-16
  414.5 6.003E-16
  415.0 5.942E-16
  415.5 5.881E-16
  416.0 5.821E-16
  416.5 5.761E-16
  417.0 5.703E-16
  417.5 5.644E-16
  418.0 5.587E-16
  418.5 5.530E-16
  419.0 5.474E-16
  419.5 5.418E-16
  420.0 5.363E-16
  420.5 5.308E-16
  421.0 5.254E-16
  421.5 5.201E-16
  422.0 5.148E-16
  422.5 5.096E-16
  423.0 5.045E-16
  423.5 4.994E-16
  424.0 4.943E-16
  424.5 4.893E-16
  425.0 4.844E-16
  425.5 4.795E-16
  426.0 4.746E-16
  426.5 4.698E-16
  427.0 4.651E-16
  427.5 4.604E-16
  428.0 4.558E-16
  428.5 4.512E-16
  429.0 4.467E-16
  429.5 4.422E-16
  430.0 4.377E-16
  430.5 4.333E-16
  431.0 4.290E-16
  431.5 4.247E-16
  432.0 4.204E-16
  432.5 4.162E-16
  433.0 4.120E-16
  433.5 4.079E-16
  434.0 4.038E-16
  434.5 3.998E-16
  435.0 3.958E-16
  435.5 3.919E-16
  436.0 3.879E-16
  436.5 3.841E-16
  437.0 3.802E-16
  437.5 3.765E-16
  438.0 3.727E-16
  438.5 3.690E-16
  439.0 3.653E-16
  439.5 3.617E-16
  440.0 3.581E-16
  440.5 3.545E-16
  441.0 3.510E-16
  441.5 3.475E-16
  442.0 3.441E-16
  442.5 3.407E-16
  443.0 3.373E-16
  443.5 3.340E-16
  444.0 3.307E-16
  444.5 3.274E-16
  445.0 3.242E-16
  445.5 3.210E-16
  446.0 3.178E-16
  446.5 3.146E-16
  447.0 3.115E-16
  447.5 3.085E-16
  448.0 3.054E-16
  448.5 3.024E-16
  449.0 2.994E-16
  449.5 2.965E-16
  450.0 2.936E-16
  450.5 2.907E-16
  451.0 2.878E-16
  451.5 2.850E-16
  452.0 2.822E-16
  452.5 2.794E-16
  453.0 2.767E-16
  453.5 2.740E-16
  454.0 2.713E-16
  454.5 2.686E-16
  455.0 2.660E-16
  455.5 2.634E-16
  456.0 2.608E-16
  456.5 2.583E-16
  457.0 2.558E-16
  457.5 2.533E-16
  458.0 2.508E-16
  458.5 2.484E-16
  459.0 2.459E-16
  459.5 2.435E-16
  460.0 2.412E-16
  460.5 2.388E-16
  461.0 2.365E-16
  461.5 2.342E-16
  462.0 2.319E-16
  462.5 2.297E-16
  463.0 2.274E-16
  463.5 2.252E-16
  464.0 2.230E-16
  464.5 2.209E-16
  465.0 2.187E-16
  465.5 2.166E-16
  466.0 2.145E-16
  466.5 2.124E-16
  467.0 2.104E-16
  467.5 2.084E-16
  468.0 2.063E-16
  468.5 2.043E-16
  469.0 2.024E-16
  469.5 2.004E-16
  470.0 1.985E-16
  470.5 1.966E-16
  471.0 1.947E-16
  471.5 1.928E-16
  472.0 1.909E-16
  472.5 1.891E-16
  473.0 1.873E-16
  473.5 1.855E-16
  474.0 1.837E-16
  474.5 1.819E-16
  475.0 1.802E-16
  475.5 1.785E-16
  476.0 1.767E-16
  476.5 1.751E-16
  477.0 1.734E-16
  477.5 1.717E-16
  478.0 1.701E-16
  478.5 1.684E-16
  479.0 1.668E-16
  479.5 1.652E-16
  480.0 1.637E-16
  480.5 1.621E-16
  481.0 1.605E-16
  481.5 1.590E-16
  482.0 1.575E-16
  482.5 1.560E-16
  483.0 1.545E-16
  483.5 1.530E-16
  484.0 1.516E-16
  484.5 1.501E-16
  485.0 1.487E-16
  485.5 1.473E-16
  486.0 1.459E-16
  486.5 1.445E-16
  487.0 1.431E-16
  487.5 1.418E-16
  488.0 1.404E-16
  488.5 1.391E-16
  489.0 1.378E-16
  489.5 1.365E-16
  490.0 1.352E-16
  490.5 1.339E-16
  491.0 1.326E-16
  491.5 1.314E-16
  492.0 1.301E-16
  492.5 1.289E-16
  493.0 1.277E-16
  493.5 1.265E-16
  494.0 1.253E-16
  494.5 1.241E-16
  495.0 1.229E-16
  495.5 1.218E-16
  496.0 1.206E-16
  496.5 1.195E-16
  497.0 1.183E-16
  497.5 1.172E-16
  498.0 1.161E-16
  498.5 1.150E-16
  499.0 1.140E-16
  499.5 1.129E-16
