  500.0 1.118E-16
  500.5 1.108E-16
  501.0 1.097E-16
  501.5 1.087E-16
  502.0 1.077E-16
  502.5 1.067E-16
  503.0 1.057E-16
  503.5 1.047E-16
  504.0 1.037E-16
  504.5 1.027E-16
  505.0 1.018E-16
  505.5 1.008E-16
  506.0 9.988E-17
  506.5 9.894E-17
  507.0 9.802E-17
  507.5 9.710E-17
  508.0 9.620E-17
  508.5 9.530E-17
  509.0 9.441E-17
  509.5 9.353E-17
  510.0 9.266E-17
  510.5 9.180E-17
  511.0 9.094E-17
  511.5 9.010E-17
  512.0 8.926E-17
  512.5 8.843E-17
  513.0 8.761E-17
  513.5 8.679E-17
  514.0 8.599E-17
  514.5 8.519E-17
  515.0 8.440E-17
  515.5 8.362E-17
  516.0 8.284E-17
  516.5 8.208E-17
  517.0 8.132E-17
  517.5 8.056E-17
  518.0 7.982E-17
  518.5 7.908E-17
  519.0 7.835E-17
  519.5 7.762E-17
  520.0 7.691E-17
  520.5 7.620E-17
  521.0 7.549E-17
  521.5 7.480E-17
  522.0 7.411E-17
  522.5 7.343E-17
  523.0 7.275E-17
  523.5 7.208E-17
  524.0 7.142E-17
  524.5 7.076E-17
  525.0 7.011E-17
  525.5 6.946E-17
  526.0 6.883E-17
  526.5 6.819E-17
  527.0 6.757E-17
  527.5 6.695E-17
  528.0 6.633E-17
  528.5 6.572E-17
  529.0 6.512E-17
  529.5 6.453E-17
  530.0 6.394E-17
  530.5 6.335E-17
  531.0 6.277E-17
  531.5 6.220E-17
  532.0 6.163E-17
  532.5 6.107E-17
  533.0 6.051E-17
  533.5 5.996E-17
  534.0 5.941E-17
  534.5 5.887E-17
  535.0 5.833E-17
  535.5 5.780E-17
  536.0 5.727E-17
  536.5 5.675E-17
  537.0 5.623E-17
  537.5 5.572E-17
  538.0 5.522E-17
  538.5 5.472E-17
  539.0 5.422E-17
  539.5 5.373E-17
  540.0 5.324E-17
  540.5 5.276E-17
  541.0 5.228E-17
  541.5 5.180E-17
  542.0 5.133E-17
  542.5 5.087E-17
  543.0 5.041E-17
  543.5 4.995E-17
  544.0 4.950E-17
  544.5 4.906E-17
  545.0 4.861E-17
  545.5 4.817E-17
  546.0 4.774E-17
  546.5 4.731E-17
  547.0 4.688E-17
  547.5 4.646E-17
  548.0 4.604E-17
  548.5 4.563E-17
  549.0 4.522E-17
  549.5 4.481E-17
  550.0 4.441E-17
  550.5 4.401E-17
  551.0 4.361E-17
  551.5 4.322E-17
  552.0 4.283E-17
  552.5 4.245E-17
  553.0 4.207E-17
  553.5 4.169E-17
  554.0 4.132E-17
  554.5 4.095E-17
  555.0 4.058E-17
  555.5 4.022E-17
  556.0 3.986E-17
  556.5 3.950E-17
  557.0 3.915E-17
  557.5 3.880E-17
  558.0 3.846E-17
  558.5 3.811E-17
  559.0 3.777E-17
  559.5 3.744E-17
  560.0 3.710E-17
  560.5 3.677E-17
  561.0 3.645E-17
  561.5 3.612E-17
  562.0 3.580E-17
  562.5 3.549E-17
  563.0 3.517E-17
  563.5 3.486E-17
  564.0 3.455E-17
  564.5 3.424E-17
  565.0 3.394E-17
  565.5 3.364E-17
  566.0 3.334E-17
  566.5 3.305E-17
  567.0 3.276E-17
  567.5 3.247E-17
  568.0 3.218E-17
  568.5 3.190E-17
  569.0 3.161E-17
  569.5 3.134E-17
  570.0 3.106E-17
  570.5 3.079E-17
  571.0 3.052E-17
  571.5 3.025E-17
  572.0 2.998E-17
  572.5 2.972E-17
  573.0 2.946E-17
  573.5 2.920E-17
  574.0 2.894E-17
  574.5 2.869E-17
  575.0 2.844E-17
  575.5 2.819E-17
  576.0 2.794E-17
  576.5 2.770E-17
  577.0 2.746E-17
  577.5 2.722E-17
  578.0 2.698E-17
  578.5 2.674E-17
  579.0 2.651E-17
  579.5 2.628E-17
  580.0 2.605E-17
  580.5 2.582E-17
  581.0 2.560E-17
  581.5 2.538E-17
  582.0 2.516E-17
  582.5 2.494E-17
  583.0 2.472E-17
  583.5 2.451E-17
  584.0 2.429E-17
  584.5 2.408E-17
  585.0 2.388E-17
  585.5 2.367E-17
  586.0 2.346E-17
  586.5 2.326E-17
  587.0 2.306E-17
  587.5 2.286E-17
  588.0 2.266E-17
  588.5 2.247E-17
  589.0 2.228E-17
  589.5 2.208E-17
  590.0 2.189E-17
  590.5 2.171E-17
  591.0 2.152E-17
  591.5 2.133E-17
  592.0 2.115E-17
  592.5 2.097E-17
  593.0 2.079E-17
  593.5 2.061E-17
  594.0 2.044E-17
  594.5 2.026E-17
  595.0 2.009E-17
  595.5 1.992E-17
  596.0 1.975E-17
  596.5 1.958E-17
  597.0 1.941E-17
  597.5 1.924E-17
  598.0 1.908E-17
  598.5 1.892E-17
  599.0 1.876E-17
  599.5 1.860E-17
  600.0 1.844E-17
  600.5 1.828E-17
  601.0 1.813E-17
  601.5 1.798E-17
  602.0 1.782E-17
  602.5 1.767E-17
  603.0 1.752E-17
  603.5 1.737E-17
  604.0 1.723E-17
  604.5 1.708E-17
  605.0 1.694E-17
  605.5 1.680E-17
  606.0 1.665E-17
  606.5 1.651E-17
  607.0 1.637E-17
  607.5 1.624E-17
  608.0 1.610E-17
  608.5 1.597E-17
  609.0 1.583E-17
  609.5 1.570E-17
  610.0 1.557E-17
  610.5 1.544E-17
  611.0 1.531E-17
  611.5 1.518E-17
  612.0 1.505E-17
  612.5 1.493E-17
  613.0 1.480E-17
  613.5 1.468E-17
  614.0 1.456E-17
  614.5 1.444E-17
  615.0 1.432E-17
  615.5 1.420E-17
  616.0 1.408E-17
  616.5 1.396E-17
  617.0 1.385E-17
  617.5 1.373E-17
  618.0 1.362E-17
  618.5 1.351E-17
  619.0 1.340E-17
  619.5 1.329E-17
  620.0 1.318E-17
  620.5 1.307E-17
  621.0 1.296E-17
  621.5 1.285E-17
  622.0 1.275E-17
  622.5 1.264E-17
  623.0 1.254E-17
  623.5 1.244E-17
  624.0 1.233E-17
  624.5 1.223E-17
  625.0 1.213E-17
  625.5 1.203E-17
  626.0 1.194E-17
  626.5 1.184E-17
  627.0 1.174E-17
  627.5 1.165E-17
  628.0 1.155E-17
  628.5 1.146E-17
  629.0 1.136E-17
  629.5 1.127E-17
  630.0 1.118E-17
  630.5 1.109E-17
  631.0 1.100E-17
  631.5 1.091E-17
  632.0 1.082E-17
  632.5 1.074E-17
  633.0 1.065E-17
  633.5 1.056E-17
  634.0 1.048E-17
  634.5 1.039E-17
  635.0 1.031E-17
  635.5 1.023E-17
  636.0 1.015E-17
  636.5 1.007E-17
  637.0 9.985E-18
  637.5 9.905E-18
  638.0 9.826E-18
  638.5 9.747E-18
  639.0 9.670E-18
  639.5 9.593E-18
  640.0 9.516E-18
  640.5 9.441E-18
  641.0 9.366E-18
  641.5 9.291E-18
  642.0 9.218E-18
  642.5 9.145E-18
  643.0 9.072E-18
  643.5 9.000E-18
  644.0 8.929E-18
  644.5 8.859E-18
  645.0 8.789E-18
  645.5 8.720E-18
  646.0 8.651E-18
  646.5 8.583E-18
  647.0 8.516E-18
  647.5 8.449E-18
  648.0 8.383E-18
  648.5 8.318E-18
  649.0 8.253E-18
  649.5 8.188E-18
  650.0 8.124E-18
  650.5 8.061E-18
  651.0 7.998E-18
  651.5 7.936E-18
  652.0 7.874E-18
  652.5 7.813E-18
  653.0 7.753E-18
  653.5 7.693E-18
  654.0 7.633E-18
  654.5 7.574E-18
  655.0 7.516E-18
  655.5 7.458E-18
  656.0 7.401E-18
  656.5 7.344E-18
  657.0 7.287E-18
  657.5 7.231E-18
  658.0 7.176E-18
  658.5 7.121E-18
  659.0 7.066E-18
  659.5 7.013E-18
  660.0 6.959E-18
  660.5 6.906E-18
  661.0 6.853E-18
  661.5 6.801E-18
  662.0 6.750E-18
  662.5 6.698E-18
  663.0 6.648E-18
  663.5 6.597E-18
  664.0 6.548E-18
  664.5 6.498E-18
  665.0 6.449E-18
  665.5 6.401E-18
  666.0 6.352E-18
  666.5 6.305E-18
  667.0 6.257E-18
  667.5 6.211E-18
  668.0 6.164E-18
  668.5 6.118E-18
  669.0 6.072E-18
  669.5 6.027E-18
  670.0 5.982E-18
  670.5 5.938E-18
  671.0 5.894E-18
  671.5 5.850E-18
  672.0 5.807E-18
  672.5 5.764E-18
  673.0 5.721E-18
  673.5 5.679E-18
  674.0 5.637E-18
  674.5 5.595E-18
  675.0 5.554E-18
  675.5 5.514E-18
  676.0 5.473E-18
  676.5 5.433E-18
  677.0 5.393E-18
  677.5 5.354E-18
  678.0 5.315E-18
  678.5 5.276E-18
  679.0 5.238E-18
  679.5 5.200E-18
  680.0 5.162E-18
  680.5 5.125E-18
  681.0 5.088E-18
  681.5 5.051E-18
  682.0 5.014E-18
  682.5 4.978E-18
  683.0 4.943E-18
  683.5 4.907E-18
  684.0 4.872E-18
  684.5 4.837E-18
  685.0 4.802E-18
  685.5 4.768E-18
  686.0 4.734E-18
  686.5 4.700E-18
  687.0 4.667E-18
  687.5 4.634E-18
  688.0 4.601E-18
  688.5 4.568E-18
  689.0 4.536E-18
  689.5 4.504E-18
  690.0 4.472E-18
  690.5 4.441E-18
  691.0 4.410E-18
  691.5 4.379E-18
  692.0 4.348E-18
  692.5 4.318E-18
  693.0 4.288E-18
  693.5 4.258E-18
  694.0 4.228E-18
  694.5 4.199E-18
  695.0 4.169E-18
  695.5 4.141E-18
  696.0 4.112E-18
  696.5 4.083E-18
  697.0 4.055E-18
  697.5 4.027E-18
  698.0 4.000E-18
  698.5 3.972E-18
  699.0 3.945E-18
  699.5 3.918E-18
  700.0 3.891E-18
  700.5 3.865E-18
  701.0 3.838E-18
  701.5 3.812E-18
  702.0 3.786E-18
  702.5 3.761E-18
  703.0 3.735E-18
  703.5 3.710E-18
  704.0 3.685E-18
  704.5 3.660E-18
  705.0 3.636E-18
  705.5 3.611E-18
  706.0 3.587E-18
  706.5 3.563E-18
  707.0 3.539E-18
  707.5 3.516E-18
  708.0 3.492E-18
  708.5 3.469E-18
  709.0 3.446E-18
  709.5 3.424E-18
  710.0 3.401E-18
  710.5 3.378E-18
  711.0 3.356E-18
  711.5 3.334E-18
  712.0 3.312E-18
  712.5 3.291E-18
  713.0 3.269E-18
  713.5 3.248E-18
  714.0 3.227E-18
  714.5 3.206E-18
  715.0 3.185E-18
  715.5 3.164E-18
  716.0 3.144E-18
  716.5 3.124E-18
  717.0 3.103E-18
  717.5 3.083E-18
  718.0 3.064E-18
  718.5 3.044E-18
  719.0 3.025E-18
  719.5 3.005E-18
  720.0 2.986E-18
  720.5 2.967E-18
  721.0 2.948E-18
  721.5 2.930E-18
  722.0 2.911E-18
  722.5 2.893E-18
  723.0 2.875E-18
  723.5 2.857E-18
  724.0 2.839E-18
  724.5 2.821E-18
  725.0 2.803E-18
  725.5 2.786E-18
  726.0 2.768E-18
  726.5 2.751E-18
  727.0 2.734E-18
  727.5 2.717E-18
  728.0 2.700E-18
  728.5 2.684E-18
  729.0 2.667E-18
  729.5 2.651E-18
  730.0 2.635E-18
  730.5 2.619E-18
  731.0 2.603E-18
  731.5 2.587E-18
  732.0 2.571E-18
  732.5 2.555E-18
  733.0 2.540E-18
  733.5 2.525E-18
  734.0 2.509E-18
  734.5 2.494E-18
  735.0 2.479E-18
  735.5 2.464E-18
  736.0 2.450E-18
  736.5 2.435E-18
  737.0 2.421E-18
  737.5 2.406E-18
  738.0 2.392E-18
  738.5 2.378E-18
  739.0 2.364E-18
  739.5 2.350E-18
  740.0 2.336E-18
  740.5 2.322E-18
  741.0 2.309E-18
  741.5 2.295E-18
  742.0 2.282E-18
  742.5 2.269E-18
  743.0 2.256E-18
  743.5 2.242E-18
  744.0 2.230E-18
  744.5 2.217E-18
  745.0 2.204E-18
  745.5 2.191E-18
  746.0 2.179E-18
  746.5 2.166E-18
  747.0 2.154E-18
  747.5 2.142E-18
  748.0 2.130E-18
  748.5 2.117E-18
  749.0 2.106E-18
  749.5 2.094E-18
  750.0 2.082E-18
  750.5 2.070E-18
  751.0 2.059E-18
  751.5 2.047E-18
  752.0 2.036E-18
  752.5 2.024E-18
  753.0 2.013E-18
  753.5 2.002E-18
  754.0 1.991E-18
  754.5 1.980E-18
  755.0 1.969E-18
  755.5 1.958E-18
  756.0 1.948E-18
  756.5 1.937E-18
  757.0 1.926E-18
  757.5 1.916E-18
  758.0 1.906E-18
  758.5 1.895E-18
  759.0 1.885E-18
  759.5 1.875E-18
  760.0 1.865E-18
  760.5 1.855E-18
  761.0 1.845E-18
  761.5 1.835E-18
  762.0 1.825E-18
  762.5 1.816E-18
  763.0 1.806E-18
  763.5 1.796E-18
  764.0 1.787E-18
  764.5 1.778E-18
  765.0 1.768E-18
  765.5 1.759E-18
  766.0 1.750E-18
  766.5 1.741E-18
  767.0 1.732E-18
  767.5 1.723E-18
  768.0 1.714E-18
  768.5 1.705E-18
  769.0 1.696E-18
  769.5 1.688E-18
  770.0 1.679E-18
  770.5 1.670E-18
  771.0 1.662E-18
  771.5 1.653E-18
  772.0 1.645E-18
  772.5 1.637E-18
  773.0 1.628E-18
  773.5 1.620E-18
  774.0 1.612E-18
  774.5 1.604E-18
  775.0 1.596E-18
  775.5 1.588E-18
  776.0 1.580E-18
  776.5 1.572E-18
  777.0 1.565E-18
  777.5 1.557E-18
  778.0 1.549E-18
  778.5 1.542E-18
  779.0 1.534E-18
  779.5 1.527E-18
  780.0 1.519E-18
  780.5 1.512E-18
  781.0 1.505E-18
  781.5 1.497E-18
  782.0 1.490E-18
  782.5 1.483E-18
  783.0 1.476E-18
  783.5 1.469E-18
  784.0 1.462E-18
  784.5 1.455E-18
  785.0 1.448E-18
  785.5 1.441E-18
  786.0 1.434E-18
  786.5 1.428E-18
  787.0 1.421E-18
  787.5 1.414E-18
  788.0 1.408E-18
  788.5 1.401E-18
  789.0 1.395E-18
  789.5 1.388E-18
  790.0 1.382E-18
  790.5 1.375E-18
  791.0 1.369E-18
  791.5 1.363E-18
  792.0 1.357E-18
  792.5 1.350E-18
  793.0 1.344E-18
  793.5 1.338E-18
  794.0 1.332E-18
  794.5 1.326E-18
  795.0 1.320E-18
  795.5 1.314E-18
  796.0 1.308E-18
  796.5 1.303E-18
  797.0 1.297E-18
  797.5 1.291E-18
  798.0 1.285E-18
  798.5 1.280E-18
  799.0 1.274E-18
  799.5 1.268E-18
  800.0 1.263E-18
  800.5 1.257E-18
  801.0 1.252E-18
  801.5 1.246E-18
  802.0 1.241E-18
  802.5 1.236E-18
  803.0 1.230E-18
  803.5 1.225E-18
  804.0 1.220E-18
  804.5 1.215E-18
  805.0 1.209E-18
  805.5 1.204E-18
  806.0 1.199E-18
  806.5 1.194E-18
  807.0 1.189E-18
  807.5 1.184E-18
  808.0 1.179E-18
  808.5 1.174E-18
  809.0 1.169E-18
  809.5 1.164E-18
  810.0 1.160E-18
  810.5 1.155E-18
  811.0 1.150E-18
  811.5 1.145E-18
  812.0 1.141E-18
  812.5 1.136E-18
  813.0 1.131E-18
  813.5 1.127E-18
  814.0 1.122E-18
  814.5 1.118E-18
  815.0 1.113E-18
  815.5 1.109E-18
  816.0 1.104E-18
  816.5 1.100E-18
  817.0 1.095E-18
  817.5 1.091E-18
  818.0 1.087E-18
  818.5 1.082E-18
  819.0 1.078E-18
  819.5 1.074E-18
  820.0 1.070E-18
  820.5 1.066E-18
  821.0 1.061E-18
  821.5 1.057E-18
  822.0 1.053E-18
  822.5 1.049E-18
  823.0 1.045E-18
  823.5 1.041E-18
  824.0 1.037E-18
  824.5 1.033E-18
  825.0 1.029E-18
  825.5 1.025E-18
  826.0 1.021E-18
  826.5 1.017E-18
  827.0 1.014E-18
  827.5 1.010E-18
  828.0 1.006E-18
  828.5 1.002E-18
  829.0 9.986E-19
  829.5 9.948E-19
  830.0 9.912E-19
  830.5 9.875E-19
  831.0 9.839E-19
  831.5 9.802E-19
  832.0 9.766E-19
  832.5 9.731E-19
  833.0 9.695E-19
  833.5 9.660E-19
  834.0 9.625E-19
  834.5 9.590E-19
  835.0 9.556E-19
  835.5 9.521E-19
  836.0 9.487E-19
  836.5 9.453E-19
  837.0 9.419E-19
  837.5 9.386E-19
  838.0 9.353E-19
  838.5 9.319E-19
  839.0 9.287E-19
  839.5 9.254E-19
  840.0 9.221E-19
  840.5 9.189E-19
  841.0 9.157E-19
  841.5 9.125E-19
  842.0 9.094E-19
  842.5 9.062E-19
  843.0 9.031E-19
  843.5 9.000E-19
  844.0 8.969E-19
  844.5 8.938E-19
  845.0 8.908E-19
  845.5 8.877E-19
  846.0 8.847E-19
  846.5 8.817E-19
  847.0 8.788E-19
  847.5 8.758E-19
  848.0 8.729E-19
  848.5 8.699E-19
  849.0 8.670E-19
  849.5 8.642E-19
  850.0 8.613E-19
  850.5 8.584E-19
  851.0 8.556E-19
  851.5 8.528E-19
  852.0 8.500E-19
  852.5 8.472E-19
  853.0 8.444E-19
  853.5 8.417E-19
  854.0 8.390E-19
  854.5 8.362E-19
  855.0 8.335E-19
  855.5 8.309E-19
  856.0 8.282E-19
  856.5 8.255E-19
  857.0 8.229E-19
  857.5 8.203E-19
  858.0 8.177E-19
  858.5 8.151E-19
  859.0 8.125E-19
  859.5 8.099E-19
  860.0 8.074E-19
  860.5 8.049E-19
  861.0 8.023E-19
  861.5 7.998E-19
  862.0 7.974E-19
  862.5 7.949E-19
  863.0 7.924E-19
  863.5 7.900E-19
  864.0 7.875E-19
  864.5 7.851E-19
  865.0 7.827E-19
  865.5 7.803E-19
  866.0 7.780E-19
  866.5 7.756E-19
  867.0 7.732E-19
  867.5 7.709E-19
  868.0 7.686E-19
  868.5 7.663E-19
  869.0 7.640E-19
  869.5 7.617E-19
  870.0 7.594E-19
  870.5 7.572E-19
  871.0 7.549E-19
  871.5 7.527E-19
  872.0 7.505E-19
  872.5 7.483E-19
  873.0 7.461E-19
  873.5 7.439E-19
  874.0 7.417E-19
  874.5 7.396E-19
  875.0 7.374E-19
  875.5 7.353E-19
  876.0 7.332E-19
  876.5 7.310E-19
  877.0 7.289E-19
  877.5 7.269E-19
  878.0 7.248E-19
  878.5 7.227E-19
  879.0 7.207E-19
  879.5 7.186E-19
  880.0 7.166E-19
  880.5 7.146E-19
  881.0 7.125E-19
  881.5 7.105E-19
  882.0 7.086E-19
  882.5 7.066E-19
  883.0 7.046E-19
  883.5 7.026E-19
  884.0 7.007E-19
  884.5 6.988E-19
  885.0 6.968E-19
  885.5 6.949E-19
  886.0 6.930E-19
  886.5 6.911E-19
  887.0 6.892E-19
  887.5 6.873E-19
  888.0 6.855E-19
  888.5 6.836E-19
  889.0 6.818E-19
  889.5 6.799E-19
  890.0 6.781E-19
  890.5 6.763E-19
  891.0 6.745E-19
  891.5 6.727E-19
  892.0 6.709E-19
  892.5 6.691E-19
  893.0 6.673E-19
  893.5 6.656E-19
  894.0 6.638E-19
  894.5 6.621E-19
  895.0 6.603E-19
  895.5 6.586E-19
  896.0 6.569E-19
  896.5 6.552E-19
  897.0 6.535E-19
  897.5 6.518E-19
  898.0 6.501E-19
  898.5 6.484E-19
  899.0 6.467E-19
  899.5 6.451E-19
  900.0 6.434E-19
  900.5 6.418E-19
  901.0 6.401E-19
  901.5 6.385E-19
  902.0 6.369E-19
  902.5 6.353E-19
  903.0 6.337E-19
  903.5 6.321E-19
  904.0 6.305E-19
  904.5 6.289E-19
  905.0 6.273E-19
  905.5 6.258E-19
  906.0 6.242E-19
  906.5 6.226E-19
  907.0 6.211E-19
  907.5 6.196E-19
  908.0 6.180E-19
  908.5 6.165E-19
  909.0 6.150E-19
  909.5 6.135E-19
  910.0 6.120E-19
  910.5 6.105E-19
  911.0 6.090E-19
  911.5 6.075E-19
  912.0 6.061E-19
  912.5 6.046E-19
  913.0 6.031E-19
  913.5 6.017E-19
  914.0 6.002E-19
  914.5 5.988E-19
  915.0 5.974E-19
  915.5 5.959E-19
  916.0 5.945E-19
  916.5 5.931E-19
  917.0 5.917E-19
  917.5 5.903E-19
  918.0 5.889E-19
  918.5 5.875E-19
  919.0 5.861E-19
  919.5 5.848E-19
  920.0 5.834E-19
  920.5 5.820E-19
  921.0 5.807E-19
  921.5 5.793E-19
  922.0 5.780E-19
  922.5 5.767E-19
  923.0 5.753E-19
  923.5 5.740E-19
  924.0 5.727E-19
  924.5 5.714E-19
  925.0 5.701E-19
  925.5 5.688E-19
  926.0 5.675E-19
  926.5 5.662E-19
  927.0 5.649E-19
  927.5 5.636E-19
  928.0 5.623E-19
  928.5 5.611E-19
  929.0 5.598E-19
  929.5 5.585E-19
  930.0 5.573E-19
  930.5 5.560E-19
  931.0 5.548E-19
  931.5 5.536E-19
  932.0 5.523E-19
  932.5 5.511E-19
  933.0 5.499E-19
  933.5 5.487E-19
  934.0 5.475E-19
  934.5 5.463E-19
  935.0 5.451E-19
  935.5 5.439E-19
  936.0 5.427E-19
  936.5 5.415E-19
  937.0 5.403E-19
  937.5 5.391E-19
  938.0 5.380E-19
  938.5 5.368E-19
  939.0 5.356E-19
  939.5 5.345E-19
  940.0 5.333E-19
  940.5 5.322E-19
  941.0 5.310E-19
  941.5 5.299E-19
  942.0 5.288E-19
  942.5 5.276E-19
  943.0 5.265E-19
  943.5 5.254E-19
  944.0 5.243E-19
  944.5 5.232E-19
  945.0 5.221E-19
  945.5 5.210E-19
  946.0 5.199E-19
  946.5 5.188E-19
  947.0 5.177E-19
  947.5 5.166E-19
  948.0 5.155E-19
  948.5 5.145E-19
  949.0 5.134E-19
  949.5 5.123E-19
  950.0 5.113E-19
  950.5 5.102E-19
  951.0 5.092E-19
  951.5 5.081E-19
  952.0 5.071E-19
  952.5 5.060E-19
  953.0 5.050E-19
  953.5 5.040E-19
  954.0 5.029E-19
  954.5 5.019E-19
  955.0 5.009E-19
  955.5 4.999E-19
  956.0 4.988E-19
  956.5 4.978E-19
  957.0 4.968E-19
  957.5 4.958E-19
  958.0 4.948E-19
  958.5 4.938E-19
  959.0 4.928E-19
  959.5 4.919E-19
  960.0 4.909E-19
  960.5 4.899E-19
  961.0 4.889E-19
  961.5 4.879E-19
  962.0 4.870E-19
  962.5 4.860E-19
  963.0 4.851E-19
  963.5 4.841E-19
  964.0 4.831E-19
  964.5 4.822E-19
  965.0 4.812E-19
  965.5 4.803E-19
  966.0 4.794E-19
  966.5 4.784E-19
  967.0 4.775E-19
  967.5 4.766E-19
  968.0 4.756E-19
  968.5 4.747E-19
  969.0 4.738E-19
  969.5 4.729E-19
  970.0 4.720E-19
  970.5 4.710E-19
  971.0 4.701E-19
  971.5 4.692E-19
  972.0 4.683E-19
  972.5 4.674E-19
  973.0 4.665E-19
  973.5 4.656E-19
  974.0 4.648E-19
  974.5 4.639E-19
  975.0 4.630E-19
  975.5 4.621E-19
  976.0 4.612E-19
  976.5 4.604E-19
  977.0 4.595E-19
  977.5 4.586E-19
  978.0 4.578E-19
  978.5 4.569E-19
  979.0 4.561E-19
  979.5 4.552E-19
  980.0 4.543E-19
  980.5 4.535E-19
  981.0 4.526E-19
  981.5 4.518E-19
  982.0 4.510E-19
  982.5 4.501E-19
  983.0 4.493E-19
  983.5 4.485E-19
  984.0 4.476E-19
  984.5 4.468E-19
  985.0 4.460E-19
  985.5 4.452E-19
  986.0 4.443E-19
  986.5 4.435E-19
  987.0 4.427E-19
  987.5 4.419E-19
  988.0 4.411E-19
  988.5 4.403E-19
  989.0 4.395E-19
  989.5 4.387E-19
  990.0 4.379E-19
  990.5 4.371E-19
  991.0 4.363E-19
  991.5 4.355E-19
  992.0 4.347E-19
  992.5 4.340E-19
  993.0 4.332E-19
  993.5 4.324E-19
  994.0 4.316E-19
  994.5 4.308E-19
  995.0 4.301E-19
  995.5 4.293E-19
  996.0 4.285E-19
  996.5 4.278E-19
  997.0 4.270E-19
  997.5 4.263E-19
  998.0 4.255E-19
  998.5 4.247E-19
  999.0 4.240E-19
  999.5 4.232E-19
