\BOOKMARK [0][-]{section*.1}{List of Tables}{}% 1
\BOOKMARK [0][-]{section*.2}{List of Figures}{}% 2
\BOOKMARK [-1][-]{part.1}{I Constellation Deployment}{}% 3
\BOOKMARK [0][-]{chapter.1}{Constellation Deployment}{part.1}% 4
\BOOKMARK [1][-]{section.1.1}{Constellation Deployment Department}{chapter.1}% 5
\BOOKMARK [1][-]{section.1.2}{Launching System}{chapter.1}% 6
\BOOKMARK [2][-]{subsection.1.2.1}{Launch site and vehicle analysis}{section.1.2}% 7
\BOOKMARK [2][-]{subsection.1.2.2}{Last candidates and selection}{section.1.2}% 8
\BOOKMARK [2][-]{subsection.1.2.3}{Launcher overview}{section.1.2}% 9
\BOOKMARK [1][-]{section.1.3}{Deployer}{chapter.1}% 10
\BOOKMARK [1][-]{section.1.4}{First Placement}{chapter.1}% 11
\BOOKMARK [2][-]{subsection.1.4.1}{First Placement logistics}{section.1.4}% 12
\BOOKMARK [2][-]{subsection.1.4.2}{1st Placement Maneuver}{section.1.4}% 13
\BOOKMARK [2][-]{subsection.1.4.3}{In-Orbit Injection}{section.1.4}% 14
\BOOKMARK [3][-]{subsubsection.1.4.3.1}{Plane Order}{subsection.1.4.3}% 15
\BOOKMARK [1][-]{section.1.5}{Replacement Strategy}{chapter.1}% 16
\BOOKMARK [1][-]{section.1.6}{Spare Strategy}{chapter.1}% 17
\BOOKMARK [2][-]{subsection.1.6.1}{Introduction}{section.1.6}% 18
\BOOKMARK [2][-]{subsection.1.6.2}{Spare Strategy Alternatives}{section.1.6}% 19
\BOOKMARK [2][-]{subsection.1.6.3}{Spare Strategy Selection}{section.1.6}% 20
\BOOKMARK [3][-]{subsubsection.1.6.3.1}{Feasibility Studies}{subsection.1.6.3}% 21
\BOOKMARK [1][-]{section.1.7}{End-of-Life Strategy}{chapter.1}% 22
\BOOKMARK [2][-]{subsection.1.7.1}{Introduction}{section.1.7}% 23
\BOOKMARK [2][-]{subsection.1.7.2}{Space Debris}{section.1.7}% 24
\BOOKMARK [2][-]{subsection.1.7.3}{End-of-Life Types}{section.1.7}% 25
\BOOKMARK [1][-]{section.1.8}{Conclusions}{chapter.1}% 26
\BOOKMARK [-1][-]{part.2}{II Communications}{}% 27
\BOOKMARK [0][-]{chapter.2}{Space Segment Protocol Stack}{part.2}% 28
\BOOKMARK [1][-]{section.2.1}{Introduction}{chapter.2}% 29
\BOOKMARK [1][-]{section.2.2}{Layer 2: Data Link}{chapter.2}% 30
\BOOKMARK [2][-]{subsection.2.2.1}{Functions of the DLL}{section.2.2}% 31
\BOOKMARK [2][-]{subsection.2.2.2}{Working procedure}{section.2.2}% 32
\BOOKMARK [3][-]{subsubsection.2.2.2.1}{Simplest Protocol}{subsection.2.2.2}% 33
\BOOKMARK [3][-]{subsubsection.2.2.2.2}{Stop-and-Wait Protocol}{subsection.2.2.2}% 34
\BOOKMARK [3][-]{subsubsection.2.2.2.3}{Stop-and-Wait Automatic Repeat Request}{subsection.2.2.2}% 35
\BOOKMARK [3][-]{subsubsection.2.2.2.4}{Go-Back-N Automatic Repeat Request}{subsection.2.2.2}% 36
\BOOKMARK [3][-]{subsubsection.2.2.2.5}{Selective Repeat Automatic Repeat Request}{subsection.2.2.2}% 37
\BOOKMARK [3][-]{subsubsection.2.2.2.6}{Bidirecional links: Piggybacking}{subsection.2.2.2}% 38
\BOOKMARK [3][-]{subsubsection.2.2.2.7}{Working procedure ranking}{subsection.2.2.2}% 39
\BOOKMARK [2][-]{subsection.2.2.3}{Protocols}{section.2.2}% 40
\BOOKMARK [2][-]{subsection.2.2.4}{TC Space Data Link Protocol}{section.2.2}% 41
\BOOKMARK [2][-]{subsection.2.2.5}{TC Sync and Channel Coding}{section.2.2}% 42
\BOOKMARK [1][-]{section.2.3}{Layer 3: The Network}{chapter.2}% 43
\BOOKMARK [2][-]{subsection.2.3.1}{Functions of the Network Layer}{section.2.3}% 44
\BOOKMARK [2][-]{subsection.2.3.2}{Protocols}{section.2.3}% 45
\BOOKMARK [3][-]{subsubsection.2.3.2.1}{Main protocols}{subsection.2.3.2}% 46
\BOOKMARK [3][-]{subsubsection.2.3.2.2}{Auxiliary protocols}{subsection.2.3.2}% 47
\BOOKMARK [3][-]{subsubsection.2.3.2.3}{Routing protocols}{subsection.2.3.2}% 48
\BOOKMARK [2][-]{subsection.2.3.3}{Protocol Selection}{section.2.3}% 49
\BOOKMARK [3][-]{subsubsection.2.3.3.1}{Choice of the main protocol}{subsection.2.3.3}% 50
\BOOKMARK [3][-]{subsubsection.2.3.3.2}{Choice of routing protocol}{subsection.2.3.3}% 51
\BOOKMARK [3][-]{subsubsection.2.3.3.3}{Choice of complementary protocols}{subsection.2.3.3}% 52
\BOOKMARK [3][-]{subsubsection.2.3.3.4}{Conclusion}{subsection.2.3.3}% 53
\BOOKMARK [2][-]{subsection.2.3.4}{Final structure}{section.2.3}% 54
\BOOKMARK [1][-]{section.2.4}{Layer 4: Transport and Session}{chapter.2}% 55
\BOOKMARK [2][-]{subsection.2.4.1}{User Datagram Protocol \(UDP\)}{section.2.4}% 56
\BOOKMARK [2][-]{subsection.2.4.2}{Stream Control Transmission Protocol \(SCTP\)}{section.2.4}% 57
\BOOKMARK [2][-]{subsection.2.4.3}{ Transmission Control Protocol \(TCP\)}{section.2.4}% 58
\BOOKMARK [3][-]{subsubsection.2.4.3.1}{TCP Services}{subsection.2.4.3}% 59
\BOOKMARK [3][-]{subsubsection.2.4.3.2}{TCP features}{subsection.2.4.3}% 60
\BOOKMARK [2][-]{subsection.2.4.4}{Choice of protocol for the transport layer}{section.2.4}% 61
\BOOKMARK [1][-]{section.2.5}{Global Overview}{chapter.2}% 62
\BOOKMARK [0][-]{chapter.3}{Ground Segment Protocols}{part.2}% 63
\BOOKMARK [-1][-]{part.3}{III Ground segment}{}% 64
\BOOKMARK [0][-]{chapter.4}{Ground Station Design}{part.3}% 65
\BOOKMARK [1][-]{section.4.1}{Introduction}{chapter.4}% 66
\BOOKMARK [1][-]{section.4.2}{Build the GS}{chapter.4}% 67
\BOOKMARK [1][-]{section.4.3}{Rent the GS}{chapter.4}% 68
\BOOKMARK [2][-]{subsection.4.3.1}{ESA Ground Stations}{section.4.3}% 69
\BOOKMARK [2][-]{subsection.4.3.2}{KSAT Ground Stations}{section.4.3}% 70
\BOOKMARK [2][-]{subsection.4.3.3}{NASA Ground Stations}{section.4.3}% 71
\BOOKMARK [2][-]{subsection.4.3.4}{SSC Ground Stations}{section.4.3}% 72
\BOOKMARK [2][-]{subsection.4.3.5}{Other GS}{section.4.3}% 73
\BOOKMARK [2][-]{subsection.4.3.6}{Contact with GS companies}{section.4.3}% 74
\BOOKMARK [2][-]{subsection.4.3.7}{LeafSpace}{section.4.3}% 75
\BOOKMARK [3][-]{subsubsection.4.3.7.1}{Features}{subsection.4.3.7}% 76
\BOOKMARK [1][-]{section.4.4}{Decision taking}{chapter.4}% 77
\BOOKMARK [2][-]{subsection.4.4.1}{Availability}{section.4.4}% 78
\BOOKMARK [3][-]{subsubsection.4.4.1.1}{Building a ground station}{subsection.4.4.1}% 79
\BOOKMARK [3][-]{subsubsection.4.4.1.2}{Renting a ground station}{subsection.4.4.1}% 80
\BOOKMARK [2][-]{subsection.4.4.2}{Cost}{section.4.4}% 81
\BOOKMARK [3][-]{subsubsection.4.4.2.1}{Building a ground station}{subsection.4.4.2}% 82
\BOOKMARK [3][-]{subsubsection.4.4.2.2}{Renting a ground station}{subsection.4.4.2}% 83
\BOOKMARK [2][-]{subsection.4.4.3}{Position}{section.4.4}% 84
\BOOKMARK [3][-]{subsubsection.4.4.3.1}{Building a ground station}{subsection.4.4.3}% 85
\BOOKMARK [3][-]{subsubsection.4.4.3.2}{Renting a ground station}{subsection.4.4.3}% 86
\BOOKMARK [2][-]{subsection.4.4.4}{Ease to improve}{section.4.4}% 87
\BOOKMARK [3][-]{subsubsection.4.4.4.1}{Building a ground station}{subsection.4.4.4}% 88
\BOOKMARK [3][-]{subsubsection.4.4.4.2}{Renting a ground station}{subsection.4.4.4}% 89
\BOOKMARK [1][-]{section.4.5}{Decision}{chapter.4}% 90
\BOOKMARK [1][-]{section.4.6}{Ground Station localization}{chapter.4}% 91
\BOOKMARK [2][-]{subsection.4.6.1}{Method}{section.4.6}% 92
\BOOKMARK [2][-]{subsection.4.6.2}{Latitude analysis}{section.4.6}% 93
\BOOKMARK [2][-]{subsection.4.6.3}{Longitude analysis}{section.4.6}% 94
\BOOKMARK [2][-]{subsection.4.6.4}{Conclusion}{section.4.6}% 95
\BOOKMARK [1][-]{section.4.7}{Legislation}{chapter.4}% 96
\BOOKMARK [2][-]{subsection.4.7.1}{United Kingdom Ground Station}{section.4.7}% 97
\BOOKMARK [2][-]{subsection.4.7.2}{Canada Ground Station}{section.4.7}% 98
\BOOKMARK [1][-]{section.4.8}{Initial investment}{chapter.4}% 99
\BOOKMARK [2][-]{subsection.4.8.1}{Description of the systems}{section.4.8}% 100
\BOOKMARK [2][-]{subsection.4.8.2}{Costs}{section.4.8}% 101
\BOOKMARK [1][-]{section.4.9}{Annual cost of GS and MCC}{chapter.4}% 102
\BOOKMARK [2][-]{subsection.4.9.1}{Energy and Maintenance}{section.4.9}% 103
\BOOKMARK [3][-]{subsubsection.4.9.1.1}{Mission Control Center}{subsection.4.9.1}% 104
\BOOKMARK [3][-]{subsubsection.4.9.1.2}{Ground Stations}{subsection.4.9.1}% 105
\BOOKMARK [2][-]{subsection.4.9.2}{Salaries}{section.4.9}% 106
\BOOKMARK [-1][-]{part.4}{IV Financial and Other Considerations}{}% 107
\BOOKMARK [0][-]{chapter.5}{Financial Study}{part.4}% 108
\BOOKMARK [1][-]{section.5.1}{Selling the product}{chapter.5}% 109
\BOOKMARK [2][-]{subsection.5.1.1}{Estimation of demand}{section.5.1}% 110
\BOOKMARK [3][-]{subsubsection.5.1.1.1}{Universities}{subsection.5.1.1}% 111
\BOOKMARK [3][-]{subsubsection.5.1.1.2}{Particular customers}{subsection.5.1.1}% 112
\BOOKMARK [3][-]{subsubsection.5.1.1.3}{Demand}{subsection.5.1.1}% 113
\BOOKMARK [2][-]{subsection.5.1.2}{Pricing the service}{section.5.1}% 114
\BOOKMARK [1][-]{section.5.2}{Economic Feasibility Report}{chapter.5}% 115
\BOOKMARK [2][-]{subsection.5.2.1}{Previous costs}{section.5.2}% 116
\BOOKMARK [3][-]{subsubsection.5.2.1.1}{Engineering hours}{subsection.5.2.1}% 117
\BOOKMARK [3][-]{subsubsection.5.2.1.2}{Administrarion costs}{subsection.5.2.1}% 118
\BOOKMARK [3][-]{subsubsection.5.2.1.3}{Taxes}{subsection.5.2.1}% 119
\BOOKMARK [3][-]{subsubsection.5.2.1.4}{Insurance}{subsection.5.2.1}% 120
\BOOKMARK [2][-]{subsection.5.2.2}{Economic feasibility study}{section.5.2}% 121
\BOOKMARK [1][-]{section.5.3}{Conclusions of the financial study}{chapter.5}% 122
\BOOKMARK [2][-]{subsection.5.3.1}{Pay Back Time \(PBT\)}{section.5.3}% 123
\BOOKMARK [2][-]{subsection.5.3.2}{Updated Pay Back Time \(UPBT\)}{section.5.3}% 124
\BOOKMARK [2][-]{subsection.5.3.3}{Break Even Point \(BEP\)}{section.5.3}% 125
\BOOKMARK [2][-]{subsection.5.3.4}{Net Present Value \(NPV\)}{section.5.3}% 126
\BOOKMARK [2][-]{subsection.5.3.5}{Internal Rate of Return \(IRR\)}{section.5.3}% 127
\BOOKMARK [0][-]{chapter.6}{Environmental Impact Study}{part.4}% 128
\BOOKMARK [1][-]{section.6.1}{Aim of the document}{chapter.6}% 129
\BOOKMARK [1][-]{section.6.2}{Ground Stations}{chapter.6}% 130
\BOOKMARK [1][-]{section.6.3}{Satellites}{chapter.6}% 131
\BOOKMARK [1][-]{section.6.4}{Launch system}{chapter.6}% 132
\BOOKMARK [0][-]{chapter.7}{Social and Security Considerations}{part.4}% 133
\BOOKMARK [1][-]{section.7.1}{Social and security considerations}{chapter.7}% 134
\BOOKMARK [1][-]{section.7.2}{Legislation}{chapter.7}% 135
\BOOKMARK [-1][-]{part.5}{V Satellite design}{}% 136
\BOOKMARK [0][-]{chapter.8}{Satellite design}{part.5}% 137
\BOOKMARK [1][-]{section.8.1}{Structure and mechanics}{chapter.8}% 138
\BOOKMARK [2][-]{subsection.8.1.1}{Structure}{section.8.1}% 139
\BOOKMARK [2][-]{subsection.8.1.2}{Thermal protection}{section.8.1}% 140
\BOOKMARK [2][-]{subsection.8.1.3}{Study of the commercial available options and options chosen}{section.8.1}% 141
\BOOKMARK [1][-]{section.8.2}{Electrical Power System}{chapter.8}% 142
\BOOKMARK [2][-]{subsection.8.2.1}{Estimation of the power required}{section.8.2}% 143
\BOOKMARK [2][-]{subsection.8.2.2}{Solar arrays}{section.8.2}% 144
\BOOKMARK [2][-]{subsection.8.2.3}{Power management system}{section.8.2}% 145
\BOOKMARK [2][-]{subsection.8.2.4}{Batteries}{section.8.2}% 146
\BOOKMARK [2][-]{subsection.8.2.5}{Study of the commercial available options and options chosen}{section.8.2}% 147
\BOOKMARK [1][-]{section.8.3}{Propulsion Systems}{chapter.8}% 148
\BOOKMARK [2][-]{subsection.8.3.1}{Requirements}{section.8.3}% 149
\BOOKMARK [2][-]{subsection.8.3.2}{Thrusters}{section.8.3}% 150
\BOOKMARK [2][-]{subsection.8.3.3}{Study of the commercial available options}{section.8.3}% 151
\BOOKMARK [1][-]{section.8.4}{Attitude and Orbital Control Systems}{chapter.8}% 152
\BOOKMARK [2][-]{subsection.8.4.1}{Orbital Control}{section.8.4}% 153
\BOOKMARK [2][-]{subsection.8.4.2}{Study of the commercial available options}{section.8.4}% 154
\BOOKMARK [1][-]{section.8.5}{Payload}{chapter.8}% 155
\BOOKMARK [2][-]{subsection.8.5.1}{Antennas}{section.8.5}% 156
\BOOKMARK [2][-]{subsection.8.5.2}{Antenna selection}{section.8.5}% 157
\BOOKMARK [2][-]{subsection.8.5.3}{Payload Data Handling Systems}{section.8.5}% 158
\BOOKMARK [2][-]{subsection.8.5.4}{Study of the commercial available options and options chosen}{section.8.5}% 159
\BOOKMARK [1][-]{section.8.6}{Communication module}{chapter.8}% 160
\BOOKMARK [1][-]{section.8.7}{Link Budget}{chapter.8}% 161
\BOOKMARK [2][-]{subsection.8.7.1}{Communications Basics}{section.8.7}% 162
\BOOKMARK [2][-]{subsection.8.7.2}{Propagation losses}{section.8.7}% 163
\BOOKMARK [2][-]{subsection.8.7.3}{Local Losses}{section.8.7}% 164
\BOOKMARK [2][-]{subsection.8.7.4}{Modulation Technique}{section.8.7}% 165
\BOOKMARK [2][-]{subsection.8.7.5}{System Noise}{section.8.7}% 166
\BOOKMARK [2][-]{subsection.8.7.6}{Link Budget Calculation}{section.8.7}% 167
\BOOKMARK [1][-]{section.8.8}{Budget}{chapter.8}% 168
\BOOKMARK [1][-]{section.8.9}{Astrea satellite Final Configuration}{chapter.8}% 169
