\BOOKMARK [0][-]{section*.1}{List of Tables}{}% 1
\BOOKMARK [0][-]{section*.2}{List of Figures}{}% 2
\BOOKMARK [-1][-]{part.1}{I Orbit Design}{}% 3
\BOOKMARK [0][-]{chapter.1}{Orbit Geometry}{part.1}% 4
\BOOKMARK [1][-]{section*.3}{}{chapter.1}% 5
\BOOKMARK [1][-]{section.1.1}{Keplerian Geometry}{chapter.1}% 6
\BOOKMARK [2][-]{section*.5}{}{section.1.1}% 7
\BOOKMARK [1][-]{section.1.2}{Dynamic equations}{chapter.1}% 8
\BOOKMARK [2][-]{section*.8}{}{section.1.2}% 9
\BOOKMARK [0][-]{chapter.2}{Orbital Coverage}{part.1}% 10
\BOOKMARK [1][-]{section.2.1}{Satellite Footprint}{chapter.2}% 11
\BOOKMARK [2][-]{subsection.2.1.1}{Introduction}{section.2.1}% 12
\BOOKMARK [2][-]{subsection.2.1.2}{Second Subsection}{section.2.1}% 13
\BOOKMARK [1][-]{section.2.2}{Elevation Angle}{chapter.2}% 14
\BOOKMARK [2][-]{subsection.2.2.1}{Introduction}{section.2.2}% 15
\BOOKMARK [2][-]{subsection.2.2.2}{Second Subsection}{section.2.2}% 16
\BOOKMARK [1][-]{section.2.3}{Minimum Plane Inclination}{chapter.2}% 17
\BOOKMARK [2][-]{section*.10}{In conclusion}{section.2.3}% 18
\BOOKMARK [1][-]{section.2.4}{Market Study: Current Nanosatellites in Orbit}{chapter.2}% 19
\BOOKMARK [2][-]{subsection.2.4.1}{Criteria for the orbital height of the satellites}{section.2.4}% 20
\BOOKMARK [3][-]{section*.11}{Satellites currently in Orbit}{subsection.2.4.1}% 21
\BOOKMARK [4][-]{section*.13}{The most interesting potential clients}{section*.11}% 22
\BOOKMARK [2][-]{subsection.2.4.2}{New Space: Adapting to new society needs}{section.2.4}% 23
\BOOKMARK [0][-]{chapter.3}{Constellation Configuration}{part.1}% 24
\BOOKMARK [1][-]{section.3.1}{Introduction: The Global Positioning System Example}{chapter.3}% 25
\BOOKMARK [1][-]{section.3.2}{Polar Orbit Constellation}{chapter.3}% 26
\BOOKMARK [2][-]{subsection.3.2.1}{Introduction}{section.3.2}% 27
\BOOKMARK [2][-]{subsection.3.2.2}{General Configuration}{section.3.2}% 28
\BOOKMARK [3][-]{subsubsection.3.2.2.1}{The Streets of Coverage Method}{subsection.3.2.2}% 29
\BOOKMARK [2][-]{subsection.3.2.3}{Results of Streets of Coverage}{section.3.2}% 30
\BOOKMARK [1][-]{section.3.3}{Walker-Delta Constellation}{chapter.3}% 31
\BOOKMARK [2][-]{subsection.3.3.1}{Full Walker-Delta Constellation}{section.3.3}% 32
\BOOKMARK [3][-]{subsubsection.3.3.1.1}{Characteristics}{subsection.3.3.1}% 33
\BOOKMARK [4][-]{figure.caption.25}{}{subsubsection.3.3.1.1}% 34
\BOOKMARK [3][-]{subsubsection.3.3.1.2}{Notation}{subsection.3.3.1}% 35
\BOOKMARK [3][-]{subsubsection.3.3.1.3}{Coverage}{subsection.3.3.1}% 36
\BOOKMARK [2][-]{subsection.3.3.2}{Semi Walker-Delta Constellation}{section.3.3}% 37
\BOOKMARK [3][-]{subsubsection.3.3.2.1}{Introduction}{subsection.3.3.2}% 38
\BOOKMARK [3][-]{subsubsection.3.3.2.2}{Second Subsection}{subsection.3.3.2}% 39
\BOOKMARK [2][-]{subsection.3.3.3}{Custom Walker-Delta Constellation}{section.3.3}% 40
\BOOKMARK [3][-]{subsubsection.3.3.3.1}{Introduction}{subsection.3.3.3}% 41
\BOOKMARK [3][-]{subsubsection.3.3.3.2}{Second Subsection}{subsection.3.3.3}% 42
\BOOKMARK [1][-]{section.3.4}{Testing Method}{chapter.3}% 43
\BOOKMARK [2][-]{subsection.3.4.1}{Introduction}{section.3.4}% 44
\BOOKMARK [2][-]{subsection.3.4.2}{Second Subsection}{section.3.4}% 45
\BOOKMARK [0][-]{chapter.4}{Orbit Perturbations}{part.1}% 46
\BOOKMARK [1][-]{section.4.1}{Sources of Perturbation}{chapter.4}% 47
\BOOKMARK [2][-]{subsection.4.1.1}{Introduction to Orbit Perturbations}{section.4.1}% 48
\BOOKMARK [3][-]{section*.27}{The Approach of the Perturbations Study}{subsection.4.1.1}% 49
\BOOKMARK [2][-]{subsection.4.1.2}{Gravity Potential of Earth}{section.4.1}% 50
\BOOKMARK [2][-]{subsection.4.1.3}{Atmospheric Drag}{section.4.1}% 51
\BOOKMARK [2][-]{subsection.4.1.4}{3rd Body Perturbations}{section.4.1}% 52
\BOOKMARK [2][-]{subsection.4.1.5}{Other Perturbations}{section.4.1}% 53
\BOOKMARK [1][-]{section.4.2}{Significant Perturbations}{chapter.4}% 54
\BOOKMARK [2][-]{section*.30}{Propagation Algorithm}{section.4.2}% 55
\BOOKMARK [3][-]{section*.32}{In conclusion}{section*.30}% 56
\BOOKMARK [1][-]{section.4.3}{Orbit Decay}{chapter.4}% 57
\BOOKMARK [2][-]{subsection.4.3.1}{Effects on the Ascention Node}{section.4.3}% 58
\BOOKMARK [3][-]{subsubsection.4.3.1.1}{Introduction}{subsection.4.3.1}% 59
\BOOKMARK [3][-]{subsubsection.4.3.1.2}{Second Subsection}{subsection.4.3.1}% 60
\BOOKMARK [2][-]{subsection.4.3.2}{Linearized Orbit Decay Computation}{section.4.3}% 61
\BOOKMARK [3][-]{subsubsection.4.3.2.1}{Introduction}{subsection.4.3.2}% 62
\BOOKMARK [3][-]{subsubsection.4.3.2.2}{Second Subsection}{subsection.4.3.2}% 63
\BOOKMARK [2][-]{subsection.4.3.3}{Dynamic Orbit Decay Computation}{section.4.3}% 64
\BOOKMARK [3][-]{subsubsection.4.3.3.1}{Introduction}{subsection.4.3.3}% 65
\BOOKMARK [3][-]{subsubsection.4.3.3.2}{Second Subsection}{subsection.4.3.3}% 66
\BOOKMARK [1][-]{section.4.4}{Orbital Station-Keeping}{chapter.4}% 67
\BOOKMARK [2][-]{subsection.4.4.1}{Raising the orbit height to increase Lifetime}{section.4.4}% 68
\BOOKMARK [2][-]{subsection.4.4.2}{Using Thrusters to increase Lifetime}{section.4.4}% 69
\BOOKMARK [3][-]{subsubsection.4.4.2.1}{Energy equation}{subsection.4.4.2}% 70
\BOOKMARK [4][-]{section*.34}{}{subsubsection.4.4.2.1}% 71
\BOOKMARK [4][-]{section*.35}{}{subsubsection.4.4.2.1}% 72
\BOOKMARK [3][-]{subsubsection.4.4.2.2}{Delta-V}{subsection.4.4.2}% 73
\BOOKMARK [3][-]{subsubsection.4.4.2.3}{Time}{subsection.4.4.2}% 74
\BOOKMARK [3][-]{subsubsection.4.4.2.4}{Propellant}{subsection.4.4.2}% 75
\BOOKMARK [3][-]{subsubsection.4.4.2.5}{Orbit maintenance}{subsection.4.4.2}% 76
\BOOKMARK [3][-]{subsubsection.4.4.2.6}{Results}{subsection.4.4.2}% 77
\BOOKMARK [4][-]{section*.39}{}{subsubsection.4.4.2.6}% 78
