\BOOKMARK [0][-]{section*.1}{List of Tables}{}% 1
\BOOKMARK [0][-]{section*.2}{List of Figures}{}% 2
\BOOKMARK [0][-]{chapter.1}{Financial Study}{}% 3
\BOOKMARK [1][-]{section.1.1}{Selling the product}{chapter.1}% 4
\BOOKMARK [2][-]{subsection.1.1.1}{Estimation of demand}{section.1.1}% 5
\BOOKMARK [3][-]{subsubsection.1.1.1.1}{Universities}{subsection.1.1.1}% 6
\BOOKMARK [3][-]{subsubsection.1.1.1.2}{Particular customers}{subsection.1.1.1}% 7
\BOOKMARK [3][-]{subsubsection.1.1.1.3}{Demand}{subsection.1.1.1}% 8
\BOOKMARK [2][-]{subsection.1.1.2}{Pricing the service}{section.1.1}% 9
\BOOKMARK [1][-]{section.1.2}{Economic Feasibility Report}{chapter.1}% 10
\BOOKMARK [2][-]{subsection.1.2.1}{Previous costs}{section.1.2}% 11
\BOOKMARK [3][-]{subsubsection.1.2.1.1}{Engineering hours}{subsection.1.2.1}% 12
\BOOKMARK [3][-]{subsubsection.1.2.1.2}{Administrarion costs}{subsection.1.2.1}% 13
\BOOKMARK [3][-]{subsubsection.1.2.1.3}{Taxes}{subsection.1.2.1}% 14
\BOOKMARK [3][-]{subsubsection.1.2.1.4}{Insurance}{subsection.1.2.1}% 15
\BOOKMARK [2][-]{subsection.1.2.2}{Economic feasibility study}{section.1.2}% 16
\BOOKMARK [1][-]{section.1.3}{Conclusions of the financial study}{chapter.1}% 17
\BOOKMARK [2][-]{subsection.1.3.1}{Pay Back Time \(PBT\)}{section.1.3}% 18
\BOOKMARK [2][-]{subsection.1.3.2}{Updated Pay Back Time \(UPBT\)}{section.1.3}% 19
\BOOKMARK [2][-]{subsection.1.3.3}{Break Even Point \(BEP\)}{section.1.3}% 20
\BOOKMARK [2][-]{subsection.1.3.4}{Net Present Value \(NPV\)}{section.1.3}% 21
\BOOKMARK [2][-]{subsection.1.3.5}{Internal Rate of Return \(IRR\)}{section.1.3}% 22
\BOOKMARK [2][-]{subsection.1.3.6}{Conclusions of the feasibility study}{section.1.3}% 23
\BOOKMARK [0][-]{chapter.2}{Marketing Plan}{}% 24
\BOOKMARK [1][-]{section.2.1}{Executive Summary}{chapter.2}% 25
\BOOKMARK [1][-]{section.2.2}{Target Customers}{chapter.2}% 26
\BOOKMARK [1][-]{section.2.3}{Unique Selling Proposition}{chapter.2}% 27
\BOOKMARK [1][-]{section.2.4}{Pricing \046 Positioning Strategy}{chapter.2}% 28
\BOOKMARK [1][-]{section.2.5}{Distribution Plan}{chapter.2}% 29
\BOOKMARK [1][-]{section.2.6}{Marketing Materials}{chapter.2}% 30
\BOOKMARK [1][-]{section.2.7}{Online Marketing Strategy}{chapter.2}% 31
\BOOKMARK [1][-]{section.2.8}{Conversion Strategy}{chapter.2}% 32
\BOOKMARK [1][-]{section.2.9}{Joint Ventures \046 Partnerships}{chapter.2}% 33
\BOOKMARK [0][-]{chapter.3}{Environmental Impact Study}{}% 34
\BOOKMARK [1][-]{section.3.1}{Introduction}{chapter.3}% 35
\BOOKMARK [1][-]{section.3.2}{Ground Stations}{chapter.3}% 36
\BOOKMARK [1][-]{section.3.3}{Satellites}{chapter.3}% 37
\BOOKMARK [1][-]{section.3.4}{Launch system}{chapter.3}% 38
\BOOKMARK [0][-]{chapter.4}{Social and Security Considerations}{}% 39
\BOOKMARK [1][-]{section.4.1}{Social and security considerations}{chapter.4}% 40
\BOOKMARK [1][-]{section.4.2}{Legislation}{chapter.4}% 41
\BOOKMARK [0][-]{chapter.5}{Bibliography}{}% 42
