\BOOKMARK [1][-]{Doc-Start}{List of Tables}{}% 1
\BOOKMARK [1][-]{Doc-Start}{List of Figures}{}% 2
\BOOKMARK [1][-]{section.1}{Constellation Deployment Department}{}% 3
\BOOKMARK [1][-]{section.2}{Launching System}{}% 4
\BOOKMARK [2][-]{subsection.2.1}{Launch site and vehicle analysis}{section.2}% 5
\BOOKMARK [2][-]{subsection.2.2}{Last candidates and selection}{section.2}% 6
\BOOKMARK [2][-]{subsection.2.3}{Launcher overview}{section.2}% 7
\BOOKMARK [1][-]{section.3}{Deployer}{}% 8
\BOOKMARK [1][-]{section.4}{First Placement}{}% 9
\BOOKMARK [2][-]{subsection.4.1}{First Placement logistics}{section.4}% 10
\BOOKMARK [2][-]{subsection.4.2}{1st Placement Maneuver}{section.4}% 11
\BOOKMARK [2][-]{subsection.4.3}{In-Orbit Injection}{section.4}% 12
\BOOKMARK [3][-]{subsubsection.4.3.1}{Plane Order}{subsection.4.3}% 13
\BOOKMARK [1][-]{section.5}{Spare Strategy}{}% 14
\BOOKMARK [2][-]{subsection.5.1}{Introduction}{section.5}% 15
\BOOKMARK [2][-]{subsection.5.2}{Spare Strategy Alternatives}{section.5}% 16
\BOOKMARK [2][-]{subsection.5.3}{Spare Strategy Selection}{section.5}% 17
\BOOKMARK [2][-]{subsection.5.4}{Failure}{section.5}% 18
\BOOKMARK [3][-]{subsubsection.5.4.1}{Feasibility Studies}{subsection.5.4}% 19
\BOOKMARK [1][-]{section.6}{End-of-Life Strategy}{}% 20
\BOOKMARK [2][-]{subsection.6.1}{Introduction}{section.6}% 21
\BOOKMARK [2][-]{subsection.6.2}{Space Debris}{section.6}% 22
\BOOKMARK [2][-]{subsection.6.3}{End-of-Life Types}{section.6}% 23
