\BOOKMARK [0][-]{section*.1}{List of Tables}{}% 1
\BOOKMARK [0][-]{section*.2}{List of Figures}{}% 2
\BOOKMARK [-1][-]{part.1}{I ANNEX I: Orbit Design}{}% 3
\BOOKMARK [0][-]{chapter.1}{Orbit Geometry}{part.1}% 4
\BOOKMARK [1][-]{section.1.1}{Keplerian Geometry}{chapter.1}% 5
\BOOKMARK [1][-]{section.1.2}{Dynamic equations}{chapter.1}% 6
\BOOKMARK [0][-]{chapter.2}{Orbital Coverage}{part.1}% 7
\BOOKMARK [1][-]{section.2.1}{Satellite Footprint}{chapter.2}% 8
\BOOKMARK [2][-]{subsection.2.1.1}{Introduction}{section.2.1}% 9
\BOOKMARK [2][-]{subsection.2.1.2}{Footprint Computation}{section.2.1}% 10
\BOOKMARK [1][-]{section.2.2}{Elevation Angle}{chapter.2}% 11
\BOOKMARK [2][-]{subsection.2.2.1}{Elevation angle cone}{section.2.2}% 12
\BOOKMARK [2][-]{subsection.2.2.2}{Atmospheric restrictive conditions}{section.2.2}% 13
\BOOKMARK [2][-]{subsection.2.2.3}{Elevation angle of other current constellations}{section.2.2}% 14
\BOOKMARK [1][-]{section.2.3}{Minimum Plane Inclination}{chapter.2}% 15
\BOOKMARK [1][-]{section.2.4}{Satellite to Satellite Visibility}{chapter.2}% 16
\BOOKMARK [0][-]{chapter.3}{Constellation Configuration}{part.1}% 17
\BOOKMARK [1][-]{section.3.1}{Introduction: The Global Positioning System Example}{chapter.3}% 18
\BOOKMARK [1][-]{section.3.2}{Polar Orbit Constellation}{chapter.3}% 19
\BOOKMARK [2][-]{subsection.3.2.1}{Introduction}{section.3.2}% 20
\BOOKMARK [2][-]{subsection.3.2.2}{General Configuration}{section.3.2}% 21
\BOOKMARK [2][-]{subsection.3.2.3}{The Streets of Coverage Method}{section.3.2}% 22
\BOOKMARK [2][-]{subsection.3.2.4}{Results of Streets of Coverage}{section.3.2}% 23
\BOOKMARK [1][-]{section.3.3}{Walker-Delta Constellation}{chapter.3}% 24
\BOOKMARK [2][-]{subsection.3.3.1}{Full Walker-Delta Constellation}{section.3.3}% 25
\BOOKMARK [3][-]{subsubsection.3.3.1.1}{Notation}{subsection.3.3.1}% 26
\BOOKMARK [3][-]{subsubsection.3.3.1.2}{Coverage}{subsection.3.3.1}% 27
\BOOKMARK [2][-]{subsection.3.3.2}{Semi Walker-Delta Constellation}{section.3.3}% 28
\BOOKMARK [3][-]{subsubsection.3.3.2.1}{Advantages}{subsection.3.3.2}% 29
\BOOKMARK [3][-]{subsubsection.3.3.2.2}{Disadvantages}{subsection.3.3.2}% 30
\BOOKMARK [3][-]{subsubsection.3.3.2.3}{SWDC including an additional polar orbit.}{subsection.3.3.2}% 31
\BOOKMARK [1][-]{section.3.4}{Testing Method}{chapter.3}% 32
\BOOKMARK [2][-]{subsection.3.4.1}{Introduction}{section.3.4}% 33
\BOOKMARK [2][-]{subsection.3.4.2}{Method Bases}{section.3.4}% 34
\BOOKMARK [3][-]{subsubsection.3.4.2.1}{Global Coverage Conditions}{subsection.3.4.2}% 35
\BOOKMARK [3][-]{subsubsection.3.4.2.2}{Results of Testing Method}{subsection.3.4.2}% 36
\BOOKMARK [0][-]{chapter.4}{Orbit Perturbations}{part.1}% 37
\BOOKMARK [1][-]{section.4.1}{Sources of Perturbation}{chapter.4}% 38
\BOOKMARK [2][-]{subsection.4.1.1}{Introduction to Orbit PerturbationsDavidA.Vallado1998}{section.4.1}% 39
\BOOKMARK [2][-]{subsection.4.1.2}{Gravity Potential of Earth}{section.4.1}% 40
\BOOKMARK [2][-]{subsection.4.1.3}{Atmospheric Drag}{section.4.1}% 41
\BOOKMARK [2][-]{subsection.4.1.4}{3rd Body Perturbations}{section.4.1}% 42
\BOOKMARK [2][-]{subsection.4.1.5}{Other Perturbations}{section.4.1}% 43
\BOOKMARK [1][-]{section.4.2}{Significant Perturbations}{chapter.4}% 44
\BOOKMARK [1][-]{section.4.3}{Orbit Decay}{chapter.4}% 45
\BOOKMARK [2][-]{subsection.4.3.1}{Effects on the Ascention Node}{section.4.3}% 46
\BOOKMARK [3][-]{subsubsection.4.3.1.1}{Introduction}{subsection.4.3.1}% 47
\BOOKMARK [3][-]{subsubsection.4.3.1.2}{Perigee Effect}{subsection.4.3.1}% 48
\BOOKMARK [3][-]{subsubsection.4.3.1.3}{Ascention Node}{subsection.4.3.1}% 49
\BOOKMARK [3][-]{subsubsection.4.3.1.4}{Conclusion}{subsection.4.3.1}% 50
\BOOKMARK [2][-]{subsection.4.3.2}{Effects of the Solar Cicle}{section.4.3}% 51
\BOOKMARK [2][-]{subsection.4.3.3}{Orbital Decay Propagation Results}{section.4.3}% 52
\BOOKMARK [3][-]{subsubsection.4.3.3.1}{Introduction}{subsection.4.3.3}% 53
\BOOKMARK [3][-]{subsubsection.4.3.3.2}{Drag Computation Algorithm}{subsection.4.3.3}% 54
\BOOKMARK [2][-]{subsection.4.3.4}{Dynamic Orbit Decay Computation}{section.4.3}% 55
\BOOKMARK [3][-]{subsubsection.4.3.4.1}{Introduction}{subsection.4.3.4}% 56
\BOOKMARK [3][-]{subsubsection.4.3.4.2}{Results}{subsection.4.3.4}% 57
\BOOKMARK [1][-]{section.4.4}{Orbital Station-Keeping}{chapter.4}% 58
\BOOKMARK [2][-]{subsection.4.4.1}{Raising the orbit height to increase Lifetime}{section.4.4}% 59
\BOOKMARK [2][-]{subsection.4.4.2}{Using Thrusters to increase Lifetime}{section.4.4}% 60
\BOOKMARK [3][-]{subsubsection.4.4.2.1}{Energy equation}{subsection.4.4.2}% 61
\BOOKMARK [3][-]{subsubsection.4.4.2.2}{Delta-V}{subsection.4.4.2}% 62
\BOOKMARK [3][-]{subsubsection.4.4.2.3}{Time}{subsection.4.4.2}% 63
\BOOKMARK [3][-]{subsubsection.4.4.2.4}{Propellant}{subsection.4.4.2}% 64
\BOOKMARK [3][-]{subsubsection.4.4.2.5}{Orbit maintenance}{subsection.4.4.2}% 65
\BOOKMARK [3][-]{subsubsection.4.4.2.6}{Results}{subsection.4.4.2}% 66
\BOOKMARK [0][-]{chapter.5}{Constellation Design Decision}{part.1}% 67
\BOOKMARK [1][-]{section.5.1}{Considered Designs}{chapter.5}% 68
\BOOKMARK [2][-]{subsection.5.1.1}{Introduction}{section.5.1}% 69
\BOOKMARK [2][-]{subsection.5.1.2}{Candidate 1: Polar - Global Coverage}{section.5.1}% 70
\BOOKMARK [2][-]{subsection.5.1.3}{Candidate 2: Polar - GS Coverage}{section.5.1}% 71
\BOOKMARK [2][-]{subsection.5.1.4}{Candidate 3 and 4: Walker-Delta GS Coverage}{section.5.1}% 72
\BOOKMARK [2][-]{subsection.5.1.5}{Candidate 5: Walker-Delta Lat: 0-58}{section.5.1}% 73
\BOOKMARK [2][-]{subsection.5.1.6}{Candidate 6: Polar - Walker-Delta J2 + Rotaci\363}{section.5.1}% 74
\BOOKMARK [2][-]{subsection.5.1.7}{Candidate 7: Walker-Delta GS Coverage 3}{section.5.1}% 75
\BOOKMARK [1][-]{section.5.2}{Constellation Performance Analysis}{chapter.5}% 76
\BOOKMARK [2][-]{subsection.5.2.1}{Performance Evaluation}{section.5.2}% 77
\BOOKMARK [1][-]{section.5.3}{Ordered Weighting Average based Decision}{chapter.5}% 78
\BOOKMARK [-1][-]{part.2}{II ANNEX II: Constellation Deployment}{}% 79
\BOOKMARK [0][-]{chapter.6}{Constellation Deployment}{part.2}% 80
\BOOKMARK [1][-]{section.6.1}{Constellation Deployment Department}{chapter.6}% 81
\BOOKMARK [1][-]{section.6.2}{First Placement}{chapter.6}% 82
\BOOKMARK [2][-]{subsection.6.2.1}{First Placement logistics}{section.6.2}% 83
\BOOKMARK [2][-]{subsection.6.2.2}{1st Placement In-Orbit Injection Maneuver}{section.6.2}% 84
\BOOKMARK [2][-]{subsection.6.2.3}{Orbit Parameters Calculation}{section.6.2}% 85
\BOOKMARK [3][-]{subsubsection.6.2.3.1}{Plane Order}{subsection.6.2.3}% 86
\BOOKMARK [1][-]{section.6.3}{Replacement Strategy}{chapter.6}% 87
\BOOKMARK [1][-]{section.6.4}{Spare Strategy}{chapter.6}% 88
\BOOKMARK [2][-]{subsection.6.4.1}{Spare Strategy Alternatives}{section.6.4}% 89
\BOOKMARK [2][-]{subsection.6.4.2}{Major failure deffinition}{section.6.4}% 90
\BOOKMARK [2][-]{subsection.6.4.3}{Major failure}{section.6.4}% 91
\BOOKMARK [3][-]{subsubsection.6.4.3.1}{Satellite in range failure}{subsection.6.4.3}% 92
\BOOKMARK [3][-]{subsubsection.6.4.3.2}{Ground station failure}{subsection.6.4.3}% 93
\BOOKMARK [3][-]{subsubsection.6.4.3.3}{Transmitting time failure}{subsection.6.4.3}% 94
\BOOKMARK [2][-]{subsection.6.4.4}{Space Debris}{section.6.4}% 95
\BOOKMARK [2][-]{subsection.6.4.5}{End-of-Life Types and Analysis}{section.6.4}% 96
\BOOKMARK [1][-]{section.6.5}{Conclusions}{chapter.6}% 97
\BOOKMARK [-1][-]{part.3}{III ANNEX III: Communications}{}% 98
\BOOKMARK [0][-]{chapter.7}{Space Segment Protocol Stack}{part.3}% 99
\BOOKMARK [1][-]{section.7.1}{Layer 2: Data Link}{chapter.7}% 100
\BOOKMARK [2][-]{subsection.7.1.1}{Functions of the DLL}{section.7.1}% 101
\BOOKMARK [2][-]{subsection.7.1.2}{Working procedure}{section.7.1}% 102
\BOOKMARK [3][-]{subsubsection.7.1.2.1}{Simplest Protocol}{subsection.7.1.2}% 103
\BOOKMARK [3][-]{subsubsection.7.1.2.2}{Stop-and-Wait Protocol}{subsection.7.1.2}% 104
\BOOKMARK [3][-]{subsubsection.7.1.2.3}{Stop-and-Wait Automatic Repeat Request}{subsection.7.1.2}% 105
\BOOKMARK [3][-]{subsubsection.7.1.2.4}{Go-Back-N Automatic Repeat Request}{subsection.7.1.2}% 106
\BOOKMARK [3][-]{subsubsection.7.1.2.5}{Selective Repeat Automatic Repeat Request}{subsection.7.1.2}% 107
\BOOKMARK [3][-]{subsubsection.7.1.2.6}{Bidirecional links: Piggybacking}{subsection.7.1.2}% 108
\BOOKMARK [3][-]{subsubsection.7.1.2.7}{Working procedure ranking}{subsection.7.1.2}% 109
\BOOKMARK [2][-]{subsection.7.1.3}{Protocols}{section.7.1}% 110
\BOOKMARK [2][-]{subsection.7.1.4}{TC Space Data Link Protocol}{section.7.1}% 111
\BOOKMARK [2][-]{subsection.7.1.5}{TC Sync and Channel Coding}{section.7.1}% 112
\BOOKMARK [1][-]{section.7.2}{Layer 3: The Network}{chapter.7}% 113
\BOOKMARK [2][-]{subsection.7.2.1}{Functions of the Network Layer}{section.7.2}% 114
\BOOKMARK [2][-]{subsection.7.2.2}{Protocols}{section.7.2}% 115
\BOOKMARK [3][-]{subsubsection.7.2.2.1}{Main protocols}{subsection.7.2.2}% 116
\BOOKMARK [3][-]{subsubsection.7.2.2.2}{Auxiliary protocols}{subsection.7.2.2}% 117
\BOOKMARK [3][-]{subsubsection.7.2.2.3}{Routing protocols}{subsection.7.2.2}% 118
\BOOKMARK [2][-]{subsection.7.2.3}{Protocol Selection}{section.7.2}% 119
\BOOKMARK [3][-]{subsubsection.7.2.3.1}{Choice of the main protocol}{subsection.7.2.3}% 120
\BOOKMARK [3][-]{subsubsection.7.2.3.2}{Choice of routing protocol}{subsection.7.2.3}% 121
\BOOKMARK [3][-]{subsubsection.7.2.3.3}{Choice of complementary protocols}{subsection.7.2.3}% 122
\BOOKMARK [3][-]{subsubsection.7.2.3.4}{Conclusion}{subsection.7.2.3}% 123
\BOOKMARK [2][-]{subsection.7.2.4}{Final structure}{section.7.2}% 124
\BOOKMARK [1][-]{section.7.3}{Layer 4: Transport and Session}{chapter.7}% 125
\BOOKMARK [2][-]{subsection.7.3.1}{User Datagram Protocol \(UDP\)}{section.7.3}% 126
\BOOKMARK [2][-]{subsection.7.3.2}{Stream Control Transmission Protocol \(SCTP\)}{section.7.3}% 127
\BOOKMARK [2][-]{subsection.7.3.3}{ Transmission Control Protocol \(TCP\)}{section.7.3}% 128
\BOOKMARK [3][-]{subsubsection.7.3.3.1}{TCP Services}{subsection.7.3.3}% 129
\BOOKMARK [3][-]{subsubsection.7.3.3.2}{TCP features}{subsection.7.3.3}% 130
\BOOKMARK [2][-]{subsection.7.3.4}{Choice of protocol for the transport layer}{section.7.3}% 131
\BOOKMARK [1][-]{section.7.4}{Global Overview}{chapter.7}% 132
\BOOKMARK [0][-]{chapter.8}{Ground Segment}{part.3}% 133
\BOOKMARK [1][-]{section.8.1}{Introduction}{chapter.8}% 134
\BOOKMARK [1][-]{section.8.2}{Ground Segment protocols}{chapter.8}% 135
\BOOKMARK [2][-]{subsection.8.2.1}{File Transfer Protocol \(FTP\)}{section.8.2}% 136
\BOOKMARK [2][-]{subsection.8.2.2}{Secure Shell \(SSH\)}{section.8.2}% 137
\BOOKMARK [2][-]{subsection.8.2.3}{Simple Mail Transfer Protocol \(SMTP\)}{section.8.2}% 138
\BOOKMARK [2][-]{subsection.8.2.4}{Hypertext Transfer Protocol \(HTTP\)}{section.8.2}% 139
\BOOKMARK [2][-]{subsection.8.2.5}{Transport Layer Security \(TLS\)}{section.8.2}% 140
\BOOKMARK [2][-]{subsection.8.2.6}{Hypertext Transfer Protocol Secure \(HTTPS\)}{section.8.2}% 141
\BOOKMARK [1][-]{section.8.3}{Conclusions}{chapter.8}% 142
\BOOKMARK [0][-]{chapter.9}{Design of the Ground Segment}{part.3}% 143
\BOOKMARK [1][-]{section.9.1}{Study of localization of Ground Stations}{chapter.9}% 144
\BOOKMARK [2][-]{subsection.9.1.1}{Latitude analysis}{section.9.1}% 145
\BOOKMARK [2][-]{subsection.9.1.2}{Longitude analysis}{section.9.1}% 146
\BOOKMARK [1][-]{section.9.2}{Study of annual costs}{chapter.9}% 147
\BOOKMARK [2][-]{subsection.9.2.1}{Energy and Maintenance}{section.9.2}% 148
\BOOKMARK [3][-]{subsubsection.9.2.1.1}{Mission Control Center}{subsection.9.2.1}% 149
\BOOKMARK [3][-]{subsubsection.9.2.1.2}{Ground Stations}{subsection.9.2.1}% 150
\BOOKMARK [2][-]{subsection.9.2.2}{Salaries}{section.9.2}% 151
\BOOKMARK [1][-]{section.9.3}{Study of initial investment}{chapter.9}% 152
\BOOKMARK [1][-]{section.9.4}{List of existing Ground Stations}{chapter.9}% 153
\BOOKMARK [2][-]{subsection.9.4.1}{ESA Ground Stations}{section.9.4}% 154
\BOOKMARK [2][-]{subsection.9.4.2}{KSAT Ground Stations}{section.9.4}% 155
\BOOKMARK [2][-]{subsection.9.4.3}{NASA Ground Stations}{section.9.4}% 156
\BOOKMARK [2][-]{subsection.9.4.4}{SSC Ground Stations}{section.9.4}% 157
\BOOKMARK [2][-]{subsection.9.4.5}{Other Ground Stations}{section.9.4}% 158
\BOOKMARK [1][-]{section.9.5}{Decision taking}{chapter.9}% 159
\BOOKMARK [2][-]{subsection.9.5.1}{Availability}{section.9.5}% 160
\BOOKMARK [3][-]{subsubsection.9.5.1.1}{Building a ground station}{subsection.9.5.1}% 161
\BOOKMARK [3][-]{subsubsection.9.5.1.2}{Renting a ground station}{subsection.9.5.1}% 162
\BOOKMARK [2][-]{subsection.9.5.2}{Cost}{section.9.5}% 163
\BOOKMARK [3][-]{subsubsection.9.5.2.1}{Building a ground station}{subsection.9.5.2}% 164
\BOOKMARK [3][-]{subsubsection.9.5.2.2}{Renting a ground station}{subsection.9.5.2}% 165
\BOOKMARK [2][-]{subsection.9.5.3}{Position}{section.9.5}% 166
\BOOKMARK [3][-]{subsubsection.9.5.3.1}{Building a ground station}{subsection.9.5.3}% 167
\BOOKMARK [3][-]{subsubsection.9.5.3.2}{Renting a ground station}{subsection.9.5.3}% 168
\BOOKMARK [2][-]{subsection.9.5.4}{Ease to improve}{section.9.5}% 169
\BOOKMARK [3][-]{subsubsection.9.5.4.1}{Building a ground station}{subsection.9.5.4}% 170
\BOOKMARK [3][-]{subsubsection.9.5.4.2}{Renting a ground station}{subsection.9.5.4}% 171
\BOOKMARK [2][-]{subsection.9.5.5}{Decision}{section.9.5}% 172
\BOOKMARK [-1][-]{part.4}{IV ANNEX IV: Satellite design}{}% 173
\BOOKMARK [0][-]{chapter.10}{Satellite design}{part.4}% 174
\BOOKMARK [1][-]{section.10.1}{Structure and mechanics}{chapter.10}% 175
\BOOKMARK [2][-]{subsection.10.1.1}{Structure}{section.10.1}% 176
\BOOKMARK [2][-]{subsection.10.1.2}{Thermal protection}{section.10.1}% 177
\BOOKMARK [2][-]{subsection.10.1.3}{Study of the commercial available options and options chosen}{section.10.1}% 178
\BOOKMARK [1][-]{section.10.2}{Electrical Power System}{chapter.10}% 179
\BOOKMARK [2][-]{subsection.10.2.1}{Estimation of the power required}{section.10.2}% 180
\BOOKMARK [2][-]{subsection.10.2.2}{Solar arrays}{section.10.2}% 181
\BOOKMARK [2][-]{subsection.10.2.3}{Power management system}{section.10.2}% 182
\BOOKMARK [2][-]{subsection.10.2.4}{Batteries}{section.10.2}% 183
\BOOKMARK [2][-]{subsection.10.2.5}{Study of the commercial available options and options chosen}{section.10.2}% 184
\BOOKMARK [1][-]{section.10.3}{Propulsion Systems}{chapter.10}% 185
\BOOKMARK [2][-]{subsection.10.3.1}{Requirements}{section.10.3}% 186
\BOOKMARK [2][-]{subsection.10.3.2}{Thrusters}{section.10.3}% 187
\BOOKMARK [2][-]{subsection.10.3.3}{Study of the commercial available options}{section.10.3}% 188
\BOOKMARK [1][-]{section.10.4}{Attitude and Orbital Control Systems}{chapter.10}% 189
\BOOKMARK [2][-]{subsection.10.4.1}{Orbital Control}{section.10.4}% 190
\BOOKMARK [2][-]{subsection.10.4.2}{Study of the commercial available options}{section.10.4}% 191
\BOOKMARK [1][-]{section.10.5}{Payload}{chapter.10}% 192
\BOOKMARK [2][-]{subsection.10.5.1}{Antennas}{section.10.5}% 193
\BOOKMARK [2][-]{subsection.10.5.2}{Antenna selection}{section.10.5}% 194
\BOOKMARK [2][-]{subsection.10.5.3}{Payload Data Handling Systems}{section.10.5}% 195
\BOOKMARK [2][-]{subsection.10.5.4}{Study of the commercial available options and options chosen}{section.10.5}% 196
\BOOKMARK [1][-]{section.10.6}{Communication module}{chapter.10}% 197
\BOOKMARK [1][-]{section.10.7}{Link Budget}{chapter.10}% 198
\BOOKMARK [2][-]{subsection.10.7.1}{Communications Basics}{section.10.7}% 199
\BOOKMARK [2][-]{subsection.10.7.2}{Propagation losses}{section.10.7}% 200
\BOOKMARK [2][-]{subsection.10.7.3}{Local Losses}{section.10.7}% 201
\BOOKMARK [2][-]{subsection.10.7.4}{Modulation Technique}{section.10.7}% 202
\BOOKMARK [2][-]{subsection.10.7.5}{System Noise}{section.10.7}% 203
\BOOKMARK [2][-]{subsection.10.7.6}{Link Budget Calculation}{section.10.7}% 204
\BOOKMARK [1][-]{section.10.8}{Budget}{chapter.10}% 205
\BOOKMARK [1][-]{section.10.9}{Astrea satellite Final Configuration}{chapter.10}% 206
\BOOKMARK [-1][-]{part.5}{V ANNEX V: Financial and Other Considerations}{}% 207
\BOOKMARK [0][-]{chapter.11}{Financial Study}{part.5}% 208
\BOOKMARK [1][-]{section.11.1}{Selling the product}{chapter.11}% 209
\BOOKMARK [2][-]{subsection.11.1.1}{Estimation of demand}{section.11.1}% 210
\BOOKMARK [3][-]{subsubsection.11.1.1.1}{Universities}{subsection.11.1.1}% 211
\BOOKMARK [3][-]{subsubsection.11.1.1.2}{Particular customers}{subsection.11.1.1}% 212
\BOOKMARK [3][-]{subsubsection.11.1.1.3}{Demand}{subsection.11.1.1}% 213
\BOOKMARK [2][-]{subsection.11.1.2}{Pricing the service}{section.11.1}% 214
\BOOKMARK [1][-]{section.11.2}{Economic Feasibility Report}{chapter.11}% 215
\BOOKMARK [2][-]{subsection.11.2.1}{Previous costs}{section.11.2}% 216
\BOOKMARK [3][-]{subsubsection.11.2.1.1}{Engineering hours}{subsection.11.2.1}% 217
\BOOKMARK [3][-]{subsubsection.11.2.1.2}{Administrarion costs}{subsection.11.2.1}% 218
\BOOKMARK [3][-]{subsubsection.11.2.1.3}{Taxes}{subsection.11.2.1}% 219
\BOOKMARK [3][-]{subsubsection.11.2.1.4}{Insurance}{subsection.11.2.1}% 220
\BOOKMARK [2][-]{subsection.11.2.2}{Economic feasibility study}{section.11.2}% 221
\BOOKMARK [1][-]{section.11.3}{Conclusions of the financial study}{chapter.11}% 222
\BOOKMARK [2][-]{subsection.11.3.1}{Pay Back Time \(PBT\)}{section.11.3}% 223
\BOOKMARK [2][-]{subsection.11.3.2}{Updated Pay Back Time \(UPBT\)}{section.11.3}% 224
\BOOKMARK [2][-]{subsection.11.3.3}{Break Even Point \(BEP\)}{section.11.3}% 225
\BOOKMARK [2][-]{subsection.11.3.4}{Net Present Value \(NPV\)}{section.11.3}% 226
\BOOKMARK [2][-]{subsection.11.3.5}{Internal Rate of Return \(IRR\)}{section.11.3}% 227
\BOOKMARK [2][-]{subsection.11.3.6}{Conclusions of the feasibility study}{section.11.3}% 228
\BOOKMARK [0][-]{chapter.12}{Marketing Plan}{part.5}% 229
\BOOKMARK [1][-]{section.12.1}{Executive Summary}{chapter.12}% 230
\BOOKMARK [1][-]{section.12.2}{Target Customers}{chapter.12}% 231
\BOOKMARK [1][-]{section.12.3}{Unique Selling Proposition}{chapter.12}% 232
\BOOKMARK [1][-]{section.12.4}{Pricing \046 Positioning Strategy}{chapter.12}% 233
\BOOKMARK [1][-]{section.12.5}{Distribution Plan}{chapter.12}% 234
\BOOKMARK [1][-]{section.12.6}{Marketing Materials}{chapter.12}% 235
\BOOKMARK [1][-]{section.12.7}{Online Marketing Strategy}{chapter.12}% 236
\BOOKMARK [1][-]{section.12.8}{Conversion Strategy}{chapter.12}% 237
\BOOKMARK [1][-]{section.12.9}{Joint Ventures \046 Partnerships}{chapter.12}% 238
\BOOKMARK [0][-]{chapter.13}{Environmental Impact Study}{part.5}% 239
\BOOKMARK [1][-]{section.13.1}{Introduction}{chapter.13}% 240
\BOOKMARK [1][-]{section.13.2}{Ground Stations}{chapter.13}% 241
\BOOKMARK [1][-]{section.13.3}{Satellites}{chapter.13}% 242
\BOOKMARK [1][-]{section.13.4}{Launch system}{chapter.13}% 243
\BOOKMARK [0][-]{chapter.14}{Social and Security Considerations}{part.5}% 244
\BOOKMARK [1][-]{section.14.1}{Social and security considerations}{chapter.14}% 245
\BOOKMARK [1][-]{section.14.2}{Legislation}{chapter.14}% 246
\BOOKMARK [-1][-]{part.6}{VI ANNEX VI: Matlab Codes}{}% 247
\BOOKMARK [0][-]{section.14.3}{Satellite Footprint}{part.6}% 248
\BOOKMARK [1][-]{section.14.4}{Minimum Plane Inclination}{section.14.3}% 249
\BOOKMARK [1][-]{section.14.5}{Satellite Number Computation for Polar Orbits}{section.14.3}% 250
\BOOKMARK [1][-]{section.14.6}{Orbit Parameters}{section.14.3}% 251
\BOOKMARK [1][-]{section.14.7}{Walker Delta Testing}{section.14.3}% 252
\BOOKMARK [1][-]{section.14.8}{Orbit Plotter}{section.14.3}% 253
\BOOKMARK [1][-]{section.14.9}{Perturbations}{section.14.3}% 254
\BOOKMARK [1][-]{section.14.10}{Orbit Decay}{section.14.3}% 255
\BOOKMARK [1][-]{section.14.11}{Performance Evaluator}{section.14.3}% 256
\BOOKMARK [1][-]{section.14.12}{Thrust}{section.14.3}% 257
\BOOKMARK [1][-]{section.14.13}{Satellites Datasheet}{section.14.3}% 258
\BOOKMARK [1][-]{section.14.14}{Ground Station Localization}{section.14.3}% 259
\BOOKMARK [0][-]{chapter.15}{Bibliography}{part.6}% 260
