This is pdfTeX, Version 3.14159265-2.6-1.40.17 (MiKTeX 2.9 64-bit) (preloaded format=pdflatex 2016.10.3)  3 OCT 2016 13:53
entering extended mode
**./simple.tex
(simple.tex
LaTeX2e <2016/03/31> patch level 3
Babel <3.9r> and hyphenation patterns for 75 language(s) loaded.
("C:\Program Files\MiKTeX 2.9\tex\latex\koma-script\scrartcl.cls"
Document Class: scrartcl 2016/06/14 v3.21 KOMA-Script document class (article)
("C:\Program Files\MiKTeX 2.9\tex\latex\koma-script\scrkbase.sty"
Package: scrkbase 2016/06/14 v3.21 KOMA-Script package (KOMA-Script-dependent b
asics and keyval usage)

("C:\Program Files\MiKTeX 2.9\tex\latex\koma-script\scrbase.sty"
Package: scrbase 2016/06/14 v3.21 KOMA-Script package (KOMA-Script-independent 
basics and keyval usage)

("C:\Program Files\MiKTeX 2.9\tex\latex\graphics\keyval.sty"
Package: keyval 2014/10/28 v1.15 key=value parser (DPC)
\KV@toks@=\toks14
)
("C:\Program Files\MiKTeX 2.9\tex\latex\koma-script\scrlfile.sty"
Package: scrlfile 2016/06/14 v3.21 KOMA-Script package (loading files)

Package scrlfile, 2016/06/14 v3.21 KOMA-Script package (loading files)
                  Copyright (C) Markus Kohm

))) ("C:\Program Files\MiKTeX 2.9\tex\latex\koma-script\tocbasic.sty"
Package: tocbasic 2016/06/14 v3.21 KOMA-Script package (handling toc-files)
\scr@dte@tocline@numberwidth=\skip41
\scr@dte@tocline@numbox=\box26
)
Package tocbasic Info: omitting babel extension for `toc'
(tocbasic)             because of feature `nobabel' available
(tocbasic)             for `toc' on input line 130.
Package tocbasic Info: omitting babel extension for `lof'
(tocbasic)             because of feature `nobabel' available
(tocbasic)             for `lof' on input line 131.
Package tocbasic Info: omitting babel extension for `lot'
(tocbasic)             because of feature `nobabel' available
(tocbasic)             for `lot' on input line 132.
Package scrartcl Info: You've used standard option `12pt'.
(scrartcl)             This is correct!
(scrartcl)             Internally I'm using `fontsize=12pt'.
(scrartcl)             If you'd like to set the option with \KOMAoptions,
(scrartcl)             you'd have to use `fontsize=12pt' there
(scrartcl)             instead of `12pt', too.
Class scrartcl Info: File `scrsize12pt.clo' used to setup font sizes on input l
ine 2052.

("C:\Program Files\MiKTeX 2.9\tex\latex\koma-script\scrsize12pt.clo"
File: scrsize12pt.clo 2016/06/14 v3.21 KOMA-Script font size class option (12pt
)
)
("C:\Program Files\MiKTeX 2.9\tex\latex\koma-script\typearea.sty"
Package: typearea 2016/06/14 v3.21 KOMA-Script package (type area)

Package typearea, 2016/06/14 v3.21 KOMA-Script package (type area)
                  Copyright (C) Frank Neukam, 1992-1994
                  Copyright (C) Markus Kohm, 1994-

\ta@bcor=\skip42
\ta@div=\count79
\ta@hblk=\skip43
\ta@vblk=\skip44
\ta@temp=\skip45
\footheight=\skip46
Package typearea Info: These are the values describing the layout:
(typearea)             DIV  = 12
(typearea)             BCOR = 0.0pt
(typearea)             \paperwidth      = 597.50793pt
(typearea)              \textwidth      = 448.13095pt
(typearea)              DIV departure   = -6%
(typearea)              \evensidemargin = 2.4185pt
(typearea)              \oddsidemargin  = 2.4185pt
(typearea)             \paperheight     = 845.04694pt
(typearea)              \textheight     = 635.5pt
(typearea)              \topmargin      = -41.72441pt
(typearea)              \headheight     = 18.125pt
(typearea)              \headsep        = 21.75pt
(typearea)              \topskip        = 12.0pt
(typearea)              \footskip       = 50.75pt
(typearea)              \baselineskip   = 14.5pt
(typearea)              on input line 1529.
)
\c@part=\count80
\c@section=\count81
\c@subsection=\count82
\c@subsubsection=\count83
\c@paragraph=\count84
\c@subparagraph=\count85
\scr@dte@part@maxnumwidth=\skip47
\scr@dte@section@maxnumwidth=\skip48
\scr@dte@subsection@maxnumwidth=\skip49
\scr@dte@subsubsection@maxnumwidth=\skip50
\scr@dte@paragraph@maxnumwidth=\skip51
\scr@dte@subparagraph@maxnumwidth=\skip52
LaTeX Info: Redefining \textsubscript on input line 4036.
\abovecaptionskip=\skip53
\belowcaptionskip=\skip54
\c@pti@nb@sid@b@x=\box27
\c@figure=\count86
\c@table=\count87
Class scrartcl Info: Redefining `\numberline' on input line 5049.
\bibindent=\dimen102
) ("C:\Program Files\MiKTeX 2.9\tex\latex\blindtext\blindtext.sty"
Package: blindtext 2012/01/06 V2.0 blindtext-Package

("C:\Program Files\MiKTeX 2.9\tex\latex\tools\xspace.sty"
Package: xspace 2014/10/28 v1.13 Space after command names (DPC,MH)
)
\c@blindtext=\count88
\c@Blindtext=\count89
\c@blind@countparstart=\count90
\blind@countxx=\count91
\blindtext@numBlindtext=\count92
\blind@countyy=\count93
\c@blindlist=\count94
\c@blindlistlevel=\count95
\c@blindlist@level=\count96
\blind@listitem=\count97
\c@blind@listcount=\count98
\c@blind@levelcount=\count99
\blind@mathformula=\count100
\blind@Mathformula=\count101
\c@blind@randomcount=\count102
\c@blind@randommax=\count103
\c@blind@pangramcount=\count104
\c@blind@pangrammax=\count105
)
("C:\Program Files\MiKTeX 2.9\tex\latex\base\inputenc.sty"
Package: inputenc 2015/03/17 v1.2c Input encoding file
\inpenc@prehook=\toks15
\inpenc@posthook=\toks16

("C:\Program Files\MiKTeX 2.9\tex\latex\base\utf8.def"
File: utf8.def 2016/02/28 v1.1s UTF-8 support for inputenc
Now handling font encoding OML ...
... no UTF-8 mapping file for font encoding OML
Now handling font encoding T1 ...
... processing UTF-8 mapping file for font encoding T1

("C:\Program Files\MiKTeX 2.9\tex\latex\base\t1enc.dfu"
File: t1enc.dfu 2016/02/28 v1.1s UTF-8 support for inputenc
   defining Unicode char U+00A0 (decimal 160)
   defining Unicode char U+00A1 (decimal 161)
   defining Unicode char U+00A3 (decimal 163)
   defining Unicode char U+00AB (decimal 171)
   defining Unicode char U+00AD (decimal 173)
   defining Unicode char U+00BB (decimal 187)
   defining Unicode char U+00BF (decimal 191)
   defining Unicode char U+00C0 (decimal 192)
   defining Unicode char U+00C1 (decimal 193)
   defining Unicode char U+00C2 (decimal 194)
   defining Unicode char U+00C3 (decimal 195)
   defining Unicode char U+00C4 (decimal 196)
   defining Unicode char U+00C5 (decimal 197)
   defining Unicode char U+00C6 (decimal 198)
   defining Unicode char U+00C7 (decimal 199)
   defining Unicode char U+00C8 (decimal 200)
   defining Unicode char U+00C9 (decimal 201)
   defining Unicode char U+00CA (decimal 202)
   defining Unicode char U+00CB (decimal 203)
   defining Unicode char U+00CC (decimal 204)
   defining Unicode char U+00CD (decimal 205)
   defining Unicode char U+00CE (decimal 206)
   defining Unicode char U+00CF (decimal 207)
   defining Unicode char U+00D0 (decimal 208)
   defining Unicode char U+00D1 (decimal 209)
   defining Unicode char U+00D2 (decimal 210)
   defining Unicode char U+00D3 (decimal 211)
   defining Unicode char U+00D4 (decimal 212)
   defining Unicode char U+00D5 (decimal 213)
   defining Unicode char U+00D6 (decimal 214)
   defining Unicode char U+00D8 (decimal 216)
   defining Unicode char U+00D9 (decimal 217)
   defining Unicode char U+00DA (decimal 218)
   defining Unicode char U+00DB (decimal 219)
   defining Unicode char U+00DC (decimal 220)
   defining Unicode char U+00DD (decimal 221)
   defining Unicode char U+00DE (decimal 222)
   defining Unicode char U+00DF (decimal 223)
   defining Unicode char U+00E0 (decimal 224)
   defining Unicode char U+00E1 (decimal 225)
   defining Unicode char U+00E2 (decimal 226)
   defining Unicode char U+00E3 (decimal 227)
   defining Unicode char U+00E4 (decimal 228)
   defining Unicode char U+00E5 (decimal 229)
   defining Unicode char U+00E6 (decimal 230)
   defining Unicode char U+00E7 (decimal 231)
   defining Unicode char U+00E8 (decimal 232)
   defining Unicode char U+00E9 (decimal 233)
   defining Unicode char U+00EA (decimal 234)
   defining Unicode char U+00EB (decimal 235)
   defining Unicode char U+00EC (decimal 236)
   defining Unicode char U+00ED (decimal 237)
   defining Unicode char U+00EE (decimal 238)
   defining Unicode char U+00EF (decimal 239)
   defining Unicode char U+00F0 (decimal 240)
   defining Unicode char U+00F1 (decimal 241)
   defining Unicode char U+00F2 (decimal 242)
   defining Unicode char U+00F3 (decimal 243)
   defining Unicode char U+00F4 (decimal 244)
   defining Unicode char U+00F5 (decimal 245)
   defining Unicode char U+00F6 (decimal 246)
   defining Unicode char U+00F8 (decimal 248)
   defining Unicode char U+00F9 (decimal 249)
   defining Unicode char U+00FA (decimal 250)
   defining Unicode char U+00FB (decimal 251)
   defining Unicode char U+00FC (decimal 252)
   defining Unicode char U+00FD (decimal 253)
   defining Unicode char U+00FE (decimal 254)
   defining Unicode char U+00FF (decimal 255)
   defining Unicode char U+0100 (decimal 256)
   defining Unicode char U+0101 (decimal 257)
   defining Unicode char U+0102 (decimal 258)
   defining Unicode char U+0103 (decimal 259)
   defining Unicode char U+0104 (decimal 260)
   defining Unicode char U+0105 (decimal 261)
   defining Unicode char U+0106 (decimal 262)
   defining Unicode char U+0107 (decimal 263)
   defining Unicode char U+0108 (decimal 264)
   defining Unicode char U+0109 (decimal 265)
   defining Unicode char U+010A (decimal 266)
   defining Unicode char U+010B (decimal 267)
   defining Unicode char U+010C (decimal 268)
   defining Unicode char U+010D (decimal 269)
   defining Unicode char U+010E (decimal 270)
   defining Unicode char U+010F (decimal 271)
   defining Unicode char U+0110 (decimal 272)
   defining Unicode char U+0111 (decimal 273)
   defining Unicode char U+0112 (decimal 274)
   defining Unicode char U+0113 (decimal 275)
   defining Unicode char U+0114 (decimal 276)
   defining Unicode char U+0115 (decimal 277)
   defining Unicode char U+0116 (decimal 278)
   defining Unicode char U+0117 (decimal 279)
   defining Unicode char U+0118 (decimal 280)
   defining Unicode char U+0119 (decimal 281)
   defining Unicode char U+011A (decimal 282)
   defining Unicode char U+011B (decimal 283)
   defining Unicode char U+011C (decimal 284)
   defining Unicode char U+011D (decimal 285)
   defining Unicode char U+011E (decimal 286)
   defining Unicode char U+011F (decimal 287)
   defining Unicode char U+0120 (decimal 288)
   defining Unicode char U+0121 (decimal 289)
   defining Unicode char U+0122 (decimal 290)
   defining Unicode char U+0123 (decimal 291)
   defining Unicode char U+0124 (decimal 292)
   defining Unicode char U+0125 (decimal 293)
   defining Unicode char U+0128 (decimal 296)
   defining Unicode char U+0129 (decimal 297)
   defining Unicode char U+012A (decimal 298)
   defining Unicode char U+012B (decimal 299)
   defining Unicode char U+012C (decimal 300)
   defining Unicode char U+012D (decimal 301)
   defining Unicode char U+012E (decimal 302)
   defining Unicode char U+012F (decimal 303)
   defining Unicode char U+0130 (decimal 304)
   defining Unicode char U+0131 (decimal 305)
   defining Unicode char U+0132 (decimal 306)
   defining Unicode char U+0133 (decimal 307)
   defining Unicode char U+0134 (decimal 308)
   defining Unicode char U+0135 (decimal 309)
   defining Unicode char U+0136 (decimal 310)
   defining Unicode char U+0137 (decimal 311)
   defining Unicode char U+0139 (decimal 313)
   defining Unicode char U+013A (decimal 314)
   defining Unicode char U+013B (decimal 315)
   defining Unicode char U+013C (decimal 316)
   defining Unicode char U+013D (decimal 317)
   defining Unicode char U+013E (decimal 318)
   defining Unicode char U+0141 (decimal 321)
   defining Unicode char U+0142 (decimal 322)
   defining Unicode char U+0143 (decimal 323)
   defining Unicode char U+0144 (decimal 324)
   defining Unicode char U+0145 (decimal 325)
   defining Unicode char U+0146 (decimal 326)
   defining Unicode char U+0147 (decimal 327)
   defining Unicode char U+0148 (decimal 328)
   defining Unicode char U+014A (decimal 330)
   defining Unicode char U+014B (decimal 331)
   defining Unicode char U+014C (decimal 332)
   defining Unicode char U+014D (decimal 333)
   defining Unicode char U+014E (decimal 334)
   defining Unicode char U+014F (decimal 335)
   defining Unicode char U+0150 (decimal 336)
   defining Unicode char U+0151 (decimal 337)
   defining Unicode char U+0152 (decimal 338)
   defining Unicode char U+0153 (decimal 339)
   defining Unicode char U+0154 (decimal 340)
   defining Unicode char U+0155 (decimal 341)
   defining Unicode char U+0156 (decimal 342)
   defining Unicode char U+0157 (decimal 343)
   defining Unicode char U+0158 (decimal 344)
   defining Unicode char U+0159 (decimal 345)
   defining Unicode char U+015A (decimal 346)
   defining Unicode char U+015B (decimal 347)
   defining Unicode char U+015C (decimal 348)
   defining Unicode char U+015D (decimal 349)
   defining Unicode char U+015E (decimal 350)
   defining Unicode char U+015F (decimal 351)
   defining Unicode char U+0160 (decimal 352)
   defining Unicode char U+0161 (decimal 353)
   defining Unicode char U+0162 (decimal 354)
   defining Unicode char U+0163 (decimal 355)
   defining Unicode char U+0164 (decimal 356)
   defining Unicode char U+0165 (decimal 357)
   defining Unicode char U+0168 (decimal 360)
   defining Unicode char U+0169 (decimal 361)
   defining Unicode char U+016A (decimal 362)
   defining Unicode char U+016B (decimal 363)
   defining Unicode char U+016C (decimal 364)
   defining Unicode char U+016D (decimal 365)
   defining Unicode char U+016E (decimal 366)
   defining Unicode char U+016F (decimal 367)
   defining Unicode char U+0170 (decimal 368)
   defining Unicode char U+0171 (decimal 369)
   defining Unicode char U+0172 (decimal 370)
   defining Unicode char U+0173 (decimal 371)
   defining Unicode char U+0174 (decimal 372)
   defining Unicode char U+0175 (decimal 373)
   defining Unicode char U+0176 (decimal 374)
   defining Unicode char U+0177 (decimal 375)
   defining Unicode char U+0178 (decimal 376)
   defining Unicode char U+0179 (decimal 377)
   defining Unicode char U+017A (decimal 378)
   defining Unicode char U+017B (decimal 379)
   defining Unicode char U+017C (decimal 380)
   defining Unicode char U+017D (decimal 381)
   defining Unicode char U+017E (decimal 382)
   defining Unicode char U+01CD (decimal 461)
   defining Unicode char U+01CE (decimal 462)
   defining Unicode char U+01CF (decimal 463)
   defining Unicode char U+01D0 (decimal 464)
   defining Unicode char U+01D1 (decimal 465)
   defining Unicode char U+01D2 (decimal 466)
   defining Unicode char U+01D3 (decimal 467)
   defining Unicode char U+01D4 (decimal 468)
   defining Unicode char U+01E2 (decimal 482)
   defining Unicode char U+01E3 (decimal 483)
   defining Unicode char U+01E6 (decimal 486)
   defining Unicode char U+01E7 (decimal 487)
   defining Unicode char U+01E8 (decimal 488)
   defining Unicode char U+01E9 (decimal 489)
   defining Unicode char U+01EA (decimal 490)
   defining Unicode char U+01EB (decimal 491)
   defining Unicode char U+01F0 (decimal 496)
   defining Unicode char U+01F4 (decimal 500)
   defining Unicode char U+01F5 (decimal 501)
   defining Unicode char U+0218 (decimal 536)
   defining Unicode char U+0219 (decimal 537)
   defining Unicode char U+021A (decimal 538)
   defining Unicode char U+021B (decimal 539)
   defining Unicode char U+1E02 (decimal 7682)
   defining Unicode char U+1E03 (decimal 7683)
   defining Unicode char U+200C (decimal 8204)
   defining Unicode char U+2010 (decimal 8208)
   defining Unicode char U+2011 (decimal 8209)
   defining Unicode char U+2012 (decimal 8210)
   defining Unicode char U+2013 (decimal 8211)
   defining Unicode char U+2014 (decimal 8212)
   defining Unicode char U+2015 (decimal 8213)
   defining Unicode char U+2018 (decimal 8216)
   defining Unicode char U+2019 (decimal 8217)
   defining Unicode char U+201A (decimal 8218)
   defining Unicode char U+201C (decimal 8220)
   defining Unicode char U+201D (decimal 8221)
   defining Unicode char U+201E (decimal 8222)
   defining Unicode char U+2030 (decimal 8240)
   defining Unicode char U+2031 (decimal 8241)
   defining Unicode char U+2039 (decimal 8249)
   defining Unicode char U+203A (decimal 8250)
   defining Unicode char U+2423 (decimal 9251)
)
Now handling font encoding OT1 ...
... processing UTF-8 mapping file for font encoding OT1

("C:\Program Files\MiKTeX 2.9\tex\latex\base\ot1enc.dfu"
File: ot1enc.dfu 2016/02/28 v1.1s UTF-8 support for inputenc
   defining Unicode char U+00A0 (decimal 160)
   defining Unicode char U+00A1 (decimal 161)
   defining Unicode char U+00A3 (decimal 163)
   defining Unicode char U+00AD (decimal 173)
   defining Unicode char U+00B8 (decimal 184)
   defining Unicode char U+00BF (decimal 191)
   defining Unicode char U+00C5 (decimal 197)
   defining Unicode char U+00C6 (decimal 198)
   defining Unicode char U+00D8 (decimal 216)
   defining Unicode char U+00DF (decimal 223)
   defining Unicode char U+00E6 (decimal 230)
   defining Unicode char U+00EC (decimal 236)
   defining Unicode char U+00ED (decimal 237)
   defining Unicode char U+00EE (decimal 238)
   defining Unicode char U+00EF (decimal 239)
   defining Unicode char U+00F8 (decimal 248)
   defining Unicode char U+0131 (decimal 305)
   defining Unicode char U+0141 (decimal 321)
   defining Unicode char U+0142 (decimal 322)
   defining Unicode char U+0152 (decimal 338)
   defining Unicode char U+0153 (decimal 339)
   defining Unicode char U+0174 (decimal 372)
   defining Unicode char U+0175 (decimal 373)
   defining Unicode char U+0176 (decimal 374)
   defining Unicode char U+0177 (decimal 375)
   defining Unicode char U+0218 (decimal 536)
   defining Unicode char U+0219 (decimal 537)
   defining Unicode char U+021A (decimal 538)
   defining Unicode char U+021B (decimal 539)
   defining Unicode char U+2013 (decimal 8211)
   defining Unicode char U+2014 (decimal 8212)
   defining Unicode char U+2018 (decimal 8216)
   defining Unicode char U+2019 (decimal 8217)
   defining Unicode char U+201C (decimal 8220)
   defining Unicode char U+201D (decimal 8221)
)
Now handling font encoding OMS ...
... processing UTF-8 mapping file for font encoding OMS

("C:\Program Files\MiKTeX 2.9\tex\latex\base\omsenc.dfu"
File: omsenc.dfu 2016/02/28 v1.1s UTF-8 support for inputenc
   defining Unicode char U+00A7 (decimal 167)
   defining Unicode char U+00B6 (decimal 182)
   defining Unicode char U+00B7 (decimal 183)
   defining Unicode char U+2020 (decimal 8224)
   defining Unicode char U+2021 (decimal 8225)
   defining Unicode char U+2022 (decimal 8226)
)
Now handling font encoding OMX ...
... no UTF-8 mapping file for font encoding OMX
Now handling font encoding U ...
... no UTF-8 mapping file for font encoding U
   defining Unicode char U+00A9 (decimal 169)
   defining Unicode char U+00AA (decimal 170)
   defining Unicode char U+00AE (decimal 174)
   defining Unicode char U+00BA (decimal 186)
   defining Unicode char U+02C6 (decimal 710)
   defining Unicode char U+02DC (decimal 732)
   defining Unicode char U+200C (decimal 8204)
   defining Unicode char U+2026 (decimal 8230)
   defining Unicode char U+2122 (decimal 8482)
   defining Unicode char U+2423 (decimal 9251)
))

Class scrartcl Warning: Usage of package `fancyhdr' together
(scrartcl)              with a KOMA-Script class is not recommended.
(scrartcl)              I'd suggest to use 
(scrartcl)              package `scrlayer-scrpage'.
(scrartcl)              Nevertheless, using requested
(scrartcl)              package `fancyhdr' on input line 32.

("C:\Program Files\MiKTeX 2.9\tex\latex\fancyhdr\fancyhdr.sty"
Package: fancyhdr 2016/09/06 3.8 Extensive control of page headers and footers
\fancy@headwidth=\skip55
\f@ncyO@elh=\skip56
\f@ncyO@erh=\skip57
\f@ncyO@olh=\skip58
\f@ncyO@orh=\skip59
\f@ncyO@elf=\skip60
\f@ncyO@erf=\skip61
\f@ncyO@olf=\skip62
\f@ncyO@orf=\skip63
)
("C:\Program Files\MiKTeX 2.9\tex\latex\lastpage\lastpage.sty"
Package: lastpage 2015/03/29 v1.2m Refers to last page's name (HMM; JPG)
)
("C:\Program Files\MiKTeX 2.9\tex\latex\booktabs\booktabs.sty"
Package: booktabs 2005/04/14 v1.61803 publication quality tables
\heavyrulewidth=\dimen103
\lightrulewidth=\dimen104
\cmidrulewidth=\dimen105
\belowrulesep=\dimen106
\belowbottomsep=\dimen107
\aboverulesep=\dimen108
\abovetopsep=\dimen109
\cmidrulesep=\dimen110
\cmidrulekern=\dimen111
\defaultaddspace=\dimen112
\@cmidla=\count106
\@cmidlb=\count107
\@aboverulesep=\dimen113
\@belowrulesep=\dimen114
\@thisruleclass=\count108
\@lastruleclass=\count109
\@thisrulewidth=\dimen115
)
("C:\Program Files\MiKTeX 2.9\tex\latex\pdfpages\pdfpages.sty"
Package: pdfpages 2016/04/19 v0.5f Insert pages of external PDF documents (AM)

("C:\Program Files\MiKTeX 2.9\tex\latex\base\ifthen.sty"
Package: ifthen 2014/09/29 v1.1c Standard LaTeX ifthen package (DPC)
)
("C:\Program Files\MiKTeX 2.9\tex\latex\tools\calc.sty"
Package: calc 2014/10/28 v4.3 Infix arithmetic (KKT,FJ)
\calc@Acount=\count110
\calc@Bcount=\count111
\calc@Adimen=\dimen116
\calc@Bdimen=\dimen117
\calc@Askip=\skip64
\calc@Bskip=\skip65
LaTeX Info: Redefining \setlength on input line 80.
LaTeX Info: Redefining \addtolength on input line 81.
\calc@Ccount=\count112
\calc@Cskip=\skip66
)
("C:\Program Files\MiKTeX 2.9\tex\latex\eso-pic\eso-pic.sty"
Package: eso-pic 2015/07/21 v2.0g eso-pic (RN)

("C:\Program Files\MiKTeX 2.9\tex\generic\oberdiek\atbegshi.sty"
Package: atbegshi 2016/06/09 v1.18 At begin shipout hook (HO)

("C:\Program Files\MiKTeX 2.9\tex\generic\oberdiek\infwarerr.sty"
Package: infwarerr 2016/05/16 v1.4 Providing info/warning/error messages (HO)
)
("C:\Program Files\MiKTeX 2.9\tex\generic\oberdiek\ltxcmds.sty"
Package: ltxcmds 2016/05/16 v1.23 LaTeX kernel commands for general use (HO)
)
("C:\Program Files\MiKTeX 2.9\tex\generic\oberdiek\ifpdf.sty"
Package: ifpdf 2016/05/14 v3.1 Provides the ifpdf switch
))
("C:\Program Files\MiKTeX 2.9\tex\latex\xcolor\xcolor.sty"
Package: xcolor 2016/05/11 v2.12 LaTeX color extensions (UK)

("C:\Program Files\MiKTeX 2.9\tex\latex\00miktex\color.cfg"
File: color.cfg 2016/01/02 v1.6 sample color configuration
)
Package xcolor Info: Driver file: pdftex.def on input line 225.

("C:\Program Files\MiKTeX 2.9\tex\latex\graphics-def\pdftex.def"
File: pdftex.def 2016/07/10 v0.06j Graphics/color for pdfTeX
\Gread@gobject=\count113
)
Package xcolor Info: Model `cmy' substituted by `cmy0' on input line 1348.
Package xcolor Info: Model `hsb' substituted by `rgb' on input line 1352.
Package xcolor Info: Model `RGB' extended on input line 1364.
Package xcolor Info: Model `HTML' substituted by `rgb' on input line 1366.
Package xcolor Info: Model `Hsb' substituted by `hsb' on input line 1367.
Package xcolor Info: Model `tHsb' substituted by `hsb' on input line 1368.
Package xcolor Info: Model `HSB' substituted by `hsb' on input line 1369.
Package xcolor Info: Model `Gray' substituted by `gray' on input line 1370.
Package xcolor Info: Model `wave' substituted by `hsb' on input line 1371.
))
("C:\Program Files\MiKTeX 2.9\tex\latex\graphics\graphicx.sty"
Package: graphicx 2014/10/28 v1.0g Enhanced LaTeX Graphics (DPC,SPQR)

("C:\Program Files\MiKTeX 2.9\tex\latex\graphics\graphics.sty"
Package: graphics 2016/07/10 v1.0t Standard LaTeX Graphics (DPC,SPQR)

("C:\Program Files\MiKTeX 2.9\tex\latex\graphics\trig.sty"
Package: trig 2016/01/03 v1.10 sin cos tan (DPC)
)
("C:\Program Files\MiKTeX 2.9\tex\latex\00miktex\graphics.cfg"
File: graphics.cfg 2016/06/04 v1.11 sample graphics configuration
)
Package graphics Info: Driver file: pdftex.def on input line 99.
)
\Gin@req@height=\dimen118
\Gin@req@width=\dimen119
)
\AM@pagewidth=\dimen120
\AM@pageheight=\dimen121

("C:\Program Files\MiKTeX 2.9\tex\latex\pdfpages\pppdftex.def"
File: pppdftex.def 2016/04/19 v0.5f Pdfpages driver for pdfTeX (AM)
)
\AM@pagebox=\box28
\AM@global@opts=\toks17
\AM@toc@title=\toks18
\c@AM@survey=\count114
\AM@templatesizebox=\box29
) (simple.aux)
\openout1 = `simple.aux'.

LaTeX Font Info:    Checking defaults for OML/cmm/m/it on input line 46.
LaTeX Font Info:    ... okay on input line 46.
LaTeX Font Info:    Checking defaults for T1/cmr/m/n on input line 46.
LaTeX Font Info:    ... okay on input line 46.
LaTeX Font Info:    Checking defaults for OT1/cmr/m/n on input line 46.
LaTeX Font Info:    ... okay on input line 46.
LaTeX Font Info:    Checking defaults for OMS/cmsy/m/n on input line 46.
LaTeX Font Info:    ... okay on input line 46.
LaTeX Font Info:    Checking defaults for OMX/cmex/m/n on input line 46.
LaTeX Font Info:    ... okay on input line 46.
LaTeX Font Info:    Checking defaults for U/cmr/m/n on input line 46.
LaTeX Font Info:    ... okay on input line 46.
Package lastpage Info: Please have a look at the pageslts package at
(lastpage)             https://www.ctan.org/pkg/pageslts
(lastpage)             ! on input line 46.
\AtBeginShipoutBox=\box30

("C:\Program Files\MiKTeX 2.9\tex\context\base\supp-pdf.mkii"
[Loading MPS to PDF converter (version 2006.09.02).]
\scratchcounter=\count115
\scratchdimen=\dimen122
\scratchbox=\box31
\nofMPsegments=\count116
\nofMParguments=\count117
\everyMPshowfont=\toks19
\MPscratchCnt=\count118
\MPscratchDim=\dimen123
\MPnumerator=\count119
\makeMPintoPDFobject=\count120
\everyMPtoPDFconversion=\toks20
) ("C:\Program Files\MiKTeX 2.9\tex\generic\oberdiek\pdftexcmds.sty"
Package: pdftexcmds 2016/05/21 v0.22 Utility functions of pdfTeX for LuaTeX (HO
)

("C:\Program Files\MiKTeX 2.9\tex\generic\oberdiek\ifluatex.sty"
Package: ifluatex 2016/05/16 v1.4 Provides the ifluatex switch (HO)
Package ifluatex Info: LuaTeX not detected.
)
Package pdftexcmds Info: LuaTeX not detected.
Package pdftexcmds Info: \pdf@primitive is available.
Package pdftexcmds Info: \pdf@ifprimitive is available.
Package pdftexcmds Info: \pdfdraftmode found.
)
("C:\Program Files\MiKTeX 2.9\tex\latex\oberdiek\epstopdf-base.sty"
Package: epstopdf-base 2016/05/15 v2.6 Base part for package epstopdf

("C:\Program Files\MiKTeX 2.9\tex\latex\oberdiek\grfext.sty"
Package: grfext 2016/05/16 v1.2 Manage graphics extensions (HO)

("C:\Program Files\MiKTeX 2.9\tex\generic\oberdiek\kvdefinekeys.sty"
Package: kvdefinekeys 2016/05/16 v1.4 Define keys (HO)
))
("C:\Program Files\MiKTeX 2.9\tex\latex\oberdiek\kvoptions.sty"
Package: kvoptions 2016/05/16 v3.12 Key value format for package options (HO)

("C:\Program Files\MiKTeX 2.9\tex\generic\oberdiek\kvsetkeys.sty"
Package: kvsetkeys 2016/05/16 v1.17 Key value parser (HO)

("C:\Program Files\MiKTeX 2.9\tex\generic\oberdiek\etexcmds.sty"
Package: etexcmds 2016/05/16 v1.6 Avoid name clashes with e-TeX commands (HO)
Package etexcmds Info: Could not find \expanded.
(etexcmds)             That can mean that you are not using pdfTeX 1.50 or
(etexcmds)             that some package has redefined \expanded.
(etexcmds)             In the latter case, load this package earlier.
)))
Package epstopdf-base Info: Redefining graphics rule for `.eps' on input line 4
38.
Package grfext Info: Graphics extension search list:
(grfext)             [.png,.pdf,.jpg,.mps,.jpeg,.jbig2,.jb2,.PNG,.PDF,.JPG,.JPE
G,.JBIG2,.JB2,.eps]
(grfext)             \AppendGraphicsExtensions on input line 456.
)
("C:\Program Files\MiKTeX 2.9\tex\latex\oberdiek\pdflscape.sty"
Package: pdflscape 2016/05/14 v0.11 Display of landscape pages in PDF (HO)

("C:\Program Files\MiKTeX 2.9\tex\latex\graphics\lscape.sty"
Package: lscape 2000/10/22 v3.01 Landscape Pages (DPC)
)
Package pdflscape Info: Auto-detected driver: pdftex on input line 81.

("C:\Program Files\MiKTeX 2.9\tex\generic\ifxetex\ifxetex.sty"
Package: ifxetex 2010/09/12 v0.6 Provides ifxetex conditional
))
LaTeX Font Info:    External font `cmex10' loaded for size
(Font)              <17.28> on input line 48.
LaTeX Font Info:    External font `cmex10' loaded for size
(Font)              <12> on input line 48.
 [1

{C:/ProgramData/MiKTeX/2.9/pdftex/config/pdftex.map}] (simple.toc
LaTeX Font Info:    External font `cmex10' loaded for size
(Font)              <8> on input line 6.
LaTeX Font Info:    External font `cmex10' loaded for size
(Font)              <6> on input line 6.
)
\tf@toc=\write3
\openout3 = `simple.toc'.

 [2]
LaTeX Font Info:    Try loading font information for OMS+cmr on input line 61.

("C:\Program Files\MiKTeX 2.9\tex\latex\base\omscmr.fd"
File: omscmr.fd 2014/09/29 v2.5h Standard LaTeX font definitions
)
LaTeX Font Info:    Font shape `OMS/cmr/m/n' in size <12> not available
(Font)              Font shape `OMS/cmsy/m/n' tried instead on input line 61.
 [3]
Overfull \hbox (31.89868pt too wide) in paragraph at lines 116--126
 [][] 
 []

[4] <./parts/pdf/1.pdf, id=19, 597.23125pt x 845.1575pt>
File: ./parts/pdf/1.pdf Graphic file (type pdf)

<use ./parts/pdf/1.pdf>
Package pdftex.def Info: ./parts/pdf/1.pdf used on input line 162.
(pdftex.def)             Requested size: 597.22978pt x 845.15544pt.
File: ./parts/pdf/1.pdf Graphic file (type pdf)
 <use ./parts/pdf/1.pdf>
Package pdftex.def Info: ./parts/pdf/1.pdf used on input line 162.
(pdftex.def)             Requested size: 597.22978pt x 845.15544pt.

<./parts/pdf/1.pdf, id=22, page=1, 597.23125pt x 845.1575pt>
File: ./parts/pdf/1.pdf Graphic file (type pdf)

<use ./parts/pdf/1.pdf, page 1>
Package pdftex.def Info: ./parts/pdf/1.pdf, page1 used on input line 162.
(pdftex.def)             Requested size: 597.22978pt x 845.15544pt.
File: ./parts/pdf/1.pdf Graphic file (type pdf)
 <use ./parts/pdf/1.pdf, page 1>
Package pdftex.def Info: ./parts/pdf/1.pdf, page1 used on input line 162.
(pdftex.def)             Requested size: 597.25711pt x 845.19412pt.
 [5] [6]
File: ./parts/pdf/1.pdf Graphic file (type pdf)

<use ./parts/pdf/1.pdf, page 1>
Package pdftex.def Info: ./parts/pdf/1.pdf, page1 used on input line 162.
(pdftex.def)             Requested size: 597.25711pt x 845.19412pt.
File: ./parts/pdf/1.pdf Graphic file (type pdf)
 <use ./parts/pdf/1.pdf, page 1>
Package pdftex.def Info: ./parts/pdf/1.pdf, page1 used on input line 162.
(pdftex.def)             Requested size: 597.25711pt x 845.19412pt.
File: ./parts/pdf/1.pdf Graphic file (type pdf)

<use ./parts/pdf/1.pdf, page 1>
Package pdftex.def Info: ./parts/pdf/1.pdf, page1 used on input line 162.
(pdftex.def)             Requested size: 597.25711pt x 845.19412pt.
 [7 <./parts/pdf/1.pdf>]
<./parts/pdf/1.pdf, id=49, page=2, 597.23125pt x 845.1575pt>
File: ./parts/pdf/1.pdf Graphic file (type pdf)

<use ./parts/pdf/1.pdf, page 2>
Package pdftex.def Info: ./parts/pdf/1.pdf, page2 used on input line 162.
(pdftex.def)             Requested size: 597.25711pt x 845.19412pt.
File: ./parts/pdf/1.pdf Graphic file (type pdf)
 <use ./parts/pdf/1.pdf, page 2>
Package pdftex.def Info: ./parts/pdf/1.pdf, page2 used on input line 162.
(pdftex.def)             Requested size: 597.25711pt x 845.19412pt.
File: ./parts/pdf/1.pdf Graphic file (type pdf)

<use ./parts/pdf/1.pdf, page 2>
Package pdftex.def Info: ./parts/pdf/1.pdf, page2 used on input line 162.
(pdftex.def)             Requested size: 597.25711pt x 845.19412pt.
 [8 <./parts/pdf/1.pdf>]
<./parts/pdf/1.pdf, id=58, page=3, 597.23125pt x 845.1575pt>
File: ./parts/pdf/1.pdf Graphic file (type pdf)

<use ./parts/pdf/1.pdf, page 3>
Package pdftex.def Info: ./parts/pdf/1.pdf, page3 used on input line 162.
(pdftex.def)             Requested size: 597.25711pt x 845.19412pt.
File: ./parts/pdf/1.pdf Graphic file (type pdf)
 <use ./parts/pdf/1.pdf, page 3>
Package pdftex.def Info: ./parts/pdf/1.pdf, page3 used on input line 162.
(pdftex.def)             Requested size: 597.25711pt x 845.19412pt.
File: ./parts/pdf/1.pdf Graphic file (type pdf)

<use ./parts/pdf/1.pdf, page 3>
Package pdftex.def Info: ./parts/pdf/1.pdf, page3 used on input line 162.
(pdftex.def)             Requested size: 597.25711pt x 845.19412pt.
 [9 <./parts/pdf/1.pdf>]
<./parts/pdf/1.pdf, id=62, page=4, 597.23125pt x 845.1575pt>
File: ./parts/pdf/1.pdf Graphic file (type pdf)

<use ./parts/pdf/1.pdf, page 4>
Package pdftex.def Info: ./parts/pdf/1.pdf, page4 used on input line 162.
(pdftex.def)             Requested size: 597.25711pt x 845.19412pt.
File: ./parts/pdf/1.pdf Graphic file (type pdf)
 <use ./parts/pdf/1.pdf, page 4>
Package pdftex.def Info: ./parts/pdf/1.pdf, page4 used on input line 162.
(pdftex.def)             Requested size: 597.25711pt x 845.19412pt.
File: ./parts/pdf/1.pdf Graphic file (type pdf)

<use ./parts/pdf/1.pdf, page 4>
Package pdftex.def Info: ./parts/pdf/1.pdf, page4 used on input line 162.
(pdftex.def)             Requested size: 597.25711pt x 845.19412pt.
 [10 <./parts/pdf/1.pdf>]
<./parts/pdf/2.pdf, id=66, 597.23125pt x 845.1575pt>
File: ./parts/pdf/2.pdf Graphic file (type pdf)
 <use ./parts/pdf/2.pdf>
Package pdftex.def Info: ./parts/pdf/2.pdf used on input line 163.
(pdftex.def)             Requested size: 597.22978pt x 845.15544pt.
File: ./parts/pdf/2.pdf Graphic file (type pdf)

<use ./parts/pdf/2.pdf>
Package pdftex.def Info: ./parts/pdf/2.pdf used on input line 163.
(pdftex.def)             Requested size: 597.22978pt x 845.15544pt.

<./parts/pdf/2.pdf, id=69, page=1, 597.23125pt x 845.1575pt>
File: ./parts/pdf/2.pdf Graphic file (type pdf)

<use ./parts/pdf/2.pdf, page 1>
Package pdftex.def Info: ./parts/pdf/2.pdf, page1 used on input line 163.
(pdftex.def)             Requested size: 597.22978pt x 845.15544pt.
File: ./parts/pdf/2.pdf Graphic file (type pdf)
 <use ./parts/pdf/2.pdf, page 1>
Package pdftex.def Info: ./parts/pdf/2.pdf, page1 used on input line 163.
(pdftex.def)             Requested size: 597.25711pt x 845.19412pt.
File: ./parts/pdf/2.pdf Graphic file (type pdf)

<use ./parts/pdf/2.pdf, page 1>
Package pdftex.def Info: ./parts/pdf/2.pdf, page1 used on input line 163.
(pdftex.def)             Requested size: 597.25711pt x 845.19412pt.
File: ./parts/pdf/2.pdf Graphic file (type pdf)
 <use ./parts/pdf/2.pdf, page 1>
Package pdftex.def Info: ./parts/pdf/2.pdf, page1 used on input line 163.
(pdftex.def)             Requested size: 597.25711pt x 845.19412pt.
File: ./parts/pdf/2.pdf Graphic file (type pdf)

<use ./parts/pdf/2.pdf, page 1>
Package pdftex.def Info: ./parts/pdf/2.pdf, page1 used on input line 163.
(pdftex.def)             Requested size: 597.25711pt x 845.19412pt.
 [11 <./parts/pdf/2.pdf>]
<./parts/pdf/2.pdf, id=83, page=2, 597.23125pt x 845.1575pt>
File: ./parts/pdf/2.pdf Graphic file (type pdf)

<use ./parts/pdf/2.pdf, page 2>
Package pdftex.def Info: ./parts/pdf/2.pdf, page2 used on input line 163.
(pdftex.def)             Requested size: 597.25711pt x 845.19412pt.
File: ./parts/pdf/2.pdf Graphic file (type pdf)
 <use ./parts/pdf/2.pdf, page 2>
Package pdftex.def Info: ./parts/pdf/2.pdf, page2 used on input line 163.
(pdftex.def)             Requested size: 597.25711pt x 845.19412pt.
File: ./parts/pdf/2.pdf Graphic file (type pdf)

<use ./parts/pdf/2.pdf, page 2>
Package pdftex.def Info: ./parts/pdf/2.pdf, page2 used on input line 163.
(pdftex.def)             Requested size: 597.25711pt x 845.19412pt.
 [12 <./parts/pdf/2.pdf>]
<./parts/pdf/2.pdf, id=90, page=3, 597.23125pt x 845.1575pt>
File: ./parts/pdf/2.pdf Graphic file (type pdf)

<use ./parts/pdf/2.pdf, page 3>
Package pdftex.def Info: ./parts/pdf/2.pdf, page3 used on input line 163.
(pdftex.def)             Requested size: 597.25711pt x 845.19412pt.
File: ./parts/pdf/2.pdf Graphic file (type pdf)
 <use ./parts/pdf/2.pdf, page 3>
Package pdftex.def Info: ./parts/pdf/2.pdf, page3 used on input line 163.
(pdftex.def)             Requested size: 597.25711pt x 845.19412pt.
File: ./parts/pdf/2.pdf Graphic file (type pdf)

<use ./parts/pdf/2.pdf, page 3>
Package pdftex.def Info: ./parts/pdf/2.pdf, page3 used on input line 163.
(pdftex.def)             Requested size: 597.25711pt x 845.19412pt.
 [13 <./parts/pdf/2.pdf>]
<./parts/pdf/3.pdf, id=95, 597.23125pt x 845.1575pt>
File: ./parts/pdf/3.pdf Graphic file (type pdf)
 <use ./parts/pdf/3.pdf>
Package pdftex.def Info: ./parts/pdf/3.pdf used on input line 164.
(pdftex.def)             Requested size: 597.22978pt x 845.15544pt.
File: ./parts/pdf/3.pdf Graphic file (type pdf)

<use ./parts/pdf/3.pdf>
Package pdftex.def Info: ./parts/pdf/3.pdf used on input line 164.
(pdftex.def)             Requested size: 597.22978pt x 845.15544pt.

<./parts/pdf/3.pdf, id=98, page=1, 597.23125pt x 845.1575pt>
File: ./parts/pdf/3.pdf Graphic file (type pdf)

<use ./parts/pdf/3.pdf, page 1>
Package pdftex.def Info: ./parts/pdf/3.pdf, page1 used on input line 164.
(pdftex.def)             Requested size: 597.22978pt x 845.15544pt.
File: ./parts/pdf/3.pdf Graphic file (type pdf)
 <use ./parts/pdf/3.pdf, page 1>
Package pdftex.def Info: ./parts/pdf/3.pdf, page1 used on input line 164.
(pdftex.def)             Requested size: 597.25711pt x 845.19412pt.
File: ./parts/pdf/3.pdf Graphic file (type pdf)

<use ./parts/pdf/3.pdf, page 1>
Package pdftex.def Info: ./parts/pdf/3.pdf, page1 used on input line 164.
(pdftex.def)             Requested size: 597.25711pt x 845.19412pt.
File: ./parts/pdf/3.pdf Graphic file (type pdf)
 <use ./parts/pdf/3.pdf, page 1>
Package pdftex.def Info: ./parts/pdf/3.pdf, page1 used on input line 164.
(pdftex.def)             Requested size: 597.25711pt x 845.19412pt.
File: ./parts/pdf/3.pdf Graphic file (type pdf)

<use ./parts/pdf/3.pdf, page 1>
Package pdftex.def Info: ./parts/pdf/3.pdf, page1 used on input line 164.
(pdftex.def)             Requested size: 597.25711pt x 845.19412pt.
 [14 <./parts/pdf/3.pdf>]
<./parts/pdf/3.pdf, id=112, page=2, 597.23125pt x 845.1575pt>
File: ./parts/pdf/3.pdf Graphic file (type pdf)

<use ./parts/pdf/3.pdf, page 2>
Package pdftex.def Info: ./parts/pdf/3.pdf, page2 used on input line 164.
(pdftex.def)             Requested size: 597.25711pt x 845.19412pt.
File: ./parts/pdf/3.pdf Graphic file (type pdf)
 <use ./parts/pdf/3.pdf, page 2>
Package pdftex.def Info: ./parts/pdf/3.pdf, page2 used on input line 164.
(pdftex.def)             Requested size: 597.25711pt x 845.19412pt.
File: ./parts/pdf/3.pdf Graphic file (type pdf)

<use ./parts/pdf/3.pdf, page 2>
Package pdftex.def Info: ./parts/pdf/3.pdf, page2 used on input line 164.
(pdftex.def)             Requested size: 597.25711pt x 845.19412pt.
 [15 <./parts/pdf/3.pdf>]
<./parts/pdf/3.pdf, id=119, page=3, 597.23125pt x 845.1575pt>
File: ./parts/pdf/3.pdf Graphic file (type pdf)

<use ./parts/pdf/3.pdf, page 3>
Package pdftex.def Info: ./parts/pdf/3.pdf, page3 used on input line 164.
(pdftex.def)             Requested size: 597.25711pt x 845.19412pt.
File: ./parts/pdf/3.pdf Graphic file (type pdf)
 <use ./parts/pdf/3.pdf, page 3>
Package pdftex.def Info: ./parts/pdf/3.pdf, page3 used on input line 164.
(pdftex.def)             Requested size: 597.25711pt x 845.19412pt.
File: ./parts/pdf/3.pdf Graphic file (type pdf)

<use ./parts/pdf/3.pdf, page 3>
Package pdftex.def Info: ./parts/pdf/3.pdf, page3 used on input line 164.
(pdftex.def)             Requested size: 597.25711pt x 845.19412pt.
 [16 <./parts/pdf/3.pdf>]
<./parts/pdf/4.pdf, id=123, 597.50829pt x 845.0471pt>
File: ./parts/pdf/4.pdf Graphic file (type pdf)
 <use ./parts/pdf/4.pdf>
Package pdftex.def Info: ./parts/pdf/4.pdf used on input line 165.
(pdftex.def)             Requested size: 597.50682pt x 845.04504pt.
File: ./parts/pdf/4.pdf Graphic file (type pdf)

<use ./parts/pdf/4.pdf>
Package pdftex.def Info: ./parts/pdf/4.pdf used on input line 165.
(pdftex.def)             Requested size: 597.50682pt x 845.04504pt.

<./parts/pdf/4.pdf, id=126, page=1, 597.50829pt x 845.0471pt>
File: ./parts/pdf/4.pdf Graphic file (type pdf)

<use ./parts/pdf/4.pdf, page 1>
Package pdftex.def Info: ./parts/pdf/4.pdf, page1 used on input line 165.
(pdftex.def)             Requested size: 597.50682pt x 845.04504pt.
File: ./parts/pdf/4.pdf Graphic file (type pdf)
 <use ./parts/pdf/4.pdf, page 1>
Package pdftex.def Info: ./parts/pdf/4.pdf, page1 used on input line 165.
(pdftex.def)             Requested size: 597.53416pt x 845.08372pt.
File: ./parts/pdf/4.pdf Graphic file (type pdf)

<use ./parts/pdf/4.pdf, page 1>
Package pdftex.def Info: ./parts/pdf/4.pdf, page1 used on input line 165.
(pdftex.def)             Requested size: 597.53416pt x 845.08372pt.
File: ./parts/pdf/4.pdf Graphic file (type pdf)
 <use ./parts/pdf/4.pdf, page 1>
Package pdftex.def Info: ./parts/pdf/4.pdf, page1 used on input line 165.
(pdftex.def)             Requested size: 597.53416pt x 845.08372pt.
File: ./parts/pdf/4.pdf Graphic file (type pdf)

<use ./parts/pdf/4.pdf, page 1>
Package pdftex.def Info: ./parts/pdf/4.pdf, page1 used on input line 165.
(pdftex.def)             Requested size: 597.53416pt x 845.08372pt.
 [17 <./parts/pdf/4.pdf>]
<./parts/pdf/4.pdf, id=140, page=2, 597.50829pt x 845.0471pt>
File: ./parts/pdf/4.pdf Graphic file (type pdf)

<use ./parts/pdf/4.pdf, page 2>
Package pdftex.def Info: ./parts/pdf/4.pdf, page2 used on input line 165.
(pdftex.def)             Requested size: 597.53416pt x 845.08372pt.
File: ./parts/pdf/4.pdf Graphic file (type pdf)
 <use ./parts/pdf/4.pdf, page 2>
Package pdftex.def Info: ./parts/pdf/4.pdf, page2 used on input line 165.
(pdftex.def)             Requested size: 597.53416pt x 845.08372pt.
File: ./parts/pdf/4.pdf Graphic file (type pdf)

<use ./parts/pdf/4.pdf, page 2>
Package pdftex.def Info: ./parts/pdf/4.pdf, page2 used on input line 165.
(pdftex.def)             Requested size: 597.53416pt x 845.08372pt.
 [18 <./parts/pdf/4.pdf>]
<./parts/pdf/4.pdf, id=147, page=3, 597.50829pt x 845.0471pt>
File: ./parts/pdf/4.pdf Graphic file (type pdf)

<use ./parts/pdf/4.pdf, page 3>
Package pdftex.def Info: ./parts/pdf/4.pdf, page3 used on input line 165.
(pdftex.def)             Requested size: 597.53416pt x 845.08372pt.
File: ./parts/pdf/4.pdf Graphic file (type pdf)
 <use ./parts/pdf/4.pdf, page 3>
Package pdftex.def Info: ./parts/pdf/4.pdf, page3 used on input line 165.
(pdftex.def)             Requested size: 597.53416pt x 845.08372pt.
File: ./parts/pdf/4.pdf Graphic file (type pdf)

<use ./parts/pdf/4.pdf, page 3>
Package pdftex.def Info: ./parts/pdf/4.pdf, page3 used on input line 165.
(pdftex.def)             Requested size: 597.53416pt x 845.08372pt.
 [19 <./parts/pdf/4.pdf>]
<./parts/pdf/5.pdf, id=152, 597.23125pt x 845.1575pt>
File: ./parts/pdf/5.pdf Graphic file (type pdf)
 <use ./parts/pdf/5.pdf>
Package pdftex.def Info: ./parts/pdf/5.pdf used on input line 166.
(pdftex.def)             Requested size: 597.22978pt x 845.15544pt.
File: ./parts/pdf/5.pdf Graphic file (type pdf)

<use ./parts/pdf/5.pdf>
Package pdftex.def Info: ./parts/pdf/5.pdf used on input line 166.
(pdftex.def)             Requested size: 597.22978pt x 845.15544pt.

<./parts/pdf/5.pdf, id=155, page=1, 597.23125pt x 845.1575pt>
File: ./parts/pdf/5.pdf Graphic file (type pdf)

<use ./parts/pdf/5.pdf, page 1>
Package pdftex.def Info: ./parts/pdf/5.pdf, page1 used on input line 166.
(pdftex.def)             Requested size: 597.22978pt x 845.15544pt.
File: ./parts/pdf/5.pdf Graphic file (type pdf)
 <use ./parts/pdf/5.pdf, page 1>
Package pdftex.def Info: ./parts/pdf/5.pdf, page1 used on input line 166.
(pdftex.def)             Requested size: 597.25711pt x 845.19412pt.
File: ./parts/pdf/5.pdf Graphic file (type pdf)

<use ./parts/pdf/5.pdf, page 1>
Package pdftex.def Info: ./parts/pdf/5.pdf, page1 used on input line 166.
(pdftex.def)             Requested size: 597.25711pt x 845.19412pt.
File: ./parts/pdf/5.pdf Graphic file (type pdf)
 <use ./parts/pdf/5.pdf, page 1>
Package pdftex.def Info: ./parts/pdf/5.pdf, page1 used on input line 166.
(pdftex.def)             Requested size: 597.25711pt x 845.19412pt.
File: ./parts/pdf/5.pdf Graphic file (type pdf)

<use ./parts/pdf/5.pdf, page 1>
Package pdftex.def Info: ./parts/pdf/5.pdf, page1 used on input line 166.
(pdftex.def)             Requested size: 597.25711pt x 845.19412pt.
 [20 <./parts/pdf/5.pdf>]
<./parts/pdf/5.pdf, id=169, page=2, 597.23125pt x 845.1575pt>
File: ./parts/pdf/5.pdf Graphic file (type pdf)

<use ./parts/pdf/5.pdf, page 2>
Package pdftex.def Info: ./parts/pdf/5.pdf, page2 used on input line 166.
(pdftex.def)             Requested size: 597.25711pt x 845.19412pt.
File: ./parts/pdf/5.pdf Graphic file (type pdf)
 <use ./parts/pdf/5.pdf, page 2>
Package pdftex.def Info: ./parts/pdf/5.pdf, page2 used on input line 166.
(pdftex.def)             Requested size: 597.25711pt x 845.19412pt.
File: ./parts/pdf/5.pdf Graphic file (type pdf)

<use ./parts/pdf/5.pdf, page 2>
Package pdftex.def Info: ./parts/pdf/5.pdf, page2 used on input line 166.
(pdftex.def)             Requested size: 597.25711pt x 845.19412pt.
 [21 <./parts/pdf/5.pdf>]
<./parts/pdf/5.pdf, id=176, page=3, 597.23125pt x 845.1575pt>
File: ./parts/pdf/5.pdf Graphic file (type pdf)

<use ./parts/pdf/5.pdf, page 3>
Package pdftex.def Info: ./parts/pdf/5.pdf, page3 used on input line 166.
(pdftex.def)             Requested size: 597.25711pt x 845.19412pt.
File: ./parts/pdf/5.pdf Graphic file (type pdf)
 <use ./parts/pdf/5.pdf, page 3>
Package pdftex.def Info: ./parts/pdf/5.pdf, page3 used on input line 166.
(pdftex.def)             Requested size: 597.25711pt x 845.19412pt.
File: ./parts/pdf/5.pdf Graphic file (type pdf)

<use ./parts/pdf/5.pdf, page 3>
Package pdftex.def Info: ./parts/pdf/5.pdf, page3 used on input line 166.
(pdftex.def)             Requested size: 597.25711pt x 845.19412pt.
 [22 <./parts/pdf/5.pdf>]
<./parts/pdf/6.pdf, id=180, 597.50829pt x 845.0471pt>
File: ./parts/pdf/6.pdf Graphic file (type pdf)
 <use ./parts/pdf/6.pdf>
Package pdftex.def Info: ./parts/pdf/6.pdf used on input line 167.
(pdftex.def)             Requested size: 597.50682pt x 845.04504pt.
File: ./parts/pdf/6.pdf Graphic file (type pdf)

<use ./parts/pdf/6.pdf>
Package pdftex.def Info: ./parts/pdf/6.pdf used on input line 167.
(pdftex.def)             Requested size: 597.50682pt x 845.04504pt.

<./parts/pdf/6.pdf, id=183, page=1, 597.50829pt x 845.0471pt>
File: ./parts/pdf/6.pdf Graphic file (type pdf)

<use ./parts/pdf/6.pdf, page 1>
Package pdftex.def Info: ./parts/pdf/6.pdf, page1 used on input line 167.
(pdftex.def)             Requested size: 597.50682pt x 845.04504pt.
File: ./parts/pdf/6.pdf Graphic file (type pdf)
 <use ./parts/pdf/6.pdf, page 1>
Package pdftex.def Info: ./parts/pdf/6.pdf, page1 used on input line 167.
(pdftex.def)             Requested size: 597.53416pt x 845.08372pt.
File: ./parts/pdf/6.pdf Graphic file (type pdf)

<use ./parts/pdf/6.pdf, page 1>
Package pdftex.def Info: ./parts/pdf/6.pdf, page1 used on input line 167.
(pdftex.def)             Requested size: 597.53416pt x 845.08372pt.
File: ./parts/pdf/6.pdf Graphic file (type pdf)
 <use ./parts/pdf/6.pdf, page 1>
Package pdftex.def Info: ./parts/pdf/6.pdf, page1 used on input line 167.
(pdftex.def)             Requested size: 597.53416pt x 845.08372pt.
File: ./parts/pdf/6.pdf Graphic file (type pdf)

<use ./parts/pdf/6.pdf, page 1>
Package pdftex.def Info: ./parts/pdf/6.pdf, page1 used on input line 167.
(pdftex.def)             Requested size: 597.53416pt x 845.08372pt.
 [23 <./parts/pdf/6.pdf>]
<./parts/pdf/6.pdf, id=197, page=2, 597.50829pt x 845.0471pt>
File: ./parts/pdf/6.pdf Graphic file (type pdf)

<use ./parts/pdf/6.pdf, page 2>
Package pdftex.def Info: ./parts/pdf/6.pdf, page2 used on input line 167.
(pdftex.def)             Requested size: 597.53416pt x 845.08372pt.
File: ./parts/pdf/6.pdf Graphic file (type pdf)
 <use ./parts/pdf/6.pdf, page 2>
Package pdftex.def Info: ./parts/pdf/6.pdf, page2 used on input line 167.
(pdftex.def)             Requested size: 597.53416pt x 845.08372pt.
File: ./parts/pdf/6.pdf Graphic file (type pdf)

<use ./parts/pdf/6.pdf, page 2>
Package pdftex.def Info: ./parts/pdf/6.pdf, page2 used on input line 167.
(pdftex.def)             Requested size: 597.53416pt x 845.08372pt.
 [24 <./parts/pdf/6.pdf>]
<./parts/pdf/6.pdf, id=204, page=3, 597.50829pt x 845.0471pt>
File: ./parts/pdf/6.pdf Graphic file (type pdf)

<use ./parts/pdf/6.pdf, page 3>
Package pdftex.def Info: ./parts/pdf/6.pdf, page3 used on input line 167.
(pdftex.def)             Requested size: 597.53416pt x 845.08372pt.
File: ./parts/pdf/6.pdf Graphic file (type pdf)
 <use ./parts/pdf/6.pdf, page 3>
Package pdftex.def Info: ./parts/pdf/6.pdf, page3 used on input line 167.
(pdftex.def)             Requested size: 597.53416pt x 845.08372pt.
File: ./parts/pdf/6.pdf Graphic file (type pdf)

<use ./parts/pdf/6.pdf, page 3>
Package pdftex.def Info: ./parts/pdf/6.pdf, page3 used on input line 167.
(pdftex.def)             Requested size: 597.53416pt x 845.08372pt.
 [25 <./parts/pdf/6.pdf>]
<./parts/pdf/6.pdf, id=209, page=4, 597.50829pt x 845.0471pt>
File: ./parts/pdf/6.pdf Graphic file (type pdf)

<use ./parts/pdf/6.pdf, page 4>
Package pdftex.def Info: ./parts/pdf/6.pdf, page4 used on input line 167.
(pdftex.def)             Requested size: 597.53416pt x 845.08372pt.
File: ./parts/pdf/6.pdf Graphic file (type pdf)
 <use ./parts/pdf/6.pdf, page 4>
Package pdftex.def Info: ./parts/pdf/6.pdf, page4 used on input line 167.
(pdftex.def)             Requested size: 597.53416pt x 845.08372pt.
File: ./parts/pdf/6.pdf Graphic file (type pdf)

<use ./parts/pdf/6.pdf, page 4>
Package pdftex.def Info: ./parts/pdf/6.pdf, page4 used on input line 167.
(pdftex.def)             Requested size: 597.53416pt x 845.08372pt.
 [26 <./parts/pdf/6.pdf>]
<./parts/pdf/7.pdf, id=213, 597.23125pt x 845.1575pt>
File: ./parts/pdf/7.pdf Graphic file (type pdf)
 <use ./parts/pdf/7.pdf>
Package pdftex.def Info: ./parts/pdf/7.pdf used on input line 168.
(pdftex.def)             Requested size: 597.22978pt x 845.15544pt.
File: ./parts/pdf/7.pdf Graphic file (type pdf)

<use ./parts/pdf/7.pdf>
Package pdftex.def Info: ./parts/pdf/7.pdf used on input line 168.
(pdftex.def)             Requested size: 597.22978pt x 845.15544pt.

<./parts/pdf/7.pdf, id=216, page=1, 597.23125pt x 845.1575pt>
File: ./parts/pdf/7.pdf Graphic file (type pdf)

<use ./parts/pdf/7.pdf, page 1>
Package pdftex.def Info: ./parts/pdf/7.pdf, page1 used on input line 168.
(pdftex.def)             Requested size: 597.22978pt x 845.15544pt.
File: ./parts/pdf/7.pdf Graphic file (type pdf)
 <use ./parts/pdf/7.pdf, page 1>
Package pdftex.def Info: ./parts/pdf/7.pdf, page1 used on input line 168.
(pdftex.def)             Requested size: 597.25711pt x 845.19412pt.
File: ./parts/pdf/7.pdf Graphic file (type pdf)

<use ./parts/pdf/7.pdf, page 1>
Package pdftex.def Info: ./parts/pdf/7.pdf, page1 used on input line 168.
(pdftex.def)             Requested size: 597.25711pt x 845.19412pt.
File: ./parts/pdf/7.pdf Graphic file (type pdf)
 <use ./parts/pdf/7.pdf, page 1>
Package pdftex.def Info: ./parts/pdf/7.pdf, page1 used on input line 168.
(pdftex.def)             Requested size: 597.25711pt x 845.19412pt.
File: ./parts/pdf/7.pdf Graphic file (type pdf)

<use ./parts/pdf/7.pdf, page 1>
Package pdftex.def Info: ./parts/pdf/7.pdf, page1 used on input line 168.
(pdftex.def)             Requested size: 597.25711pt x 845.19412pt.
 [27 <./parts/pdf/7.pdf>]
<./parts/pdf/7.pdf, id=230, page=2, 597.23125pt x 845.1575pt>
File: ./parts/pdf/7.pdf Graphic file (type pdf)

<use ./parts/pdf/7.pdf, page 2>
Package pdftex.def Info: ./parts/pdf/7.pdf, page2 used on input line 168.
(pdftex.def)             Requested size: 597.25711pt x 845.19412pt.
File: ./parts/pdf/7.pdf Graphic file (type pdf)
 <use ./parts/pdf/7.pdf, page 2>
Package pdftex.def Info: ./parts/pdf/7.pdf, page2 used on input line 168.
(pdftex.def)             Requested size: 597.25711pt x 845.19412pt.
File: ./parts/pdf/7.pdf Graphic file (type pdf)

<use ./parts/pdf/7.pdf, page 2>
Package pdftex.def Info: ./parts/pdf/7.pdf, page2 used on input line 168.
(pdftex.def)             Requested size: 597.25711pt x 845.19412pt.
 [28 <./parts/pdf/7.pdf>]
<./parts/pdf/7.pdf, id=237, page=3, 597.23125pt x 845.1575pt>
File: ./parts/pdf/7.pdf Graphic file (type pdf)

<use ./parts/pdf/7.pdf, page 3>
Package pdftex.def Info: ./parts/pdf/7.pdf, page3 used on input line 168.
(pdftex.def)             Requested size: 597.25711pt x 845.19412pt.
File: ./parts/pdf/7.pdf Graphic file (type pdf)
 <use ./parts/pdf/7.pdf, page 3>
Package pdftex.def Info: ./parts/pdf/7.pdf, page3 used on input line 168.
(pdftex.def)             Requested size: 597.25711pt x 845.19412pt.
File: ./parts/pdf/7.pdf Graphic file (type pdf)

<use ./parts/pdf/7.pdf, page 3>
Package pdftex.def Info: ./parts/pdf/7.pdf, page3 used on input line 168.
(pdftex.def)             Requested size: 597.25711pt x 845.19412pt.
 [29 <./parts/pdf/7.pdf>] [30]

AED: lastpage setting LastPage
(simple.aux) ) 
Here is how much of TeX's memory you used:
 5573 strings out of 493334
 89970 string characters out of 3139252
 244457 words of memory out of 3000000
 9007 multiletter control sequences out of 15000+200000
 9930 words of font info for 34 fonts, out of 3000000 for 9000
 1141 hyphenation exceptions out of 8191
 49i,18n,51p,8866b,434s stack positions out of 5000i,500n,10000p,200000b,50000s
<C:/Program Files/MiKTeX 2.9/fonts/type1/public/amsfonts/cm/cmbx1
2.pfb><C:/Program Files/MiKTeX 2.9/fonts/type1/public/amsfonts/cm/cmbxti10.pfb>
<C:/Program Files/MiKTeX 2.9/fonts/type1/public/amsfonts/cm/cmr12.pfb><C:/Progr
am Files/MiKTeX 2.9/fonts/type1/public/amsfonts/cm/cmr17.pfb><C:/Program Files/
MiKTeX 2.9/fonts/type1/public/amsfonts/cm/cmsy10.pfb><C:/Program Files/MiKTeX 2
.9/fonts/type1/public/amsfonts/cm/cmti12.pfb>
Output written on simple.pdf (30 pages, 164726 bytes).
PDF statistics:
 259 PDF objects out of 1000 (max. 8388607)
 0 named destinations out of 1000 (max. 500000)
 221 words of extra memory for PDF output out of 10000 (max. 10000000)

