\BOOKMARK [0][-]{section*.1}{List of Tables}{}% 1
\BOOKMARK [0][-]{section*.2}{List of Figures}{}% 2
\BOOKMARK [0][-]{chapter.1}{Orbit Geometry}{}% 3
\BOOKMARK [1][-]{section.1.1}{Keplerian Geometry}{chapter.1}% 4
\BOOKMARK [1][-]{section.1.2}{Dynamic equations}{chapter.1}% 5
\BOOKMARK [0][-]{chapter.2}{Orbital Coverage}{}% 6
\BOOKMARK [1][-]{section.2.1}{Satellite Footprint}{chapter.2}% 7
\BOOKMARK [2][-]{subsection.2.1.1}{Introduction}{section.2.1}% 8
\BOOKMARK [2][-]{subsection.2.1.2}{Footprint Computation}{section.2.1}% 9
\BOOKMARK [1][-]{section.2.2}{Elevation Angle}{chapter.2}% 10
\BOOKMARK [2][-]{subsection.2.2.1}{Elevation angle cone}{section.2.2}% 11
\BOOKMARK [2][-]{subsection.2.2.2}{Atmospheric restrictive conditions}{section.2.2}% 12
\BOOKMARK [2][-]{subsection.2.2.3}{Elevation angle of other current constellations}{section.2.2}% 13
\BOOKMARK [1][-]{section.2.3}{Minimum Plane Inclination}{chapter.2}% 14
\BOOKMARK [1][-]{section.2.4}{Satellite to Satellite Visibility}{chapter.2}% 15
\BOOKMARK [0][-]{chapter.3}{Constellation Configuration}{}% 16
\BOOKMARK [1][-]{section.3.1}{EXAMPLE: The Global Positioning System Example}{chapter.3}% 17
\BOOKMARK [1][-]{section.3.2}{EXAMPLE: The Iridium Constellation}{chapter.3}% 18
\BOOKMARK [1][-]{section.3.3}{The Streets of Coverage Method}{chapter.3}% 19
\BOOKMARK [2][-]{subsection.3.3.1}{Results of Streets of Coverage}{section.3.3}% 20
\BOOKMARK [1][-]{section.3.4}{Walker-Delta Constellation}{chapter.3}% 21
\BOOKMARK [2][-]{subsection.3.4.1}{Full Walker-Delta Constellation}{section.3.4}% 22
\BOOKMARK [3][-]{subsubsection.3.4.1.1}{Notation}{subsection.3.4.1}% 23
\BOOKMARK [3][-]{subsubsection.3.4.1.2}{Coverage}{subsection.3.4.1}% 24
\BOOKMARK [2][-]{subsection.3.4.2}{Semi Walker-Delta Constellation}{section.3.4}% 25
\BOOKMARK [3][-]{subsubsection.3.4.2.1}{Advantages}{subsection.3.4.2}% 26
\BOOKMARK [3][-]{subsubsection.3.4.2.2}{Disadvantages}{subsection.3.4.2}% 27
\BOOKMARK [3][-]{subsubsection.3.4.2.3}{SWDC including an additional polar orbit.}{subsection.3.4.2}% 28
\BOOKMARK [1][-]{section.3.5}{Testing Method}{chapter.3}% 29
\BOOKMARK [2][-]{subsubsection.3.5.0.1}{Global Coverage Conditions}{section.3.5}% 30
\BOOKMARK [3][-]{subsubsection.3.5.0.2}{Procedure of Testing Method}{subsubsection.3.5.0.1}% 31
\BOOKMARK [0][-]{chapter.4}{Orbit Perturbations}{}% 32
\BOOKMARK [1][-]{section.4.1}{Sources of Perturbation}{chapter.4}% 33
\BOOKMARK [2][-]{subsection.4.1.1}{Introduction to Orbit Perturbations Vallado2007}{section.4.1}% 34
\BOOKMARK [2][-]{subsection.4.1.2}{Gravity Potential of Earth}{section.4.1}% 35
\BOOKMARK [2][-]{subsection.4.1.3}{Atmospheric Drag}{section.4.1}% 36
\BOOKMARK [2][-]{subsection.4.1.4}{3rd Body Perturbations}{section.4.1}% 37
\BOOKMARK [2][-]{subsection.4.1.5}{Other Perturbations}{section.4.1}% 38
\BOOKMARK [1][-]{section.4.2}{Significant Perturbations}{chapter.4}% 39
\BOOKMARK [1][-]{section.4.3}{Orbit Decay}{chapter.4}% 40
\BOOKMARK [2][-]{subsection.4.3.1}{Effects on the Ascention Node}{section.4.3}% 41
\BOOKMARK [3][-]{subsubsection.4.3.1.1}{Introduction}{subsection.4.3.1}% 42
\BOOKMARK [3][-]{subsubsection.4.3.1.2}{Perigee Effect}{subsection.4.3.1}% 43
\BOOKMARK [3][-]{subsubsection.4.3.1.3}{Ascention Node}{subsection.4.3.1}% 44
\BOOKMARK [3][-]{subsubsection.4.3.1.4}{Conclusion}{subsection.4.3.1}% 45
\BOOKMARK [2][-]{subsection.4.3.2}{Effects of the Solar Cicle}{section.4.3}% 46
\BOOKMARK [2][-]{subsection.4.3.3}{Orbital Decay Propagation Results}{section.4.3}% 47
\BOOKMARK [3][-]{subsubsection.4.3.3.1}{Introduction}{subsection.4.3.3}% 48
\BOOKMARK [3][-]{subsubsection.4.3.3.2}{Drag Computation Algorithm}{subsection.4.3.3}% 49
\BOOKMARK [2][-]{subsection.4.3.4}{Dynamic Orbit Decay Computation}{section.4.3}% 50
\BOOKMARK [3][-]{subsubsection.4.3.4.1}{Introduction}{subsection.4.3.4}% 51
\BOOKMARK [3][-]{subsubsection.4.3.4.2}{Results}{subsection.4.3.4}% 52
\BOOKMARK [1][-]{section.4.4}{Orbital Station-Keeping}{chapter.4}% 53
\BOOKMARK [2][-]{subsection.4.4.1}{Raising the orbit height to increase Lifetime}{section.4.4}% 54
\BOOKMARK [2][-]{subsection.4.4.2}{Using Thrusters to increase Lifetime}{section.4.4}% 55
\BOOKMARK [3][-]{subsubsection.4.4.2.1}{Energy equation}{subsection.4.4.2}% 56
\BOOKMARK [3][-]{subsubsection.4.4.2.2}{Delta-V}{subsection.4.4.2}% 57
\BOOKMARK [3][-]{subsubsection.4.4.2.3}{Time}{subsection.4.4.2}% 58
\BOOKMARK [3][-]{subsubsection.4.4.2.4}{Propellant}{subsection.4.4.2}% 59
\BOOKMARK [0][-]{chapter.5}{Constellation Design Decision}{}% 60
\BOOKMARK [1][-]{section.5.1}{Considered Designs}{chapter.5}% 61
\BOOKMARK [2][-]{subsection.5.1.1}{Introduction}{section.5.1}% 62
\BOOKMARK [2][-]{subsection.5.1.2}{Candidate 1: Polar - Global Coverage}{section.5.1}% 63
\BOOKMARK [2][-]{subsection.5.1.3}{Candidate 2: Polar - GS Coverage}{section.5.1}% 64
\BOOKMARK [2][-]{subsection.5.1.4}{Candidate 3 and 4: Walker-Delta GS Coverage}{section.5.1}% 65
\BOOKMARK [2][-]{subsection.5.1.5}{Candidate 5: Walker-Delta Lat: 0-58}{section.5.1}% 66
\BOOKMARK [2][-]{subsection.5.1.6}{Candidate 6: Polar - Walker-Delta J2 + Rotaci\363}{section.5.1}% 67
\BOOKMARK [2][-]{subsection.5.1.7}{Candidate 7: Walker-Delta GS Coverage 3}{section.5.1}% 68
\BOOKMARK [1][-]{section.5.2}{Constellation Performance Analysis}{chapter.5}% 69
\BOOKMARK [2][-]{subsection.5.2.1}{Performance Evaluation}{section.5.2}% 70
\BOOKMARK [1][-]{section.5.3}{Ordered Weighting Average based Decision}{chapter.5}% 71
\BOOKMARK [0][-]{chapter.6}{Bibliography}{}% 72
